{"numTotalTestSuites":2,"numPassedTestSuites":2,"numFailedTestSuites":0,"numPendingTestSuites":0,"numTotalTests":1003,"numPassedTests":1003,"numFailedTests":0,"numPendingTests":0,"numTodoTests":0,"snapshot":{"added":0,"failure":false,"filesAdded":0,"filesRemoved":0,"filesRemovedList":[],"filesUnmatched":0,"filesUpdated":0,"matched":0,"total":0,"unchecked":0,"uncheckedKeysByFile":[],"unmatched":0,"updated":0,"didUpdate":false},"startTime":1788923215617,"success":true,"testResults":[{"assertionResults":[{"ancestorTitles":["BE-CR005-COMPAT pinned 992-case backend corpus"],"fullName":"BE-CR005-COMPAT pinned 992-case backend corpus 'old-mapping/EXEMPTION/legal'","status":"passed","title":"'old-mapping/EXEMPTION/legal'","duration":4.210792000000026,"failureMessages":[],"meta":{},"tags":[]},{"ancestorTitles":["BE-CR005-COMPAT pinned 992-case backend corpus"],"fullName":"BE-CR005-COMPAT pinned 992-case backend corpus 'old-mapping/EXEMPTION/unknown'","status":"passed","title":"'old-mapping/EXEMPTION/unknown'","duration":0.40620799999999235,"failureMessages":[],"meta":{},"tags":[]},{"ancestorTitles":["BE-CR005-COMPAT pinned 992-case backend corpus"],"fullName":"BE-CR005-COMPAT pinned 992-case backend corpus 'old-mapping/EXEMPTION/schema_name'","status":"passed","title":"'old-mapping/EXEMPTION/schema_name'","duration":0.155791000000022,"failureMessages":[],"meta":{},"tags":[]},{"ancestorTitles":["BE-CR005-COMPAT pinned 992-case backend corpus"],"fullName":"BE-CR005-COMPAT pinned 992-case backend corpus 'old-mapping/EXEMPTION/null'","status":"passed","title":"'old-mapping/EXEMPTION/null'","duration":0.11991699999998673,"failureMessages":[],"meta":{},"tags":[]},{"ancestorTitles":["BE-CR005-COMPAT pinned 992-case backend corpus"],"fullName":"BE-CR005-COMPAT pinned 992-case backend corpus 'old-mapping/EXEMPTION/numeric'","status":"passed","title":"'old-mapping/EXEMPTION/numeric'","duration":0.1153749999999718,"failureMessages":[],"meta":{},"tags":[]},{"ancestorTitles":["BE-CR005-COMPAT pinned 992-case backend corpus"],"fullName":"BE-CR005-COMPAT pinned 992-case backend corpus 'old-mapping/EXEMPTION/missing'","status":"passed","title":"'old-mapping/EXEMPTION/missing'","duration":0.11733299999997371,"failureMessages":[],"meta":{},"tags":[]},{"ancestorTitles":["BE-CR005-COMPAT pinned 992-case backend corpus"],"fullName":"BE-CR005-COMPAT pinned 992-case backend corpus 'old-mapping/EXEMPTION/extra_field'","status":"passed","title":"'old-mapping/EXEMPTION/extra_field'","duration":0.13166599999999562,"failureMessages":[],"meta":{},"tags":[]},{"ancestorTitles":["BE-CR005-COMPAT pinned 992-case backend corpus"],"fullName":"BE-CR005-COMPAT pinned 992-case backend corpus 'old-mapping/EXEMPTION/wrong_branch_sh…'","status":"passed","title":"'old-mapping/EXEMPTION/wrong_branch_sh…'","duration":0.10483399999998255,"failureMessages":[],"meta":{},"tags":[]},{"ancestorTitles":["BE-CR005-COMPAT pinned 992-case backend corpus"],"fullName":"BE-CR005-COMPAT pinned 992-case backend corpus 'old-mapping/CERTIFICATION/legal'","status":"passed","title":"'old-mapping/CERTIFICATION/legal'","duration":0.2969580000000178,"failureMessages":[],"meta":{},"tags":[]},{"ancestorTitles":["BE-CR005-COMPAT pinned 992-case backend corpus"],"fullName":"BE-CR005-COMPAT pinned 992-case backend corpus 'old-mapping/CERTIFICATION/unknown'","status":"passed","title":"'old-mapping/CERTIFICATION/unknown'","duration":0.11079200000000355,"failureMessages":[],"meta":{},"tags":[]},{"ancestorTitles":["BE-CR005-COMPAT pinned 992-case backend corpus"],"fullName":"BE-CR005-COMPAT pinned 992-case backend corpus 'old-mapping/CERTIFICATION/schema_name'","status":"passed","title":"'old-mapping/CERTIFICATION/schema_name'","duration":0.08637500000003229,"failureMessages":[],"meta":{},"tags":[]},{"ancestorTitles":["BE-CR005-COMPAT pinned 992-case backend corpus"],"fullName":"BE-CR005-COMPAT pinned 992-case backend corpus 'old-mapping/CERTIFICATION/null'","status":"passed","title":"'old-mapping/CERTIFICATION/null'","duration":0.07787500000000591,"failureMessages":[],"meta":{},"tags":[]},{"ancestorTitles":["BE-CR005-COMPAT pinned 992-case backend corpus"],"fullName":"BE-CR005-COMPAT pinned 992-case backend corpus 'old-mapping/CERTIFICATION/numeric'","status":"passed","title":"'old-mapping/CERTIFICATION/numeric'","duration":0.07233300000001464,"failureMessages":[],"meta":{},"tags":[]},{"ancestorTitles":["BE-CR005-COMPAT pinned 992-case backend corpus"],"fullName":"BE-CR005-COMPAT pinned 992-case backend corpus 'old-mapping/CERTIFICATION/missing'","status":"passed","title":"'old-mapping/CERTIFICATION/missing'","duration":0.07433399999996482,"failureMessages":[],"meta":{},"tags":[]},{"ancestorTitles":["BE-CR005-COMPAT pinned 992-case backend corpus"],"fullName":"BE-CR005-COMPAT pinned 992-case backend corpus 'old-mapping/CERTIFICATION/extra_field'","status":"passed","title":"'old-mapping/CERTIFICATION/extra_field'","duration":0.061958000000004176,"failureMessages":[],"meta":{},"tags":[]},{"ancestorTitles":["BE-CR005-COMPAT pinned 992-case backend corpus"],"fullName":"BE-CR005-COMPAT pinned 992-case backend corpus 'old-mapping/CERTIFICATION/wrong_branc…'","status":"passed","title":"'old-mapping/CERTIFICATION/wrong_branc…'","duration":0.07179200000001629,"failureMessages":[],"meta":{},"tags":[]},{"ancestorTitles":["BE-CR005-COMPAT pinned 992-case backend corpus"],"fullName":"BE-CR005-COMPAT pinned 992-case backend corpus 'old-mapping/ADD/legal'","status":"passed","title":"'old-mapping/ADD/legal'","duration":2.936374999999998,"failureMessages":[],"meta":{},"tags":[]},{"ancestorTitles":["BE-CR005-COMPAT pinned 992-case backend corpus"],"fullName":"BE-CR005-COMPAT pinned 992-case backend corpus 'old-mapping/ADD/unknown'","status":"passed","title":"'old-mapping/ADD/unknown'","duration":0.10654200000004721,"failureMessages":[],"meta":{},"tags":[]},{"ancestorTitles":["BE-CR005-COMPAT pinned 992-case backend corpus"],"fullName":"BE-CR005-COMPAT pinned 992-case backend corpus 'old-mapping/ADD/schema_name'","status":"passed","title":"'old-mapping/ADD/schema_name'","duration":0.08483300000000327,"failureMessages":[],"meta":{},"tags":[]},{"ancestorTitles":["BE-CR005-COMPAT pinned 992-case backend corpus"],"fullName":"BE-CR005-COMPAT pinned 992-case backend corpus 'old-mapping/ADD/null'","status":"passed","title":"'old-mapping/ADD/null'","duration":0.10133299999995415,"failureMessages":[],"meta":{},"tags":[]},{"ancestorTitles":["BE-CR005-COMPAT pinned 992-case backend corpus"],"fullName":"BE-CR005-COMPAT pinned 992-case backend corpus 'old-mapping/ADD/numeric'","status":"passed","title":"'old-mapping/ADD/numeric'","duration":0.06262499999996862,"failureMessages":[],"meta":{},"tags":[]},{"ancestorTitles":["BE-CR005-COMPAT pinned 992-case backend corpus"],"fullName":"BE-CR005-COMPAT pinned 992-case backend corpus 'old-mapping/ADD/missing'","status":"passed","title":"'old-mapping/ADD/missing'","duration":0.06991699999997536,"failureMessages":[],"meta":{},"tags":[]},{"ancestorTitles":["BE-CR005-COMPAT pinned 992-case backend corpus"],"fullName":"BE-CR005-COMPAT pinned 992-case backend corpus 'old-mapping/ADD/extra_field'","status":"passed","title":"'old-mapping/ADD/extra_field'","duration":0.06408299999998235,"failureMessages":[],"meta":{},"tags":[]},{"ancestorTitles":["BE-CR005-COMPAT pinned 992-case backend corpus"],"fullName":"BE-CR005-COMPAT pinned 992-case backend corpus 'old-mapping/ADD/wrong_branch_shape'","status":"passed","title":"'old-mapping/ADD/wrong_branch_shape'","duration":0.053875000000005,"failureMessages":[],"meta":{},"tags":[]},{"ancestorTitles":["BE-CR005-COMPAT pinned 992-case backend corpus"],"fullName":"BE-CR005-COMPAT pinned 992-case backend corpus 'old-mapping/UPDATE/legal'","status":"passed","title":"'old-mapping/UPDATE/legal'","duration":0.12987500000002683,"failureMessages":[],"meta":{},"tags":[]},{"ancestorTitles":["BE-CR005-COMPAT pinned 992-case backend corpus"],"fullName":"BE-CR005-COMPAT pinned 992-case backend corpus 'old-mapping/UPDATE/unknown'","status":"passed","title":"'old-mapping/UPDATE/unknown'","duration":0.07462500000002592,"failureMessages":[],"meta":{},"tags":[]},{"ancestorTitles":["BE-CR005-COMPAT pinned 992-case backend corpus"],"fullName":"BE-CR005-COMPAT pinned 992-case backend corpus 'old-mapping/UPDATE/schema_name'","status":"passed","title":"'old-mapping/UPDATE/schema_name'","duration":0.06254200000000765,"failureMessages":[],"meta":{},"tags":[]},{"ancestorTitles":["BE-CR005-COMPAT pinned 992-case backend corpus"],"fullName":"BE-CR005-COMPAT pinned 992-case backend corpus 'old-mapping/UPDATE/null'","status":"passed","title":"'old-mapping/UPDATE/null'","duration":0.07133300000003828,"failureMessages":[],"meta":{},"tags":[]},{"ancestorTitles":["BE-CR005-COMPAT pinned 992-case backend corpus"],"fullName":"BE-CR005-COMPAT pinned 992-case backend corpus 'old-mapping/UPDATE/numeric'","status":"passed","title":"'old-mapping/UPDATE/numeric'","duration":0.07058399999999665,"failureMessages":[],"meta":{},"tags":[]},{"ancestorTitles":["BE-CR005-COMPAT pinned 992-case backend corpus"],"fullName":"BE-CR005-COMPAT pinned 992-case backend corpus 'old-mapping/UPDATE/missing'","status":"passed","title":"'old-mapping/UPDATE/missing'","duration":0.07579200000003539,"failureMessages":[],"meta":{},"tags":[]},{"ancestorTitles":["BE-CR005-COMPAT pinned 992-case backend corpus"],"fullName":"BE-CR005-COMPAT pinned 992-case backend corpus 'old-mapping/UPDATE/extra_field'","status":"passed","title":"'old-mapping/UPDATE/extra_field'","duration":0.07429200000001401,"failureMessages":[],"meta":{},"tags":[]},{"ancestorTitles":["BE-CR005-COMPAT pinned 992-case backend corpus"],"fullName":"BE-CR005-COMPAT pinned 992-case backend corpus 'old-mapping/UPDATE/wrong_branch_shape'","status":"passed","title":"'old-mapping/UPDATE/wrong_branch_shape'","duration":0.07120800000001282,"failureMessages":[],"meta":{},"tags":[]},{"ancestorTitles":["BE-CR005-COMPAT pinned 992-case backend corpus"],"fullName":"BE-CR005-COMPAT pinned 992-case backend corpus 'old-mapping/DELETE/legal'","status":"passed","title":"'old-mapping/DELETE/legal'","duration":0.08029199999998582,"failureMessages":[],"meta":{},"tags":[]},{"ancestorTitles":["BE-CR005-COMPAT pinned 992-case backend corpus"],"fullName":"BE-CR005-COMPAT pinned 992-case backend corpus 'old-mapping/DELETE/unknown'","status":"passed","title":"'old-mapping/DELETE/unknown'","duration":0.04741599999999835,"failureMessages":[],"meta":{},"tags":[]},{"ancestorTitles":["BE-CR005-COMPAT pinned 992-case backend corpus"],"fullName":"BE-CR005-COMPAT pinned 992-case backend corpus 'old-mapping/DELETE/schema_name'","status":"passed","title":"'old-mapping/DELETE/schema_name'","duration":0.045541000000014265,"failureMessages":[],"meta":{},"tags":[]},{"ancestorTitles":["BE-CR005-COMPAT pinned 992-case backend corpus"],"fullName":"BE-CR005-COMPAT pinned 992-case backend corpus 'old-mapping/DELETE/null'","status":"passed","title":"'old-mapping/DELETE/null'","duration":0.050333000000023276,"failureMessages":[],"meta":{},"tags":[]},{"ancestorTitles":["BE-CR005-COMPAT pinned 992-case backend corpus"],"fullName":"BE-CR005-COMPAT pinned 992-case backend corpus 'old-mapping/DELETE/numeric'","status":"passed","title":"'old-mapping/DELETE/numeric'","duration":0.04841700000002902,"failureMessages":[],"meta":{},"tags":[]},{"ancestorTitles":["BE-CR005-COMPAT pinned 992-case backend corpus"],"fullName":"BE-CR005-COMPAT pinned 992-case backend corpus 'old-mapping/DELETE/missing'","status":"passed","title":"'old-mapping/DELETE/missing'","duration":0.04929199999997991,"failureMessages":[],"meta":{},"tags":[]},{"ancestorTitles":["BE-CR005-COMPAT pinned 992-case backend corpus"],"fullName":"BE-CR005-COMPAT pinned 992-case backend corpus 'old-mapping/DELETE/extra_field'","status":"passed","title":"'old-mapping/DELETE/extra_field'","duration":0.04854199999999764,"failureMessages":[],"meta":{},"tags":[]},{"ancestorTitles":["BE-CR005-COMPAT pinned 992-case backend corpus"],"fullName":"BE-CR005-COMPAT pinned 992-case backend corpus 'old-mapping/DELETE/wrong_branch_shape'","status":"passed","title":"'old-mapping/DELETE/wrong_branch_shape'","duration":0.04958399999998164,"failureMessages":[],"meta":{},"tags":[]},{"ancestorTitles":["BE-CR005-COMPAT pinned 992-case backend corpus"],"fullName":"BE-CR005-COMPAT pinned 992-case backend corpus 'old-mapping/MAINTENANCE/legal'","status":"passed","title":"'old-mapping/MAINTENANCE/legal'","duration":1.9999579999999924,"failureMessages":[],"meta":{},"tags":[]},{"ancestorTitles":["BE-CR005-COMPAT pinned 992-case backend corpus"],"fullName":"BE-CR005-COMPAT pinned 992-case backend corpus 'old-mapping/MAINTENANCE/unknown'","status":"passed","title":"'old-mapping/MAINTENANCE/unknown'","duration":0.107291000000032,"failureMessages":[],"meta":{},"tags":[]},{"ancestorTitles":["BE-CR005-COMPAT pinned 992-case backend corpus"],"fullName":"BE-CR005-COMPAT pinned 992-case backend corpus 'old-mapping/MAINTENANCE/schema_name'","status":"passed","title":"'old-mapping/MAINTENANCE/schema_name'","duration":0.11120899999997391,"failureMessages":[],"meta":{},"tags":[]},{"ancestorTitles":["BE-CR005-COMPAT pinned 992-case backend corpus"],"fullName":"BE-CR005-COMPAT pinned 992-case backend corpus 'old-mapping/MAINTENANCE/null'","status":"passed","title":"'old-mapping/MAINTENANCE/null'","duration":0.07091700000000856,"failureMessages":[],"meta":{},"tags":[]},{"ancestorTitles":["BE-CR005-COMPAT pinned 992-case backend corpus"],"fullName":"BE-CR005-COMPAT pinned 992-case backend corpus 'old-mapping/MAINTENANCE/numeric'","status":"passed","title":"'old-mapping/MAINTENANCE/numeric'","duration":0.061292000000037206,"failureMessages":[],"meta":{},"tags":[]},{"ancestorTitles":["BE-CR005-COMPAT pinned 992-case backend corpus"],"fullName":"BE-CR005-COMPAT pinned 992-case backend corpus 'old-mapping/MAINTENANCE/missing'","status":"passed","title":"'old-mapping/MAINTENANCE/missing'","duration":0.09250000000002956,"failureMessages":[],"meta":{},"tags":[]},{"ancestorTitles":["BE-CR005-COMPAT pinned 992-case backend corpus"],"fullName":"BE-CR005-COMPAT pinned 992-case backend corpus 'old-mapping/MAINTENANCE/extra_field'","status":"passed","title":"'old-mapping/MAINTENANCE/extra_field'","duration":0.06437499999998408,"failureMessages":[],"meta":{},"tags":[]},{"ancestorTitles":["BE-CR005-COMPAT pinned 992-case backend corpus"],"fullName":"BE-CR005-COMPAT pinned 992-case backend corpus 'old-mapping/MAINTENANCE/wrong_branch_…'","status":"passed","title":"'old-mapping/MAINTENANCE/wrong_branch_…'","duration":0.058875000000000455,"failureMessages":[],"meta":{},"tags":[]},{"ancestorTitles":["BE-CR005-COMPAT pinned 992-case backend corpus"],"fullName":"BE-CR005-COMPAT pinned 992-case backend corpus 'old-mapping/NORMAL/legal'","status":"passed","title":"'old-mapping/NORMAL/legal'","duration":0.07737500000001774,"failureMessages":[],"meta":{},"tags":[]},{"ancestorTitles":["BE-CR005-COMPAT pinned 992-case backend corpus"],"fullName":"BE-CR005-COMPAT pinned 992-case backend corpus 'old-mapping/NORMAL/unknown'","status":"passed","title":"'old-mapping/NORMAL/unknown'","duration":0.04016599999999926,"failureMessages":[],"meta":{},"tags":[]},{"ancestorTitles":["BE-CR005-COMPAT pinned 992-case backend corpus"],"fullName":"BE-CR005-COMPAT pinned 992-case backend corpus 'old-mapping/NORMAL/schema_name'","status":"passed","title":"'old-mapping/NORMAL/schema_name'","duration":0.046333000000004176,"failureMessages":[],"meta":{},"tags":[]},{"ancestorTitles":["BE-CR005-COMPAT pinned 992-case backend corpus"],"fullName":"BE-CR005-COMPAT pinned 992-case backend corpus 'old-mapping/NORMAL/null'","status":"passed","title":"'old-mapping/NORMAL/null'","duration":0.04250000000001819,"failureMessages":[],"meta":{},"tags":[]},{"ancestorTitles":["BE-CR005-COMPAT pinned 992-case backend corpus"],"fullName":"BE-CR005-COMPAT pinned 992-case backend corpus 'old-mapping/NORMAL/numeric'","status":"passed","title":"'old-mapping/NORMAL/numeric'","duration":0.0407910000000129,"failureMessages":[],"meta":{},"tags":[]},{"ancestorTitles":["BE-CR005-COMPAT pinned 992-case backend corpus"],"fullName":"BE-CR005-COMPAT pinned 992-case backend corpus 'old-mapping/NORMAL/missing'","status":"passed","title":"'old-mapping/NORMAL/missing'","duration":0.04095800000004601,"failureMessages":[],"meta":{},"tags":[]},{"ancestorTitles":["BE-CR005-COMPAT pinned 992-case backend corpus"],"fullName":"BE-CR005-COMPAT pinned 992-case backend corpus 'old-mapping/NORMAL/extra_field'","status":"passed","title":"'old-mapping/NORMAL/extra_field'","duration":0.041707999999971435,"failureMessages":[],"meta":{},"tags":[]},{"ancestorTitles":["BE-CR005-COMPAT pinned 992-case backend corpus"],"fullName":"BE-CR005-COMPAT pinned 992-case backend corpus 'old-mapping/NORMAL/wrong_branch_shape'","status":"passed","title":"'old-mapping/NORMAL/wrong_branch_shape'","duration":0.039291999999989,"failureMessages":[],"meta":{},"tags":[]},{"ancestorTitles":["BE-CR005-COMPAT pinned 992-case backend corpus"],"fullName":"BE-CR005-COMPAT pinned 992-case backend corpus 'old-mapping/CERTIFICATION/nested_or_e…'","status":"passed","title":"'old-mapping/CERTIFICATION/nested_or_e…'","duration":0.07408400000002757,"failureMessages":[],"meta":{},"tags":[]},{"ancestorTitles":["BE-CR005-COMPAT pinned 992-case backend corpus"],"fullName":"BE-CR005-COMPAT pinned 992-case backend corpus 'old-mapping/MAINTENANCE/nested_or_env…'","status":"passed","title":"'old-mapping/MAINTENANCE/nested_or_env…'","duration":0.05545799999998735,"failureMessages":[],"meta":{},"tags":[]},{"ancestorTitles":["BE-CR005-COMPAT pinned 992-case backend corpus"],"fullName":"BE-CR005-COMPAT pinned 992-case backend corpus 'old-mapping/ADD/nested_or_envelope_ex…'","status":"passed","title":"'old-mapping/ADD/nested_or_envelope_ex…'","duration":0.05970800000000054,"failureMessages":[],"meta":{},"tags":[]},{"ancestorTitles":["BE-CR005-COMPAT pinned 992-case backend corpus"],"fullName":"BE-CR005-COMPAT pinned 992-case backend corpus 'prior-workflow/ordinary/valid'","status":"passed","title":"'prior-workflow/ordinary/valid'","duration":3.439707999999996,"failureMessages":[],"meta":{},"tags":[]},{"ancestorTitles":["BE-CR005-COMPAT pinned 992-case backend corpus"],"fullName":"BE-CR005-COMPAT pinned 992-case backend corpus 'prior-workflow/swimming/valid'","status":"passed","title":"'prior-workflow/swimming/valid'","duration":0.2094579999999837,"failureMessages":[],"meta":{},"tags":[]},{"ancestorTitles":["BE-CR005-COMPAT pinned 992-case backend corpus"],"fullName":"BE-CR005-COMPAT pinned 992-case backend corpus 'prior-workflow/offline/valid'","status":"passed","title":"'prior-workflow/offline/valid'","duration":0.1685420000000022,"failureMessages":[],"meta":{},"tags":[]},{"ancestorTitles":["BE-CR005-COMPAT pinned 992-case backend corpus"],"fullName":"BE-CR005-COMPAT pinned 992-case backend corpus 'prior-workflow/pass/valid'","status":"passed","title":"'prior-workflow/pass/valid'","duration":2.6075830000000337,"failureMessages":[],"meta":{},"tags":[]},{"ancestorTitles":["BE-CR005-COMPAT pinned 992-case backend corpus"],"fullName":"BE-CR005-COMPAT pinned 992-case backend corpus 'prior-workflow/return/default24'","status":"passed","title":"'prior-workflow/return/default24'","duration":0.12895800000001145,"failureMessages":[],"meta":{},"tags":[]},{"ancestorTitles":["BE-CR005-COMPAT pinned 992-case backend corpus"],"fullName":"BE-CR005-COMPAT pinned 992-case backend corpus 'prior-workflow/return/72'","status":"passed","title":"'prior-workflow/return/72'","duration":0.0858339999999771,"failureMessages":[],"meta":{},"tags":[]},{"ancestorTitles":["BE-CR005-COMPAT pinned 992-case backend corpus"],"fullName":"BE-CR005-COMPAT pinned 992-case backend corpus 'prior-workflow/invalid/confirmed'","status":"passed","title":"'prior-workflow/invalid/confirmed'","duration":0.07400000000001228,"failureMessages":[],"meta":{},"tags":[]},{"ancestorTitles":["BE-CR005-COMPAT pinned 992-case backend corpus"],"fullName":"BE-CR005-COMPAT pinned 992-case backend corpus 'prior-workflow/correct/valid'","status":"passed","title":"'prior-workflow/correct/valid'","duration":1.5085839999999848,"failureMessages":[],"meta":{},"tags":[]},{"ancestorTitles":["BE-CR005-COMPAT pinned 992-case backend corpus"],"fullName":"BE-CR005-COMPAT pinned 992-case backend corpus 'prior-workflow/correct/invalid'","status":"passed","title":"'prior-workflow/correct/invalid'","duration":0.12645799999995688,"failureMessages":[],"meta":{},"tags":[]},{"ancestorTitles":["BE-CR005-COMPAT pinned 992-case backend corpus"],"fullName":"BE-CR005-COMPAT pinned 992-case backend corpus 'prior-workflow/supplement/valid'","status":"passed","title":"'prior-workflow/supplement/valid'","duration":0.9687079999999924,"failureMessages":[],"meta":{},"tags":[]},{"ancestorTitles":["BE-CR005-COMPAT pinned 992-case backend corpus"],"fullName":"BE-CR005-COMPAT pinned 992-case backend corpus 'prior-workflow/completion/normal'","status":"passed","title":"'prior-workflow/completion/normal'","duration":0.5307500000000118,"failureMessages":[],"meta":{},"tags":[]},{"ancestorTitles":["BE-CR005-COMPAT pinned 992-case backend corpus"],"fullName":"BE-CR005-COMPAT pinned 992-case backend corpus 'prior-workflow/upload/renew'","status":"passed","title":"'prior-workflow/upload/renew'","duration":0.39962500000001455,"failureMessages":[],"meta":{},"tags":[]},{"ancestorTitles":["BE-CR005-COMPAT pinned 992-case backend corpus"],"fullName":"BE-CR005-COMPAT pinned 992-case backend corpus 'prior-workflow/material/first_locked'","status":"passed","title":"'prior-workflow/material/first_locked'","duration":2.8167910000000234,"failureMessages":[],"meta":{},"tags":[]},{"ancestorTitles":["BE-CR005-COMPAT pinned 992-case backend corpus"],"fullName":"BE-CR005-COMPAT pinned 992-case backend corpus 'prior-workflow/material/supplement_re…'","status":"passed","title":"'prior-workflow/material/supplement_re…'","duration":0.11933299999998326,"failureMessages":[],"meta":{},"tags":[]},{"ancestorTitles":["BE-CR005-COMPAT pinned 992-case backend corpus"],"fullName":"BE-CR005-COMPAT pinned 992-case backend corpus 'prior-workflow/timer/active'","status":"passed","title":"'prior-workflow/timer/active'","duration":3.753584000000046,"failureMessages":[],"meta":{},"tags":[]},{"ancestorTitles":["BE-CR005-COMPAT pinned 992-case backend corpus"],"fullName":"BE-CR005-COMPAT pinned 992-case backend corpus 'prior-workflow/timer/paused'","status":"passed","title":"'prior-workflow/timer/paused'","duration":0.09541600000000017,"failureMessages":[],"meta":{},"tags":[]},{"ancestorTitles":["BE-CR005-COMPAT pinned 992-case backend corpus"],"fullName":"BE-CR005-COMPAT pinned 992-case backend corpus 'prior-workflow/timer/unavailable'","status":"passed","title":"'prior-workflow/timer/unavailable'","duration":0.11754200000001447,"failureMessages":[],"meta":{},"tags":[]},{"ancestorTitles":["BE-CR005-COMPAT pinned 992-case backend corpus"],"fullName":"BE-CR005-COMPAT pinned 992-case backend corpus 'prior-workflow/timer/accepted'","status":"passed","title":"'prior-workflow/timer/accepted'","duration":0.11420900000001666,"failureMessages":[],"meta":{},"tags":[]},{"ancestorTitles":["BE-CR005-COMPAT pinned 992-case backend corpus"],"fullName":"BE-CR005-COMPAT pinned 992-case backend corpus 'prior-workflow/sla/available'","status":"passed","title":"'prior-workflow/sla/available'","duration":4.70191699999998,"failureMessages":[],"meta":{},"tags":[]},{"ancestorTitles":["BE-CR005-COMPAT pinned 992-case backend corpus"],"fullName":"BE-CR005-COMPAT pinned 992-case backend corpus 'prior-workflow/sla/paused'","status":"passed","title":"'prior-workflow/sla/paused'","duration":0.12420800000001009,"failureMessages":[],"meta":{},"tags":[]},{"ancestorTitles":["BE-CR005-COMPAT pinned 992-case backend corpus"],"fullName":"BE-CR005-COMPAT pinned 992-case backend corpus 'prior-workflow/sla/missing_calendar'","status":"passed","title":"'prior-workflow/sla/missing_calendar'","duration":0.14270799999997053,"failureMessages":[],"meta":{},"tags":[]},{"ancestorTitles":["BE-CR005-COMPAT pinned 992-case backend corpus"],"fullName":"BE-CR005-COMPAT pinned 992-case backend corpus 'prior-workflow/review/pending_material'","status":"passed","title":"'prior-workflow/review/pending_material'","duration":8.112750000000005,"failureMessages":[],"meta":{},"tags":[]},{"ancestorTitles":["BE-CR005-COMPAT pinned 992-case backend corpus"],"fullName":"BE-CR005-COMPAT pinned 992-case backend corpus 'prior-workflow/review/teacher_round1'","status":"passed","title":"'prior-workflow/review/teacher_round1'","duration":0.25054099999999835,"failureMessages":[],"meta":{},"tags":[]},{"ancestorTitles":["BE-CR005-COMPAT pinned 992-case backend corpus"],"fullName":"BE-CR005-COMPAT pinned 992-case backend corpus 'prior-workflow/review/await_supplement'","status":"passed","title":"'prior-workflow/review/await_supplement'","duration":0.283333999999968,"failureMessages":[],"meta":{},"tags":[]},{"ancestorTitles":["BE-CR005-COMPAT pinned 992-case backend corpus"],"fullName":"BE-CR005-COMPAT pinned 992-case backend corpus 'prior-workflow/review/round2'","status":"passed","title":"'prior-workflow/review/round2'","duration":0.25083399999999756,"failureMessages":[],"meta":{},"tags":[]},{"ancestorTitles":["BE-CR005-COMPAT pinned 992-case backend corpus"],"fullName":"BE-CR005-COMPAT pinned 992-case backend corpus 'prior-workflow/review/valid'","status":"passed","title":"'prior-workflow/review/valid'","duration":0.19420800000000327,"failureMessages":[],"meta":{},"tags":[]},{"ancestorTitles":["BE-CR005-COMPAT pinned 992-case backend corpus"],"fullName":"BE-CR005-COMPAT pinned 992-case backend corpus 'prior-workflow/record/full_pending_re…'","status":"passed","title":"'prior-workflow/record/full_pending_re…'","duration":2.7773329999999987,"failureMessages":[],"meta":{},"tags":[]},{"ancestorTitles":["BE-CR005-COMPAT pinned 992-case backend corpus"],"fullName":"BE-CR005-COMPAT pinned 992-case backend corpus 'prior-workflow/receipt/first'","status":"passed","title":"'prior-workflow/receipt/first'","duration":1.6175420000000145,"failureMessages":[],"meta":{},"tags":[]},{"ancestorTitles":["BE-CR005-COMPAT pinned 992-case backend corpus"],"fullName":"BE-CR005-COMPAT pinned 992-case backend corpus 'prior-workflow/receipt/completion'","status":"passed","title":"'prior-workflow/receipt/completion'","duration":0.9307919999999967,"failureMessages":[],"meta":{},"tags":[]},{"ancestorTitles":["BE-CR005-COMPAT pinned 992-case backend corpus"],"fullName":"BE-CR005-COMPAT pinned 992-case backend corpus 'prior-workflow/receipt/supplement'","status":"passed","title":"'prior-workflow/receipt/supplement'","duration":1.299833000000035,"failureMessages":[],"meta":{},"tags":[]},{"ancestorTitles":["BE-CR005-COMPAT pinned 992-case backend corpus"],"fullName":"BE-CR005-COMPAT pinned 992-case backend corpus 'prior-workflow/queue/teacher_only'","status":"passed","title":"'prior-workflow/queue/teacher_only'","duration":1.0727919999999926,"failureMessages":[],"meta":{},"tags":[]},{"ancestorTitles":["BE-CR005-COMPAT pinned 992-case backend corpus"],"fullName":"BE-CR005-COMPAT pinned 992-case backend corpus 'prior-workflow/correction/original_re…'","status":"passed","title":"'prior-workflow/correction/original_re…'","duration":1.941958999999997,"failureMessages":[],"meta":{},"tags":[]},{"ancestorTitles":["BE-CR005-COMPAT pinned 992-case backend corpus"],"fullName":"BE-CR005-COMPAT pinned 992-case backend corpus 'prior-workflow/event/return_not_inval…'","status":"passed","title":"'prior-workflow/event/return_not_inval…'","duration":5.516125000000045,"failureMessages":[],"meta":{},"tags":[]},{"ancestorTitles":["BE-CR005-COMPAT pinned 992-case backend corpus"],"fullName":"BE-CR005-COMPAT pinned 992-case backend corpus 'prior-workflow/event/expiry'","status":"passed","title":"'prior-workflow/event/expiry'","duration":0.22550000000001091,"failureMessages":[],"meta":{},"tags":[]},{"ancestorTitles":["BE-CR005-COMPAT pinned 992-case backend corpus"],"fullName":"BE-CR005-COMPAT pinned 992-case backend corpus 'prior-workflow/event/fault_correction'","status":"passed","title":"'prior-workflow/event/fault_correction'","duration":0.311999999999955,"failureMessages":[],"meta":{},"tags":[]},{"ancestorTitles":["BE-CR005-COMPAT pinned 992-case backend corpus"],"fullName":"BE-CR005-COMPAT pinned 992-case backend corpus 'prior-workflow/notice/shared_reason'","status":"passed","title":"'prior-workflow/notice/shared_reason'","duration":1.1160830000000033,"failureMessages":[],"meta":{},"tags":[]},{"ancestorTitles":["BE-CR005-COMPAT pinned 992-case backend corpus"],"fullName":"BE-CR005-COMPAT pinned 992-case backend corpus 'prior-workflow/reason/fixed_labels'","status":"passed","title":"'prior-workflow/reason/fixed_labels'","duration":2.666500000000042,"failureMessages":[],"meta":{},"tags":[]},{"ancestorTitles":["BE-CR005-COMPAT pinned 992-case backend corpus"],"fullName":"BE-CR005-COMPAT pinned 992-case backend corpus 'prior-workflow/old_submit_shape'","status":"passed","title":"'prior-workflow/old_submit_shape'","duration":0.17020800000000236,"failureMessages":[],"meta":{},"tags":[]},{"ancestorTitles":["BE-CR005-COMPAT pinned 992-case backend corpus"],"fullName":"BE-CR005-COMPAT pinned 992-case backend corpus 'prior-workflow/old_free_text_review'","status":"passed","title":"'prior-workflow/old_free_text_review'","duration":0.11729200000002038,"failureMessages":[],"meta":{},"tags":[]},{"ancestorTitles":["BE-CR005-COMPAT pinned 992-case backend corpus"],"fullName":"BE-CR005-COMPAT pinned 992-case backend corpus 'prior-workflow/doubt_not_invalid'","status":"passed","title":"'prior-workflow/doubt_not_invalid'","duration":0.08145799999999781,"failureMessages":[],"meta":{},"tags":[]},{"ancestorTitles":["BE-CR005-COMPAT pinned 992-case backend corpus"],"fullName":"BE-CR005-COMPAT pinned 992-case backend corpus 'prior-workflow/confirmed_not_return'","status":"passed","title":"'prior-workflow/confirmed_not_return'","duration":0.05750000000000455,"failureMessages":[],"meta":{},"tags":[]},{"ancestorTitles":["BE-CR005-COMPAT pinned 992-case backend corpus"],"fullName":"BE-CR005-COMPAT pinned 992-case backend corpus 'prior-workflow/system_reason_not_teac…'","status":"passed","title":"'prior-workflow/system_reason_not_teac…'","duration":0.054209000000014385,"failureMessages":[],"meta":{},"tags":[]},{"ancestorTitles":["BE-CR005-COMPAT pinned 992-case backend corpus"],"fullName":"BE-CR005-COMPAT pinned 992-case backend corpus 'prior-workflow/second_return'","status":"passed","title":"'prior-workflow/second_return'","duration":0.06233300000002373,"failureMessages":[],"meta":{},"tags":[]},{"ancestorTitles":["BE-CR005-COMPAT pinned 992-case backend corpus"],"fullName":"BE-CR005-COMPAT pinned 992-case backend corpus 'prior-workflow/window48'","status":"passed","title":"'prior-workflow/window48'","duration":0.058417000000019925,"failureMessages":[],"meta":{},"tags":[]},{"ancestorTitles":["BE-CR005-COMPAT pinned 992-case backend corpus"],"fullName":"BE-CR005-COMPAT pinned 992-case backend corpus 'prior-workflow/hidden_note'","status":"passed","title":"'prior-workflow/hidden_note'","duration":0.05666600000000699,"failureMessages":[],"meta":{},"tags":[]},{"ancestorTitles":["BE-CR005-COMPAT pinned 992-case backend corpus"],"fullName":"BE-CR005-COMPAT pinned 992-case backend corpus 'prior-workflow/client_completion_time'","status":"passed","title":"'prior-workflow/client_completion_time'","duration":0.07262500000001637,"failureMessages":[],"meta":{},"tags":[]},{"ancestorTitles":["BE-CR005-COMPAT pinned 992-case backend corpus"],"fullName":"BE-CR005-COMPAT pinned 992-case backend corpus 'prior-workflow/third_material'","status":"passed","title":"'prior-workflow/third_material'","duration":0.1299579999999878,"failureMessages":[],"meta":{},"tags":[]},{"ancestorTitles":["BE-CR005-COMPAT pinned 992-case backend corpus"],"fullName":"BE-CR005-COMPAT pinned 992-case backend corpus 'prior-workflow/first_receipt_no_trans…'","status":"passed","title":"'prior-workflow/first_receipt_no_trans…'","duration":0.08254199999998946,"failureMessages":[],"meta":{},"tags":[]},{"ancestorTitles":["BE-CR005-COMPAT pinned 992-case backend corpus"],"fullName":"BE-CR005-COMPAT pinned 992-case backend corpus 'prior-workflow/offline_receipt_not_re…'","status":"passed","title":"'prior-workflow/offline_receipt_not_re…'","duration":0.1962090000000103,"failureMessages":[],"meta":{},"tags":[]},{"ancestorTitles":["BE-CR005-COMPAT pinned 992-case backend corpus"],"fullName":"BE-CR005-COMPAT pinned 992-case backend corpus 'prior-workflow/completion_receipt_par…'","status":"passed","title":"'prior-workflow/completion_receipt_par…'","duration":0.2008339999999862,"failureMessages":[],"meta":{},"tags":[]},{"ancestorTitles":["BE-CR005-COMPAT pinned 992-case backend corpus"],"fullName":"BE-CR005-COMPAT pinned 992-case backend corpus 'prior-workflow/supplement_receipt_not…'","status":"passed","title":"'prior-workflow/supplement_receipt_not…'","duration":0.1253330000000119,"failureMessages":[],"meta":{},"tags":[]},{"ancestorTitles":["BE-CR005-COMPAT pinned 992-case backend corpus"],"fullName":"BE-CR005-COMPAT pinned 992-case backend corpus 'prior-workflow/queue_contains_technic…'","status":"passed","title":"'prior-workflow/queue_contains_technic…'","duration":0.1354589999999689,"failureMessages":[],"meta":{},"tags":[]},{"ancestorTitles":["BE-CR005-COMPAT pinned 992-case backend corpus"],"fullName":"BE-CR005-COMPAT pinned 992-case backend corpus 'prior-workflow/supplement_extra_grace'","status":"passed","title":"'prior-workflow/supplement_extra_grace'","duration":0.06491699999997991,"failureMessages":[],"meta":{},"tags":[]},{"ancestorTitles":["BE-CR005-COMPAT pinned 992-case backend corpus"],"fullName":"BE-CR005-COMPAT pinned 992-case backend corpus 'prior-workflow/pending_looks_valid'","status":"passed","title":"'prior-workflow/pending_looks_valid'","duration":0.0741249999999809,"failureMessages":[],"meta":{},"tags":[]},{"ancestorTitles":["BE-CR005-COMPAT pinned 992-case backend corpus"],"fullName":"BE-CR005-COMPAT pinned 992-case backend corpus 'prior-workflow/pending_looks_invalid'","status":"passed","title":"'prior-workflow/pending_looks_invalid'","duration":0.05758400000001984,"failureMessages":[],"meta":{},"tags":[]},{"ancestorTitles":["BE-CR005-COMPAT pinned 992-case backend corpus"],"fullName":"BE-CR005-COMPAT pinned 992-case backend corpus 'prior-workflow/valid_missing_result'","status":"passed","title":"'prior-workflow/valid_missing_result'","duration":0.08408299999996416,"failureMessages":[],"meta":{},"tags":[]},{"ancestorTitles":["BE-CR005-COMPAT pinned 992-case backend corpus"],"fullName":"BE-CR005-COMPAT pinned 992-case backend corpus 'prior-workflow/material_ready_no_bytes'","status":"passed","title":"'prior-workflow/material_ready_no_bytes'","duration":0.06087499999995316,"failureMessages":[],"meta":{},"tags":[]},{"ancestorTitles":["BE-CR005-COMPAT pinned 992-case backend corpus"],"fullName":"BE-CR005-COMPAT pinned 992-case backend corpus 'prior-workflow/paused_guess_due'","status":"passed","title":"'prior-workflow/paused_guess_due'","duration":0.08770800000002055,"failureMessages":[],"meta":{},"tags":[]},{"ancestorTitles":["BE-CR005-COMPAT pinned 992-case backend corpus"],"fullName":"BE-CR005-COMPAT pinned 992-case backend corpus 'prior-workflow/unknown_guess_zero'","status":"passed","title":"'prior-workflow/unknown_guess_zero'","duration":0.07287500000001046,"failureMessages":[],"meta":{},"tags":[]},{"ancestorTitles":["BE-CR005-COMPAT pinned 992-case backend corpus"],"fullName":"BE-CR005-COMPAT pinned 992-case backend corpus 'prior-workflow/24h_over_budget'","status":"passed","title":"'prior-workflow/24h_over_budget'","duration":0.08824999999995953,"failureMessages":[],"meta":{},"tags":[]},{"ancestorTitles":["BE-CR005-COMPAT pinned 992-case backend corpus"],"fullName":"BE-CR005-COMPAT pinned 992-case backend corpus 'prior-workflow/sla48seconds'","status":"passed","title":"'prior-workflow/sla48seconds'","duration":0.09050000000002001,"failureMessages":[],"meta":{},"tags":[]},{"ancestorTitles":["BE-CR005-COMPAT pinned 992-case backend corpus"],"fullName":"BE-CR005-COMPAT pinned 992-case backend corpus 'prior-workflow/calendar_weekday_fallb…'","status":"passed","title":"'prior-workflow/calendar_weekday_fallb…'","duration":0.07654100000002018,"failureMessages":[],"meta":{},"tags":[]},{"ancestorTitles":["BE-CR005-COMPAT pinned 992-case backend corpus"],"fullName":"BE-CR005-COMPAT pinned 992-case backend corpus 'prior-workflow/pause_not_final_due'","status":"passed","title":"'prior-workflow/pause_not_final_due'","duration":0.07220899999998664,"failureMessages":[],"meta":{},"tags":[]},{"ancestorTitles":["BE-CR005-COMPAT pinned 992-case backend corpus"],"fullName":"BE-CR005-COMPAT pinned 992-case backend corpus 'prior-workflow/correction_new_opportu…'","status":"passed","title":"'prior-workflow/correction_new_opportu…'","duration":0.07758300000000418,"failureMessages":[],"meta":{},"tags":[]},{"ancestorTitles":["BE-CR005-COMPAT pinned 992-case backend corpus"],"fullName":"BE-CR005-COMPAT pinned 992-case backend corpus 'prior-workflow/correction_24_to_72'","status":"passed","title":"'prior-workflow/correction_24_to_72'","duration":0.06791600000002518,"failureMessages":[],"meta":{},"tags":[]},{"ancestorTitles":["BE-CR005-COMPAT pinned 992-case backend corpus"],"fullName":"BE-CR005-COMPAT pinned 992-case backend corpus 'prior-workflow/return_fabricates_inva…'","status":"passed","title":"'prior-workflow/return_fabricates_inva…'","duration":0.1274590000000444,"failureMessages":[],"meta":{},"tags":[]},{"ancestorTitles":["BE-CR005-COMPAT pinned 992-case backend corpus"],"fullName":"BE-CR005-COMPAT pinned 992-case backend corpus 'prior-workflow/reason_wrong_translati…'","status":"passed","title":"'prior-workflow/reason_wrong_translati…'","duration":0.06629099999997834,"failureMessages":[],"meta":{},"tags":[]},{"ancestorTitles":["BE-CR005-COMPAT pinned 992-case backend corpus"],"fullName":"BE-CR005-COMPAT pinned 992-case backend corpus 'prior-workflow/ordinary/valid/missing…'","status":"passed","title":"'prior-workflow/ordinary/valid/missing…'","duration":0.09229199999998627,"failureMessages":[],"meta":{},"tags":[]},{"ancestorTitles":["BE-CR005-COMPAT pinned 992-case backend corpus"],"fullName":"BE-CR005-COMPAT pinned 992-case backend corpus 'prior-workflow/ordinary/valid/missing…'","status":"passed","title":"'prior-workflow/ordinary/valid/missing…'","duration":0.09220799999997098,"failureMessages":[],"meta":{},"tags":[]},{"ancestorTitles":["BE-CR005-COMPAT pinned 992-case backend corpus"],"fullName":"BE-CR005-COMPAT pinned 992-case backend corpus 'prior-workflow/ordinary/valid/missing…'","status":"passed","title":"'prior-workflow/ordinary/valid/missing…'","duration":0.06804199999999128,"failureMessages":[],"meta":{},"tags":[]},{"ancestorTitles":["BE-CR005-COMPAT pinned 992-case backend corpus"],"fullName":"BE-CR005-COMPAT pinned 992-case backend corpus 'prior-workflow/ordinary/valid/missing…'","status":"passed","title":"'prior-workflow/ordinary/valid/missing…'","duration":0.07208300000002055,"failureMessages":[],"meta":{},"tags":[]},{"ancestorTitles":["BE-CR005-COMPAT pinned 992-case backend corpus"],"fullName":"BE-CR005-COMPAT pinned 992-case backend corpus 'prior-workflow/ordinary/valid/missing…'","status":"passed","title":"'prior-workflow/ordinary/valid/missing…'","duration":0.07962500000002137,"failureMessages":[],"meta":{},"tags":[]},{"ancestorTitles":["BE-CR005-COMPAT pinned 992-case backend corpus"],"fullName":"BE-CR005-COMPAT pinned 992-case backend corpus 'prior-workflow/ordinary/valid/extra'","status":"passed","title":"'prior-workflow/ordinary/valid/extra'","duration":0.116375000000005,"failureMessages":[],"meta":{},"tags":[]},{"ancestorTitles":["BE-CR005-COMPAT pinned 992-case backend corpus"],"fullName":"BE-CR005-COMPAT pinned 992-case backend corpus 'prior-workflow/ordinary/valid/submiss…'","status":"passed","title":"'prior-workflow/ordinary/valid/submiss…'","duration":0.14595800000000736,"failureMessages":[],"meta":{},"tags":[]},{"ancestorTitles":["BE-CR005-COMPAT pinned 992-case backend corpus"],"fullName":"BE-CR005-COMPAT pinned 992-case backend corpus 'prior-workflow/ordinary/valid/submiss…'","status":"passed","title":"'prior-workflow/ordinary/valid/submiss…'","duration":0.12616700000000947,"failureMessages":[],"meta":{},"tags":[]},{"ancestorTitles":["BE-CR005-COMPAT pinned 992-case backend corpus"],"fullName":"BE-CR005-COMPAT pinned 992-case backend corpus 'prior-workflow/ordinary/valid/expecte…'","status":"passed","title":"'prior-workflow/ordinary/valid/expecte…'","duration":0.08395799999999554,"failureMessages":[],"meta":{},"tags":[]},{"ancestorTitles":["BE-CR005-COMPAT pinned 992-case backend corpus"],"fullName":"BE-CR005-COMPAT pinned 992-case backend corpus 'prior-workflow/ordinary/valid/expecte…'","status":"passed","title":"'prior-workflow/ordinary/valid/expecte…'","duration":0.06920800000000327,"failureMessages":[],"meta":{},"tags":[]},{"ancestorTitles":["BE-CR005-COMPAT pinned 992-case backend corpus"],"fullName":"BE-CR005-COMPAT pinned 992-case backend corpus 'prior-workflow/swimming/valid/missing…'","status":"passed","title":"'prior-workflow/swimming/valid/missing…'","duration":0.078708000000006,"failureMessages":[],"meta":{},"tags":[]},{"ancestorTitles":["BE-CR005-COMPAT pinned 992-case backend corpus"],"fullName":"BE-CR005-COMPAT pinned 992-case backend corpus 'prior-workflow/swimming/valid/missing…'","status":"passed","title":"'prior-workflow/swimming/valid/missing…'","duration":0.09012500000000045,"failureMessages":[],"meta":{},"tags":[]},{"ancestorTitles":["BE-CR005-COMPAT pinned 992-case backend corpus"],"fullName":"BE-CR005-COMPAT pinned 992-case backend corpus 'prior-workflow/swimming/valid/missing…'","status":"passed","title":"'prior-workflow/swimming/valid/missing…'","duration":0.08441699999997354,"failureMessages":[],"meta":{},"tags":[]},{"ancestorTitles":["BE-CR005-COMPAT pinned 992-case backend corpus"],"fullName":"BE-CR005-COMPAT pinned 992-case backend corpus 'prior-workflow/swimming/valid/missing…'","status":"passed","title":"'prior-workflow/swimming/valid/missing…'","duration":0.055124999999975444,"failureMessages":[],"meta":{},"tags":[]},{"ancestorTitles":["BE-CR005-COMPAT pinned 992-case backend corpus"],"fullName":"BE-CR005-COMPAT pinned 992-case backend corpus 'prior-workflow/swimming/valid/missing…'","status":"passed","title":"'prior-workflow/swimming/valid/missing…'","duration":0.08345800000000736,"failureMessages":[],"meta":{},"tags":[]},{"ancestorTitles":["BE-CR005-COMPAT pinned 992-case backend corpus"],"fullName":"BE-CR005-COMPAT pinned 992-case backend corpus 'prior-workflow/swimming/valid/extra'","status":"passed","title":"'prior-workflow/swimming/valid/extra'","duration":0.09870899999998528,"failureMessages":[],"meta":{},"tags":[]},{"ancestorTitles":["BE-CR005-COMPAT pinned 992-case backend corpus"],"fullName":"BE-CR005-COMPAT pinned 992-case backend corpus 'prior-workflow/swimming/valid/submiss…'","status":"passed","title":"'prior-workflow/swimming/valid/submiss…'","duration":0.06637499999999363,"failureMessages":[],"meta":{},"tags":[]},{"ancestorTitles":["BE-CR005-COMPAT pinned 992-case backend corpus"],"fullName":"BE-CR005-COMPAT pinned 992-case backend corpus 'prior-workflow/swimming/valid/submiss…'","status":"passed","title":"'prior-workflow/swimming/valid/submiss…'","duration":0.06545900000003257,"failureMessages":[],"meta":{},"tags":[]},{"ancestorTitles":["BE-CR005-COMPAT pinned 992-case backend corpus"],"fullName":"BE-CR005-COMPAT pinned 992-case backend corpus 'prior-workflow/swimming/valid/expecte…'","status":"passed","title":"'prior-workflow/swimming/valid/expecte…'","duration":0.08858300000002828,"failureMessages":[],"meta":{},"tags":[]},{"ancestorTitles":["BE-CR005-COMPAT pinned 992-case backend corpus"],"fullName":"BE-CR005-COMPAT pinned 992-case backend corpus 'prior-workflow/swimming/valid/expecte…'","status":"passed","title":"'prior-workflow/swimming/valid/expecte…'","duration":0.07541700000001583,"failureMessages":[],"meta":{},"tags":[]},{"ancestorTitles":["BE-CR005-COMPAT pinned 992-case backend corpus"],"fullName":"BE-CR005-COMPAT pinned 992-case backend corpus 'prior-workflow/offline/valid/missing/…'","status":"passed","title":"'prior-workflow/offline/valid/missing/…'","duration":0.07916700000004084,"failureMessages":[],"meta":{},"tags":[]},{"ancestorTitles":["BE-CR005-COMPAT pinned 992-case backend corpus"],"fullName":"BE-CR005-COMPAT pinned 992-case backend corpus 'prior-workflow/offline/valid/missing/…'","status":"passed","title":"'prior-workflow/offline/valid/missing/…'","duration":0.19454200000001265,"failureMessages":[],"meta":{},"tags":[]},{"ancestorTitles":["BE-CR005-COMPAT pinned 992-case backend corpus"],"fullName":"BE-CR005-COMPAT pinned 992-case backend corpus 'prior-workflow/offline/valid/missing/…'","status":"passed","title":"'prior-workflow/offline/valid/missing/…'","duration":0.10449999999997317,"failureMessages":[],"meta":{},"tags":[]},{"ancestorTitles":["BE-CR005-COMPAT pinned 992-case backend corpus"],"fullName":"BE-CR005-COMPAT pinned 992-case backend corpus 'prior-workflow/offline/valid/missing/…'","status":"passed","title":"'prior-workflow/offline/valid/missing/…'","duration":0.06675000000001319,"failureMessages":[],"meta":{},"tags":[]},{"ancestorTitles":["BE-CR005-COMPAT pinned 992-case backend corpus"],"fullName":"BE-CR005-COMPAT pinned 992-case backend corpus 'prior-workflow/offline/valid/missing/…'","status":"passed","title":"'prior-workflow/offline/valid/missing/…'","duration":0.09408300000001191,"failureMessages":[],"meta":{},"tags":[]},{"ancestorTitles":["BE-CR005-COMPAT pinned 992-case backend corpus"],"fullName":"BE-CR005-COMPAT pinned 992-case backend corpus 'prior-workflow/offline/valid/missing/…'","status":"passed","title":"'prior-workflow/offline/valid/missing/…'","duration":0.0977919999999699,"failureMessages":[],"meta":{},"tags":[]},{"ancestorTitles":["BE-CR005-COMPAT pinned 992-case backend corpus"],"fullName":"BE-CR005-COMPAT pinned 992-case backend corpus 'prior-workflow/offline/valid/extra'","status":"passed","title":"'prior-workflow/offline/valid/extra'","duration":0.082458000000031,"failureMessages":[],"meta":{},"tags":[]},{"ancestorTitles":["BE-CR005-COMPAT pinned 992-case backend corpus"],"fullName":"BE-CR005-COMPAT pinned 992-case backend corpus 'prior-workflow/offline/valid/submissi…'","status":"passed","title":"'prior-workflow/offline/valid/submissi…'","duration":0.07800000000003138,"failureMessages":[],"meta":{},"tags":[]},{"ancestorTitles":["BE-CR005-COMPAT pinned 992-case backend corpus"],"fullName":"BE-CR005-COMPAT pinned 992-case backend corpus 'prior-workflow/offline/valid/submissi…'","status":"passed","title":"'prior-workflow/offline/valid/submissi…'","duration":0.070083000000011,"failureMessages":[],"meta":{},"tags":[]},{"ancestorTitles":["BE-CR005-COMPAT pinned 992-case backend corpus"],"fullName":"BE-CR005-COMPAT pinned 992-case backend corpus 'prior-workflow/offline/valid/expected…'","status":"passed","title":"'prior-workflow/offline/valid/expected…'","duration":0.08537499999999909,"failureMessages":[],"meta":{},"tags":[]},{"ancestorTitles":["BE-CR005-COMPAT pinned 992-case backend corpus"],"fullName":"BE-CR005-COMPAT pinned 992-case backend corpus 'prior-workflow/offline/valid/expected…'","status":"passed","title":"'prior-workflow/offline/valid/expected…'","duration":0.07229200000000446,"failureMessages":[],"meta":{},"tags":[]},{"ancestorTitles":["BE-CR005-COMPAT pinned 992-case backend corpus"],"fullName":"BE-CR005-COMPAT pinned 992-case backend corpus 'prior-workflow/pass/valid/missing/act…'","status":"passed","title":"'prior-workflow/pass/valid/missing/act…'","duration":0.09633300000001555,"failureMessages":[],"meta":{},"tags":[]},{"ancestorTitles":["BE-CR005-COMPAT pinned 992-case backend corpus"],"fullName":"BE-CR005-COMPAT pinned 992-case backend corpus 'prior-workflow/pass/valid/missing/exp…'","status":"passed","title":"'prior-workflow/pass/valid/missing/exp…'","duration":0.07395800000000463,"failureMessages":[],"meta":{},"tags":[]},{"ancestorTitles":["BE-CR005-COMPAT pinned 992-case backend corpus"],"fullName":"BE-CR005-COMPAT pinned 992-case backend corpus 'prior-workflow/pass/valid/missing/exp…'","status":"passed","title":"'prior-workflow/pass/valid/missing/exp…'","duration":0.09575000000000955,"failureMessages":[],"meta":{},"tags":[]},{"ancestorTitles":["BE-CR005-COMPAT pinned 992-case backend corpus"],"fullName":"BE-CR005-COMPAT pinned 992-case backend corpus 'prior-workflow/pass/valid/missing/mat…'","status":"passed","title":"'prior-workflow/pass/valid/missing/mat…'","duration":0.06925000000001091,"failureMessages":[],"meta":{},"tags":[]},{"ancestorTitles":["BE-CR005-COMPAT pinned 992-case backend corpus"],"fullName":"BE-CR005-COMPAT pinned 992-case backend corpus 'prior-workflow/pass/valid/missing/pub…'","status":"passed","title":"'prior-workflow/pass/valid/missing/pub…'","duration":0.06233300000002373,"failureMessages":[],"meta":{},"tags":[]},{"ancestorTitles":["BE-CR005-COMPAT pinned 992-case backend corpus"],"fullName":"BE-CR005-COMPAT pinned 992-case backend corpus 'prior-workflow/pass/valid/extra'","status":"passed","title":"'prior-workflow/pass/valid/extra'","duration":0.062958999999978,"failureMessages":[],"meta":{},"tags":[]},{"ancestorTitles":["BE-CR005-COMPAT pinned 992-case backend corpus"],"fullName":"BE-CR005-COMPAT pinned 992-case backend corpus 'prior-workflow/pass/valid/action/None'","status":"passed","title":"'prior-workflow/pass/valid/action/None'","duration":0.06699999999995043,"failureMessages":[],"meta":{},"tags":[]},{"ancestorTitles":["BE-CR005-COMPAT pinned 992-case backend corpus"],"fullName":"BE-CR005-COMPAT pinned 992-case backend corpus 'prior-workflow/pass/valid/action/UNKN…'","status":"passed","title":"'prior-workflow/pass/valid/action/UNKN…'","duration":0.06320799999997462,"failureMessages":[],"meta":{},"tags":[]},{"ancestorTitles":["BE-CR005-COMPAT pinned 992-case backend corpus"],"fullName":"BE-CR005-COMPAT pinned 992-case backend corpus 'prior-workflow/pass/valid/expectedVer…'","status":"passed","title":"'prior-workflow/pass/valid/expectedVer…'","duration":0.08020799999997053,"failureMessages":[],"meta":{},"tags":[]},{"ancestorTitles":["BE-CR005-COMPAT pinned 992-case backend corpus"],"fullName":"BE-CR005-COMPAT pinned 992-case backend corpus 'prior-workflow/pass/valid/expectedVer…'","status":"passed","title":"'prior-workflow/pass/valid/expectedVer…'","duration":0.06554099999999607,"failureMessages":[],"meta":{},"tags":[]},{"ancestorTitles":["BE-CR005-COMPAT pinned 992-case backend corpus"],"fullName":"BE-CR005-COMPAT pinned 992-case backend corpus 'prior-workflow/return/default24/missi…'","status":"passed","title":"'prior-workflow/return/default24/missi…'","duration":0.06058300000000827,"failureMessages":[],"meta":{},"tags":[]},{"ancestorTitles":["BE-CR005-COMPAT pinned 992-case backend corpus"],"fullName":"BE-CR005-COMPAT pinned 992-case backend corpus 'prior-workflow/return/default24/missi…'","status":"passed","title":"'prior-workflow/return/default24/missi…'","duration":0.059249999999963165,"failureMessages":[],"meta":{},"tags":[]},{"ancestorTitles":["BE-CR005-COMPAT pinned 992-case backend corpus"],"fullName":"BE-CR005-COMPAT pinned 992-case backend corpus 'prior-workflow/return/default24/missi…'","status":"passed","title":"'prior-workflow/return/default24/missi…'","duration":0.08945799999997917,"failureMessages":[],"meta":{},"tags":[]},{"ancestorTitles":["BE-CR005-COMPAT pinned 992-case backend corpus"],"fullName":"BE-CR005-COMPAT pinned 992-case backend corpus 'prior-workflow/return/default24/missi…'","status":"passed","title":"'prior-workflow/return/default24/missi…'","duration":0.0741249999999809,"failureMessages":[],"meta":{},"tags":[]},{"ancestorTitles":["BE-CR005-COMPAT pinned 992-case backend corpus"],"fullName":"BE-CR005-COMPAT pinned 992-case backend corpus 'prior-workflow/return/default24/missi…'","status":"passed","title":"'prior-workflow/return/default24/missi…'","duration":0.08895799999999099,"failureMessages":[],"meta":{},"tags":[]},{"ancestorTitles":["BE-CR005-COMPAT pinned 992-case backend corpus"],"fullName":"BE-CR005-COMPAT pinned 992-case backend corpus 'prior-workflow/return/default24/missi…'","status":"passed","title":"'prior-workflow/return/default24/missi…'","duration":0.06854099999998198,"failureMessages":[],"meta":{},"tags":[]},{"ancestorTitles":["BE-CR005-COMPAT pinned 992-case backend corpus"],"fullName":"BE-CR005-COMPAT pinned 992-case backend corpus 'prior-workflow/return/default24/extra'","status":"passed","title":"'prior-workflow/return/default24/extra'","duration":0.06150000000002365,"failureMessages":[],"meta":{},"tags":[]},{"ancestorTitles":["BE-CR005-COMPAT pinned 992-case backend corpus"],"fullName":"BE-CR005-COMPAT pinned 992-case backend corpus 'prior-workflow/return/default24/actio…'","status":"passed","title":"'prior-workflow/return/default24/actio…'","duration":0.06316700000002129,"failureMessages":[],"meta":{},"tags":[]},{"ancestorTitles":["BE-CR005-COMPAT pinned 992-case backend corpus"],"fullName":"BE-CR005-COMPAT pinned 992-case backend corpus 'prior-workflow/return/default24/actio…'","status":"passed","title":"'prior-workflow/return/default24/actio…'","duration":0.0729170000000181,"failureMessages":[],"meta":{},"tags":[]},{"ancestorTitles":["BE-CR005-COMPAT pinned 992-case backend corpus"],"fullName":"BE-CR005-COMPAT pinned 992-case backend corpus 'prior-workflow/return/default24/expec…'","status":"passed","title":"'prior-workflow/return/default24/expec…'","duration":0.0731670000000122,"failureMessages":[],"meta":{},"tags":[]},{"ancestorTitles":["BE-CR005-COMPAT pinned 992-case backend corpus"],"fullName":"BE-CR005-COMPAT pinned 992-case backend corpus 'prior-workflow/return/default24/expec…'","status":"passed","title":"'prior-workflow/return/default24/expec…'","duration":0.05529099999995424,"failureMessages":[],"meta":{},"tags":[]},{"ancestorTitles":["BE-CR005-COMPAT pinned 992-case backend corpus"],"fullName":"BE-CR005-COMPAT pinned 992-case backend corpus 'prior-workflow/return/72/missing/acti…'","status":"passed","title":"'prior-workflow/return/72/missing/acti…'","duration":0.07362500000004957,"failureMessages":[],"meta":{},"tags":[]},{"ancestorTitles":["BE-CR005-COMPAT pinned 992-case backend corpus"],"fullName":"BE-CR005-COMPAT pinned 992-case backend corpus 'prior-workflow/return/72/missing/expe…'","status":"passed","title":"'prior-workflow/return/72/missing/expe…'","duration":0.06833399999999301,"failureMessages":[],"meta":{},"tags":[]},{"ancestorTitles":["BE-CR005-COMPAT pinned 992-case backend corpus"],"fullName":"BE-CR005-COMPAT pinned 992-case backend corpus 'prior-workflow/return/72/missing/expe…'","status":"passed","title":"'prior-workflow/return/72/missing/expe…'","duration":0.059375000000045475,"failureMessages":[],"meta":{},"tags":[]},{"ancestorTitles":["BE-CR005-COMPAT pinned 992-case backend corpus"],"fullName":"BE-CR005-COMPAT pinned 992-case backend corpus 'prior-workflow/return/72/missing/mate…'","status":"passed","title":"'prior-workflow/return/72/missing/mate…'","duration":0.05637500000000273,"failureMessages":[],"meta":{},"tags":[]},{"ancestorTitles":["BE-CR005-COMPAT pinned 992-case backend corpus"],"fullName":"BE-CR005-COMPAT pinned 992-case backend corpus 'prior-workflow/return/72/missing/publ…'","status":"passed","title":"'prior-workflow/return/72/missing/publ…'","duration":0.06037500000002183,"failureMessages":[],"meta":{},"tags":[]},{"ancestorTitles":["BE-CR005-COMPAT pinned 992-case backend corpus"],"fullName":"BE-CR005-COMPAT pinned 992-case backend corpus 'prior-workflow/return/72/missing/reas…'","status":"passed","title":"'prior-workflow/return/72/missing/reas…'","duration":0.06120899999996254,"failureMessages":[],"meta":{},"tags":[]},{"ancestorTitles":["BE-CR005-COMPAT pinned 992-case backend corpus"],"fullName":"BE-CR005-COMPAT pinned 992-case backend corpus 'prior-workflow/return/72/extra'","status":"passed","title":"'prior-workflow/return/72/extra'","duration":0.06683399999997164,"failureMessages":[],"meta":{},"tags":[]},{"ancestorTitles":["BE-CR005-COMPAT pinned 992-case backend corpus"],"fullName":"BE-CR005-COMPAT pinned 992-case backend corpus 'prior-workflow/return/72/action/None'","status":"passed","title":"'prior-workflow/return/72/action/None'","duration":0.060791999999992186,"failureMessages":[],"meta":{},"tags":[]},{"ancestorTitles":["BE-CR005-COMPAT pinned 992-case backend corpus"],"fullName":"BE-CR005-COMPAT pinned 992-case backend corpus 'prior-workflow/return/72/action/UNKNO…'","status":"passed","title":"'prior-workflow/return/72/action/UNKNO…'","duration":0.05525000000000091,"failureMessages":[],"meta":{},"tags":[]},{"ancestorTitles":["BE-CR005-COMPAT pinned 992-case backend corpus"],"fullName":"BE-CR005-COMPAT pinned 992-case backend corpus 'prior-workflow/return/72/expectedVers…'","status":"passed","title":"'prior-workflow/return/72/expectedVers…'","duration":0.05416600000000926,"failureMessages":[],"meta":{},"tags":[]},{"ancestorTitles":["BE-CR005-COMPAT pinned 992-case backend corpus"],"fullName":"BE-CR005-COMPAT pinned 992-case backend corpus 'prior-workflow/return/72/expectedVers…'","status":"passed","title":"'prior-workflow/return/72/expectedVers…'","duration":0.05508300000002464,"failureMessages":[],"meta":{},"tags":[]},{"ancestorTitles":["BE-CR005-COMPAT pinned 992-case backend corpus"],"fullName":"BE-CR005-COMPAT pinned 992-case backend corpus 'prior-workflow/invalid/confirmed/miss…'","status":"passed","title":"'prior-workflow/invalid/confirmed/miss…'","duration":0.05066700000003266,"failureMessages":[],"meta":{},"tags":[]},{"ancestorTitles":["BE-CR005-COMPAT pinned 992-case backend corpus"],"fullName":"BE-CR005-COMPAT pinned 992-case backend corpus 'prior-workflow/invalid/confirmed/miss…'","status":"passed","title":"'prior-workflow/invalid/confirmed/miss…'","duration":0.053625000000010914,"failureMessages":[],"meta":{},"tags":[]},{"ancestorTitles":["BE-CR005-COMPAT pinned 992-case backend corpus"],"fullName":"BE-CR005-COMPAT pinned 992-case backend corpus 'prior-workflow/invalid/confirmed/miss…'","status":"passed","title":"'prior-workflow/invalid/confirmed/miss…'","duration":0.048499999999989996,"failureMessages":[],"meta":{},"tags":[]},{"ancestorTitles":["BE-CR005-COMPAT pinned 992-case backend corpus"],"fullName":"BE-CR005-COMPAT pinned 992-case backend corpus 'prior-workflow/invalid/confirmed/miss…'","status":"passed","title":"'prior-workflow/invalid/confirmed/miss…'","duration":0.05124999999998181,"failureMessages":[],"meta":{},"tags":[]},{"ancestorTitles":["BE-CR005-COMPAT pinned 992-case backend corpus"],"fullName":"BE-CR005-COMPAT pinned 992-case backend corpus 'prior-workflow/invalid/confirmed/miss…'","status":"passed","title":"'prior-workflow/invalid/confirmed/miss…'","duration":0.0472920000000272,"failureMessages":[],"meta":{},"tags":[]},{"ancestorTitles":["BE-CR005-COMPAT pinned 992-case backend corpus"],"fullName":"BE-CR005-COMPAT pinned 992-case backend corpus 'prior-workflow/invalid/confirmed/miss…'","status":"passed","title":"'prior-workflow/invalid/confirmed/miss…'","duration":0.05479199999996354,"failureMessages":[],"meta":{},"tags":[]},{"ancestorTitles":["BE-CR005-COMPAT pinned 992-case backend corpus"],"fullName":"BE-CR005-COMPAT pinned 992-case backend corpus 'prior-workflow/invalid/confirmed/extra'","status":"passed","title":"'prior-workflow/invalid/confirmed/extra'","duration":0.06983400000001438,"failureMessages":[],"meta":{},"tags":[]},{"ancestorTitles":["BE-CR005-COMPAT pinned 992-case backend corpus"],"fullName":"BE-CR005-COMPAT pinned 992-case backend corpus 'prior-workflow/invalid/confirmed/acti…'","status":"passed","title":"'prior-workflow/invalid/confirmed/acti…'","duration":0.05516699999998309,"failureMessages":[],"meta":{},"tags":[]},{"ancestorTitles":["BE-CR005-COMPAT pinned 992-case backend corpus"],"fullName":"BE-CR005-COMPAT pinned 992-case backend corpus 'prior-workflow/invalid/confirmed/acti…'","status":"passed","title":"'prior-workflow/invalid/confirmed/acti…'","duration":0.053625000000010914,"failureMessages":[],"meta":{},"tags":[]},{"ancestorTitles":["BE-CR005-COMPAT pinned 992-case backend corpus"],"fullName":"BE-CR005-COMPAT pinned 992-case backend corpus 'prior-workflow/invalid/confirmed/expe…'","status":"passed","title":"'prior-workflow/invalid/confirmed/expe…'","duration":0.05475000000001273,"failureMessages":[],"meta":{},"tags":[]},{"ancestorTitles":["BE-CR005-COMPAT pinned 992-case backend corpus"],"fullName":"BE-CR005-COMPAT pinned 992-case backend corpus 'prior-workflow/invalid/confirmed/expe…'","status":"passed","title":"'prior-workflow/invalid/confirmed/expe…'","duration":0.05899999999996908,"failureMessages":[],"meta":{},"tags":[]},{"ancestorTitles":["BE-CR005-COMPAT pinned 992-case backend corpus"],"fullName":"BE-CR005-COMPAT pinned 992-case backend corpus 'prior-workflow/correct/valid/missing/…'","status":"passed","title":"'prior-workflow/correct/valid/missing/…'","duration":0.06762499999996407,"failureMessages":[],"meta":{},"tags":[]},{"ancestorTitles":["BE-CR005-COMPAT pinned 992-case backend corpus"],"fullName":"BE-CR005-COMPAT pinned 992-case backend corpus 'prior-workflow/correct/valid/missing/…'","status":"passed","title":"'prior-workflow/correct/valid/missing/…'","duration":0.059375000000045475,"failureMessages":[],"meta":{},"tags":[]},{"ancestorTitles":["BE-CR005-COMPAT pinned 992-case backend corpus"],"fullName":"BE-CR005-COMPAT pinned 992-case backend corpus 'prior-workflow/correct/valid/missing/…'","status":"passed","title":"'prior-workflow/correct/valid/missing/…'","duration":0.06637499999999363,"failureMessages":[],"meta":{},"tags":[]},{"ancestorTitles":["BE-CR005-COMPAT pinned 992-case backend corpus"],"fullName":"BE-CR005-COMPAT pinned 992-case backend corpus 'prior-workflow/correct/valid/missing/…'","status":"passed","title":"'prior-workflow/correct/valid/missing/…'","duration":0.06229200000001356,"failureMessages":[],"meta":{},"tags":[]},{"ancestorTitles":["BE-CR005-COMPAT pinned 992-case backend corpus"],"fullName":"BE-CR005-COMPAT pinned 992-case backend corpus 'prior-workflow/correct/valid/missing/…'","status":"passed","title":"'prior-workflow/correct/valid/missing/…'","duration":0.07970800000003919,"failureMessages":[],"meta":{},"tags":[]},{"ancestorTitles":["BE-CR005-COMPAT pinned 992-case backend corpus"],"fullName":"BE-CR005-COMPAT pinned 992-case backend corpus 'prior-workflow/correct/valid/missing/…'","status":"passed","title":"'prior-workflow/correct/valid/missing/…'","duration":0.07366700000000037,"failureMessages":[],"meta":{},"tags":[]},{"ancestorTitles":["BE-CR005-COMPAT pinned 992-case backend corpus"],"fullName":"BE-CR005-COMPAT pinned 992-case backend corpus 'prior-workflow/correct/valid/extra'","status":"passed","title":"'prior-workflow/correct/valid/extra'","duration":0.07820799999996098,"failureMessages":[],"meta":{},"tags":[]},{"ancestorTitles":["BE-CR005-COMPAT pinned 992-case backend corpus"],"fullName":"BE-CR005-COMPAT pinned 992-case backend corpus 'prior-workflow/correct/valid/result/N…'","status":"passed","title":"'prior-workflow/correct/valid/result/N…'","duration":0.06083300000000236,"failureMessages":[],"meta":{},"tags":[]},{"ancestorTitles":["BE-CR005-COMPAT pinned 992-case backend corpus"],"fullName":"BE-CR005-COMPAT pinned 992-case backend corpus 'prior-workflow/correct/valid/result/U…'","status":"passed","title":"'prior-workflow/correct/valid/result/U…'","duration":0.044749999999964984,"failureMessages":[],"meta":{},"tags":[]},{"ancestorTitles":["BE-CR005-COMPAT pinned 992-case backend corpus"],"fullName":"BE-CR005-COMPAT pinned 992-case backend corpus 'prior-workflow/correct/valid/expected…'","status":"passed","title":"'prior-workflow/correct/valid/expected…'","duration":0.10912500000000591,"failureMessages":[],"meta":{},"tags":[]},{"ancestorTitles":["BE-CR005-COMPAT pinned 992-case backend corpus"],"fullName":"BE-CR005-COMPAT pinned 992-case backend corpus 'prior-workflow/correct/valid/expected…'","status":"passed","title":"'prior-workflow/correct/valid/expected…'","duration":0.0710409999999797,"failureMessages":[],"meta":{},"tags":[]},{"ancestorTitles":["BE-CR005-COMPAT pinned 992-case backend corpus"],"fullName":"BE-CR005-COMPAT pinned 992-case backend corpus 'prior-workflow/correct/invalid/missin…'","status":"passed","title":"'prior-workflow/correct/invalid/missin…'","duration":0.07599999999996498,"failureMessages":[],"meta":{},"tags":[]},{"ancestorTitles":["BE-CR005-COMPAT pinned 992-case backend corpus"],"fullName":"BE-CR005-COMPAT pinned 992-case backend corpus 'prior-workflow/correct/invalid/missin…'","status":"passed","title":"'prior-workflow/correct/invalid/missin…'","duration":0.08804199999997309,"failureMessages":[],"meta":{},"tags":[]},{"ancestorTitles":["BE-CR005-COMPAT pinned 992-case backend corpus"],"fullName":"BE-CR005-COMPAT pinned 992-case backend corpus 'prior-workflow/correct/invalid/missin…'","status":"passed","title":"'prior-workflow/correct/invalid/missin…'","duration":0.0671249999999759,"failureMessages":[],"meta":{},"tags":[]},{"ancestorTitles":["BE-CR005-COMPAT pinned 992-case backend corpus"],"fullName":"BE-CR005-COMPAT pinned 992-case backend corpus 'prior-workflow/correct/invalid/missin…'","status":"passed","title":"'prior-workflow/correct/invalid/missin…'","duration":0.08095800000000963,"failureMessages":[],"meta":{},"tags":[]},{"ancestorTitles":["BE-CR005-COMPAT pinned 992-case backend corpus"],"fullName":"BE-CR005-COMPAT pinned 992-case backend corpus 'prior-workflow/correct/invalid/missin…'","status":"passed","title":"'prior-workflow/correct/invalid/missin…'","duration":0.08600000000001273,"failureMessages":[],"meta":{},"tags":[]},{"ancestorTitles":["BE-CR005-COMPAT pinned 992-case backend corpus"],"fullName":"BE-CR005-COMPAT pinned 992-case backend corpus 'prior-workflow/correct/invalid/missin…'","status":"passed","title":"'prior-workflow/correct/invalid/missin…'","duration":0.08299999999996999,"failureMessages":[],"meta":{},"tags":[]},{"ancestorTitles":["BE-CR005-COMPAT pinned 992-case backend corpus"],"fullName":"BE-CR005-COMPAT pinned 992-case backend corpus 'prior-workflow/correct/invalid/missin…'","status":"passed","title":"'prior-workflow/correct/invalid/missin…'","duration":0.07991700000002311,"failureMessages":[],"meta":{},"tags":[]},{"ancestorTitles":["BE-CR005-COMPAT pinned 992-case backend corpus"],"fullName":"BE-CR005-COMPAT pinned 992-case backend corpus 'prior-workflow/correct/invalid/extra'","status":"passed","title":"'prior-workflow/correct/invalid/extra'","duration":0.08220799999998007,"failureMessages":[],"meta":{},"tags":[]},{"ancestorTitles":["BE-CR005-COMPAT pinned 992-case backend corpus"],"fullName":"BE-CR005-COMPAT pinned 992-case backend corpus 'prior-workflow/correct/invalid/result…'","status":"passed","title":"'prior-workflow/correct/invalid/result…'","duration":0.07875000000001364,"failureMessages":[],"meta":{},"tags":[]},{"ancestorTitles":["BE-CR005-COMPAT pinned 992-case backend corpus"],"fullName":"BE-CR005-COMPAT pinned 992-case backend corpus 'prior-workflow/correct/invalid/result…'","status":"passed","title":"'prior-workflow/correct/invalid/result…'","duration":0.050333000000023276,"failureMessages":[],"meta":{},"tags":[]},{"ancestorTitles":["BE-CR005-COMPAT pinned 992-case backend corpus"],"fullName":"BE-CR005-COMPAT pinned 992-case backend corpus 'prior-workflow/correct/invalid/expect…'","status":"passed","title":"'prior-workflow/correct/invalid/expect…'","duration":0.04775000000000773,"failureMessages":[],"meta":{},"tags":[]},{"ancestorTitles":["BE-CR005-COMPAT pinned 992-case backend corpus"],"fullName":"BE-CR005-COMPAT pinned 992-case backend corpus 'prior-workflow/correct/invalid/expect…'","status":"passed","title":"'prior-workflow/correct/invalid/expect…'","duration":0.04349999999999454,"failureMessages":[],"meta":{},"tags":[]},{"ancestorTitles":["BE-CR005-COMPAT pinned 992-case backend corpus"],"fullName":"BE-CR005-COMPAT pinned 992-case backend corpus 'prior-workflow/supplement/valid/missi…'","status":"passed","title":"'prior-workflow/supplement/valid/missi…'","duration":0.08924999999999272,"failureMessages":[],"meta":{},"tags":[]},{"ancestorTitles":["BE-CR005-COMPAT pinned 992-case backend corpus"],"fullName":"BE-CR005-COMPAT pinned 992-case backend corpus 'prior-workflow/supplement/valid/missi…'","status":"passed","title":"'prior-workflow/supplement/valid/missi…'","duration":0.08958300000000463,"failureMessages":[],"meta":{},"tags":[]},{"ancestorTitles":["BE-CR005-COMPAT pinned 992-case backend corpus"],"fullName":"BE-CR005-COMPAT pinned 992-case backend corpus 'prior-workflow/supplement/valid/missi…'","status":"passed","title":"'prior-workflow/supplement/valid/missi…'","duration":0.07437499999997499,"failureMessages":[],"meta":{},"tags":[]},{"ancestorTitles":["BE-CR005-COMPAT pinned 992-case backend corpus"],"fullName":"BE-CR005-COMPAT pinned 992-case backend corpus 'prior-workflow/supplement/valid/missi…'","status":"passed","title":"'prior-workflow/supplement/valid/missi…'","duration":0.06324999999998226,"failureMessages":[],"meta":{},"tags":[]},{"ancestorTitles":["BE-CR005-COMPAT pinned 992-case backend corpus"],"fullName":"BE-CR005-COMPAT pinned 992-case backend corpus 'prior-workflow/supplement/valid/missi…'","status":"passed","title":"'prior-workflow/supplement/valid/missi…'","duration":0.07729100000000244,"failureMessages":[],"meta":{},"tags":[]},{"ancestorTitles":["BE-CR005-COMPAT pinned 992-case backend corpus"],"fullName":"BE-CR005-COMPAT pinned 992-case backend corpus 'prior-workflow/supplement/valid/missi…'","status":"passed","title":"'prior-workflow/supplement/valid/missi…'","duration":0.08537499999999909,"failureMessages":[],"meta":{},"tags":[]},{"ancestorTitles":["BE-CR005-COMPAT pinned 992-case backend corpus"],"fullName":"BE-CR005-COMPAT pinned 992-case backend corpus 'prior-workflow/supplement/valid/missi…'","status":"passed","title":"'prior-workflow/supplement/valid/missi…'","duration":0.07008400000000847,"failureMessages":[],"meta":{},"tags":[]},{"ancestorTitles":["BE-CR005-COMPAT pinned 992-case backend corpus"],"fullName":"BE-CR005-COMPAT pinned 992-case backend corpus 'prior-workflow/supplement/valid/missi…'","status":"passed","title":"'prior-workflow/supplement/valid/missi…'","duration":0.06274999999999409,"failureMessages":[],"meta":{},"tags":[]},{"ancestorTitles":["BE-CR005-COMPAT pinned 992-case backend corpus"],"fullName":"BE-CR005-COMPAT pinned 992-case backend corpus 'prior-workflow/supplement/valid/extra'","status":"passed","title":"'prior-workflow/supplement/valid/extra'","duration":0.056874999999990905,"failureMessages":[],"meta":{},"tags":[]},{"ancestorTitles":["BE-CR005-COMPAT pinned 992-case backend corpus"],"fullName":"BE-CR005-COMPAT pinned 992-case backend corpus 'prior-workflow/supplement/valid/expec…'","status":"passed","title":"'prior-workflow/supplement/valid/expec…'","duration":0.05637500000000273,"failureMessages":[],"meta":{},"tags":[]},{"ancestorTitles":["BE-CR005-COMPAT pinned 992-case backend corpus"],"fullName":"BE-CR005-COMPAT pinned 992-case backend corpus 'prior-workflow/supplement/valid/expec…'","status":"passed","title":"'prior-workflow/supplement/valid/expec…'","duration":0.0464579999999728,"failureMessages":[],"meta":{},"tags":[]},{"ancestorTitles":["BE-CR005-COMPAT pinned 992-case backend corpus"],"fullName":"BE-CR005-COMPAT pinned 992-case backend corpus 'prior-workflow/supplement/valid/expec…'","status":"passed","title":"'prior-workflow/supplement/valid/expec…'","duration":0.04787499999997635,"failureMessages":[],"meta":{},"tags":[]},{"ancestorTitles":["BE-CR005-COMPAT pinned 992-case backend corpus"],"fullName":"BE-CR005-COMPAT pinned 992-case backend corpus 'prior-workflow/supplement/valid/expec…'","status":"passed","title":"'prior-workflow/supplement/valid/expec…'","duration":0.051000000000044565,"failureMessages":[],"meta":{},"tags":[]},{"ancestorTitles":["BE-CR005-COMPAT pinned 992-case backend corpus"],"fullName":"BE-CR005-COMPAT pinned 992-case backend corpus 'prior-workflow/completion/normal/miss…'","status":"passed","title":"'prior-workflow/completion/normal/miss…'","duration":0.06391599999994924,"failureMessages":[],"meta":{},"tags":[]},{"ancestorTitles":["BE-CR005-COMPAT pinned 992-case backend corpus"],"fullName":"BE-CR005-COMPAT pinned 992-case backend corpus 'prior-workflow/completion/normal/miss…'","status":"passed","title":"'prior-workflow/completion/normal/miss…'","duration":0.0831670000000031,"failureMessages":[],"meta":{},"tags":[]},{"ancestorTitles":["BE-CR005-COMPAT pinned 992-case backend corpus"],"fullName":"BE-CR005-COMPAT pinned 992-case backend corpus 'prior-workflow/completion/normal/miss…'","status":"passed","title":"'prior-workflow/completion/normal/miss…'","duration":0.06154199999997445,"failureMessages":[],"meta":{},"tags":[]},{"ancestorTitles":["BE-CR005-COMPAT pinned 992-case backend corpus"],"fullName":"BE-CR005-COMPAT pinned 992-case backend corpus 'prior-workflow/completion/normal/extra'","status":"passed","title":"'prior-workflow/completion/normal/extra'","duration":0.06337500000000773,"failureMessages":[],"meta":{},"tags":[]},{"ancestorTitles":["BE-CR005-COMPAT pinned 992-case backend corpus"],"fullName":"BE-CR005-COMPAT pinned 992-case backend corpus 'prior-workflow/upload/renew/missing/m…'","status":"passed","title":"'prior-workflow/upload/renew/missing/m…'","duration":0.06004200000000992,"failureMessages":[],"meta":{},"tags":[]},{"ancestorTitles":["BE-CR005-COMPAT pinned 992-case backend corpus"],"fullName":"BE-CR005-COMPAT pinned 992-case backend corpus 'prior-workflow/upload/renew/missing/b…'","status":"passed","title":"'prior-workflow/upload/renew/missing/b…'","duration":0.050957999999980075,"failureMessages":[],"meta":{},"tags":[]},{"ancestorTitles":["BE-CR005-COMPAT pinned 992-case backend corpus"],"fullName":"BE-CR005-COMPAT pinned 992-case backend corpus 'prior-workflow/upload/renew/missing/e…'","status":"passed","title":"'prior-workflow/upload/renew/missing/e…'","duration":0.05479099999996606,"failureMessages":[],"meta":{},"tags":[]},{"ancestorTitles":["BE-CR005-COMPAT pinned 992-case backend corpus"],"fullName":"BE-CR005-COMPAT pinned 992-case backend corpus 'prior-workflow/upload/renew/extra'","status":"passed","title":"'prior-workflow/upload/renew/extra'","duration":0.051333999999997104,"failureMessages":[],"meta":{},"tags":[]},{"ancestorTitles":["BE-CR005-COMPAT pinned 992-case backend corpus"],"fullName":"BE-CR005-COMPAT pinned 992-case backend corpus 'prior-workflow/record/full_pending_re…'","status":"passed","title":"'prior-workflow/record/full_pending_re…'","duration":0.17845800000003464,"failureMessages":[],"meta":{},"tags":[]},{"ancestorTitles":["BE-CR005-COMPAT pinned 992-case backend corpus"],"fullName":"BE-CR005-COMPAT pinned 992-case backend corpus 'prior-workflow/record/full_pending_re…'","status":"passed","title":"'prior-workflow/record/full_pending_re…'","duration":0.09600000000000364,"failureMessages":[],"meta":{},"tags":[]},{"ancestorTitles":["BE-CR005-COMPAT pinned 992-case backend corpus"],"fullName":"BE-CR005-COMPAT pinned 992-case backend corpus 'prior-workflow/record/full_pending_re…'","status":"passed","title":"'prior-workflow/record/full_pending_re…'","duration":0.09249999999997272,"failureMessages":[],"meta":{},"tags":[]},{"ancestorTitles":["BE-CR005-COMPAT pinned 992-case backend corpus"],"fullName":"BE-CR005-COMPAT pinned 992-case backend corpus 'prior-workflow/record/full_pending_re…'","status":"passed","title":"'prior-workflow/record/full_pending_re…'","duration":0.09504099999998061,"failureMessages":[],"meta":{},"tags":[]},{"ancestorTitles":["BE-CR005-COMPAT pinned 992-case backend corpus"],"fullName":"BE-CR005-COMPAT pinned 992-case backend corpus 'prior-workflow/record/full_pending_re…'","status":"passed","title":"'prior-workflow/record/full_pending_re…'","duration":0.08429200000000492,"failureMessages":[],"meta":{},"tags":[]},{"ancestorTitles":["BE-CR005-COMPAT pinned 992-case backend corpus"],"fullName":"BE-CR005-COMPAT pinned 992-case backend corpus 'prior-workflow/record/full_pending_re…'","status":"passed","title":"'prior-workflow/record/full_pending_re…'","duration":0.10608300000001236,"failureMessages":[],"meta":{},"tags":[]},{"ancestorTitles":["BE-CR005-COMPAT pinned 992-case backend corpus"],"fullName":"BE-CR005-COMPAT pinned 992-case backend corpus 'prior-workflow/record/full_pending_re…'","status":"passed","title":"'prior-workflow/record/full_pending_re…'","duration":0.08325000000002092,"failureMessages":[],"meta":{},"tags":[]},{"ancestorTitles":["BE-CR005-COMPAT pinned 992-case backend corpus"],"fullName":"BE-CR005-COMPAT pinned 992-case backend corpus 'prior-workflow/record/full_pending_re…'","status":"passed","title":"'prior-workflow/record/full_pending_re…'","duration":0.100166999999999,"failureMessages":[],"meta":{},"tags":[]},{"ancestorTitles":["BE-CR005-COMPAT pinned 992-case backend corpus"],"fullName":"BE-CR005-COMPAT pinned 992-case backend corpus 'prior-workflow/record/full_pending_re…'","status":"passed","title":"'prior-workflow/record/full_pending_re…'","duration":0.086749999999995,"failureMessages":[],"meta":{},"tags":[]},{"ancestorTitles":["BE-CR005-COMPAT pinned 992-case backend corpus"],"fullName":"BE-CR005-COMPAT pinned 992-case backend corpus 'prior-workflow/record/full_pending_re…'","status":"passed","title":"'prior-workflow/record/full_pending_re…'","duration":0.08191699999997581,"failureMessages":[],"meta":{},"tags":[]},{"ancestorTitles":["BE-CR005-COMPAT pinned 992-case backend corpus"],"fullName":"BE-CR005-COMPAT pinned 992-case backend corpus 'prior-workflow/record/full_pending_re…'","status":"passed","title":"'prior-workflow/record/full_pending_re…'","duration":0.09991700000000492,"failureMessages":[],"meta":{},"tags":[]},{"ancestorTitles":["BE-CR005-COMPAT pinned 992-case backend corpus"],"fullName":"BE-CR005-COMPAT pinned 992-case backend corpus 'prior-workflow/record/full_pending_re…'","status":"passed","title":"'prior-workflow/record/full_pending_re…'","duration":0.11820799999998144,"failureMessages":[],"meta":{},"tags":[]},{"ancestorTitles":["BE-CR005-COMPAT pinned 992-case backend corpus"],"fullName":"BE-CR005-COMPAT pinned 992-case backend corpus 'prior-workflow/record/full_pending_re…'","status":"passed","title":"'prior-workflow/record/full_pending_re…'","duration":0.10354200000000446,"failureMessages":[],"meta":{},"tags":[]},{"ancestorTitles":["BE-CR005-COMPAT pinned 992-case backend corpus"],"fullName":"BE-CR005-COMPAT pinned 992-case backend corpus 'prior-workflow/record/full_pending_re…'","status":"passed","title":"'prior-workflow/record/full_pending_re…'","duration":0.08124999999995453,"failureMessages":[],"meta":{},"tags":[]},{"ancestorTitles":["BE-CR005-COMPAT pinned 992-case backend corpus"],"fullName":"BE-CR005-COMPAT pinned 992-case backend corpus 'prior-workflow/record/full_pending_re…'","status":"passed","title":"'prior-workflow/record/full_pending_re…'","duration":0.08212499999996226,"failureMessages":[],"meta":{},"tags":[]},{"ancestorTitles":["BE-CR005-COMPAT pinned 992-case backend corpus"],"fullName":"BE-CR005-COMPAT pinned 992-case backend corpus 'prior-workflow/receipt/first/missing/…'","status":"passed","title":"'prior-workflow/receipt/first/missing/…'","duration":0.08579100000002882,"failureMessages":[],"meta":{},"tags":[]},{"ancestorTitles":["BE-CR005-COMPAT pinned 992-case backend corpus"],"fullName":"BE-CR005-COMPAT pinned 992-case backend corpus 'prior-workflow/receipt/first/missing/…'","status":"passed","title":"'prior-wo
[...]
11,"failureMessages":[],"meta":{},"tags":[]},{"ancestorTitles":["BE-CR005-COMPAT pinned 992-case backend corpus"],"fullName":"BE-CR005-COMPAT pinned 992-case backend corpus 'checks/privacy/StudentDashboard/final…'","status":"passed","title":"'checks/privacy/StudentDashboard/final…'","duration":0.04733299999998053,"failureMessages":[],"meta":{},"tags":[]},{"ancestorTitles":["BE-CR005-COMPAT pinned 992-case backend corpus"],"fullName":"BE-CR005-COMPAT pinned 992-case backend corpus 'checks/privacy/StudentDashboard/final…'","status":"passed","title":"'checks/privacy/StudentDashboard/final…'","duration":0.04658300000005511,"failureMessages":[],"meta":{},"tags":[]},{"ancestorTitles":["BE-CR005-COMPAT pinned 992-case backend corpus"],"fullName":"BE-CR005-COMPAT pinned 992-case backend corpus 'checks/privacy/StudentDashboard/remar…'","status":"passed","title":"'checks/privacy/StudentDashboard/remar…'","duration":0.04845799999998235,"failureMessages":[],"meta":{},"tags":[]},{"ancestorTitles":["BE-CR005-COMPAT pinned 992-case backend corpus"],"fullName":"BE-CR005-COMPAT pinned 992-case backend corpus 'checks/privacy/StudentDashboard/remar…'","status":"passed","title":"'checks/privacy/StudentDashboard/remar…'","duration":0.047041999999919426,"failureMessages":[],"meta":{},"tags":[]},{"ancestorTitles":["BE-CR005-COMPAT pinned 992-case backend corpus"],"fullName":"BE-CR005-COMPAT pinned 992-case backend corpus 'checks/privacy/StudentDashboard/remar…'","status":"passed","title":"'checks/privacy/StudentDashboard/remar…'","duration":0.046333000000004176,"failureMessages":[],"meta":{},"tags":[]},{"ancestorTitles":["BE-CR005-COMPAT pinned 992-case backend corpus"],"fullName":"BE-CR005-COMPAT pinned 992-case backend corpus 'checks/privacy/dashboard/nested'","status":"passed","title":"'checks/privacy/dashboard/nested'","duration":0.07558299999993778,"failureMessages":[],"meta":{},"tags":[]},{"ancestorTitles":["BE-CR005-COMPAT pinned 992-case backend corpus"],"fullName":"BE-CR005-COMPAT pinned 992-case backend corpus 'checks/privacy/notification/grade_rou…'","status":"passed","title":"'checks/privacy/notification/grade_rou…'","duration":0.04520899999999983,"failureMessages":[],"meta":{},"tags":[]},{"ancestorTitles":["BE-CR005-COMPAT pinned 992-case backend corpus"],"fullName":"BE-CR005-COMPAT pinned 992-case backend corpus 'checks/grade/new_forbidden/remark/None'","status":"passed","title":"'checks/grade/new_forbidden/remark/None'","duration":0.04200000000003001,"failureMessages":[],"meta":{},"tags":[]},{"ancestorTitles":["BE-CR005-COMPAT pinned 992-case backend corpus"],"fullName":"BE-CR005-COMPAT pinned 992-case backend corpus 'checks/grade/new_forbidden/remark/'","status":"passed","title":"'checks/grade/new_forbidden/remark/'","duration":0.05000000000006821,"failureMessages":[],"meta":{},"tags":[]},{"ancestorTitles":["BE-CR005-COMPAT pinned 992-case backend corpus"],"fullName":"BE-CR005-COMPAT pinned 992-case backend corpus 'checks/grade/new_forbidden/remark/历史备注'","status":"passed","title":"'checks/grade/new_forbidden/remark/历史备注'","duration":0.04170899999996891,"failureMessages":[],"meta":{},"tags":[]},{"ancestorTitles":["BE-CR005-COMPAT pinned 992-case backend corpus"],"fullName":"BE-CR005-COMPAT pinned 992-case backend corpus 'checks/grade/new_forbidden/note/None'","status":"passed","title":"'checks/grade/new_forbidden/note/None'","duration":0.03891699999996945,"failureMessages":[],"meta":{},"tags":[]},{"ancestorTitles":["BE-CR005-COMPAT pinned 992-case backend corpus"],"fullName":"BE-CR005-COMPAT pinned 992-case backend corpus 'checks/grade/new_forbidden/note/'","status":"passed","title":"'checks/grade/new_forbidden/note/'","duration":0.03858300000001691,"failureMessages":[],"meta":{},"tags":[]},{"ancestorTitles":["BE-CR005-COMPAT pinned 992-case backend corpus"],"fullName":"BE-CR005-COMPAT pinned 992-case backend corpus 'checks/grade/new_forbidden/note/历史备注'","status":"passed","title":"'checks/grade/new_forbidden/note/历史备注'","duration":0.034374999999954525,"failureMessages":[],"meta":{},"tags":[]},{"ancestorTitles":["BE-CR005-COMPAT pinned 992-case backend corpus"],"fullName":"BE-CR005-COMPAT pinned 992-case backend corpus 'checks/grade/new_forbidden/comment/No…'","status":"passed","title":"'checks/grade/new_forbidden/comment/No…'","duration":0.0352500000000191,"failureMessages":[],"meta":{},"tags":[]},{"ancestorTitles":["BE-CR005-COMPAT pinned 992-case backend corpus"],"fullName":"BE-CR005-COMPAT pinned 992-case backend corpus 'checks/grade/new_forbidden/comment/'","status":"passed","title":"'checks/grade/new_forbidden/comment/'","duration":0.057332999999971435,"failureMessages":[],"meta":{},"tags":[]},{"ancestorTitles":["BE-CR005-COMPAT pinned 992-case backend corpus"],"fullName":"BE-CR005-COMPAT pinned 992-case backend corpus 'checks/grade/new_forbidden/comment/历史…'","status":"passed","title":"'checks/grade/new_forbidden/comment/历史…'","duration":0.03179099999999835,"failureMessages":[],"meta":{},"tags":[]},{"ancestorTitles":["BE-CR005-COMPAT pinned 992-case backend corpus"],"fullName":"BE-CR005-COMPAT pinned 992-case backend corpus 'checks/grade/signed/-1000'","status":"passed","title":"'checks/grade/signed/-1000'","duration":0.03404199999999946,"failureMessages":[],"meta":{},"tags":[]},{"ancestorTitles":["BE-CR005-COMPAT pinned 992-case backend corpus"],"fullName":"BE-CR005-COMPAT pinned 992-case backend corpus 'checks/grade/signed/0'","status":"passed","title":"'checks/grade/signed/0'","duration":0.04141700000002402,"failureMessages":[],"meta":{},"tags":[]},{"ancestorTitles":["BE-CR005-COMPAT pinned 992-case backend corpus"],"fullName":"BE-CR005-COMPAT pinned 992-case backend corpus 'checks/grade/signed/101'","status":"passed","title":"'checks/grade/signed/101'","duration":0.031208999999989828,"failureMessages":[],"meta":{},"tags":[]},{"ancestorTitles":["BE-CR005-COMPAT pinned 992-case backend corpus"],"fullName":"BE-CR005-COMPAT pinned 992-case backend corpus 'checks/grade/signed/2147483647'","status":"passed","title":"'checks/grade/signed/2147483647'","duration":0.030000000000086402,"failureMessages":[],"meta":{},"tags":[]},{"ancestorTitles":["BE-CR005-COMPAT pinned 992-case backend corpus"],"fullName":"BE-CR005-COMPAT pinned 992-case backend corpus 'checks/grade/signed/-2147483648'","status":"passed","title":"'checks/grade/signed/-2147483648'","duration":0.03049999999996089,"failureMessages":[],"meta":{},"tags":[]},{"ancestorTitles":["BE-CR005-COMPAT pinned 992-case backend corpus"],"fullName":"BE-CR005-COMPAT pinned 992-case backend corpus 'checks/history/remark'","status":"passed","title":"'checks/history/remark'","duration":0.05349999999998545,"failureMessages":[],"meta":{},"tags":[]},{"ancestorTitles":["BE-CR005-COMPAT pinned 992-case backend corpus"],"fullName":"BE-CR005-COMPAT pinned 992-case backend corpus 'checks/history/grade_not_expanded'","status":"passed","title":"'checks/history/grade_not_expanded'","duration":0.046208999999976186,"failureMessages":[],"meta":{},"tags":[]},{"ancestorTitles":["BE-CR005-COMPAT pinned 992-case backend corpus"],"fullName":"BE-CR005-COMPAT pinned 992-case backend corpus 'checks/service/ROSTER_OCR'","status":"passed","title":"'checks/service/ROSTER_OCR'","duration":0.0578330000000733,"failureMessages":[],"meta":{},"tags":[]},{"ancestorTitles":["BE-CR005-COMPAT pinned 992-case backend corpus"],"fullName":"BE-CR005-COMPAT pinned 992-case backend corpus 'checks/service/ocr_no_auto/ROSTER_OCR'","status":"passed","title":"'checks/service/ocr_no_auto/ROSTER_OCR'","duration":0.04695800000001782,"failureMessages":[],"meta":{},"tags":[]},{"ancestorTitles":["BE-CR005-COMPAT pinned 992-case backend corpus"],"fullName":"BE-CR005-COMPAT pinned 992-case backend corpus 'checks/service/ENDURANCE_OCR'","status":"passed","title":"'checks/service/ENDURANCE_OCR'","duration":0.04733299999998053,"failureMessages":[],"meta":{},"tags":[]},{"ancestorTitles":["BE-CR005-COMPAT pinned 992-case backend corpus"],"fullName":"BE-CR005-COMPAT pinned 992-case backend corpus 'checks/service/ocr_no_auto/ENDURANCE_…'","status":"passed","title":"'checks/service/ocr_no_auto/ENDURANCE_…'","duration":0.03979200000003402,"failureMessages":[],"meta":{},"tags":[]},{"ancestorTitles":["BE-CR005-COMPAT pinned 992-case backend corpus"],"fullName":"BE-CR005-COMPAT pinned 992-case backend corpus 'checks/service/vlm_needs_evidence'","status":"passed","title":"'checks/service/vlm_needs_evidence'","duration":0.04041699999993398,"failureMessages":[],"meta":{},"tags":[]},{"ancestorTitles":["BE-CR005-COMPAT pinned 992-case backend corpus"],"fullName":"BE-CR005-COMPAT pinned 992-case backend corpus 'checks/service/vlm_evidence_reference'","status":"passed","title":"'checks/service/vlm_evidence_reference'","duration":0.04708400000004076,"failureMessages":[],"meta":{},"tags":[]},{"ancestorTitles":["BE-CR005-COMPAT pinned 992-case backend corpus"],"fullName":"BE-CR005-COMPAT pinned 992-case backend corpus 'checks/service/no_leak/TechnicalServi…'","status":"passed","title":"'checks/service/no_leak/TechnicalServi…'","duration":0.04150000000004184,"failureMessages":[],"meta":{},"tags":[]},{"ancestorTitles":["BE-CR005-COMPAT pinned 992-case backend corpus"],"fullName":"BE-CR005-COMPAT pinned 992-case backend corpus 'checks/service/no_leak/TechnicalServi…'","status":"passed","title":"'checks/service/no_leak/TechnicalServi…'","duration":0.04366600000003018,"failureMessages":[],"meta":{},"tags":[]},{"ancestorTitles":["BE-CR005-COMPAT pinned 992-case backend corpus"],"fullName":"BE-CR005-COMPAT pinned 992-case backend corpus 'checks/service/no_leak/TechnicalServi…'","status":"passed","title":"'checks/service/no_leak/TechnicalServi…'","duration":0.04312500000003183,"failureMessages":[],"meta":{},"tags":[]},{"ancestorTitles":["BE-CR005-COMPAT pinned 992-case backend corpus"],"fullName":"BE-CR005-COMPAT pinned 992-case backend corpus 'checks/service/no_leak/TechnicalServi…'","status":"passed","title":"'checks/service/no_leak/TechnicalServi…'","duration":0.04291699999998855,"failureMessages":[],"meta":{},"tags":[]},{"ancestorTitles":["BE-CR005-COMPAT pinned 992-case backend corpus"],"fullName":"BE-CR005-COMPAT pinned 992-case backend corpus 'checks/service/no_leak/TechnicalServi…'","status":"passed","title":"'checks/service/no_leak/TechnicalServi…'","duration":0.04358400000000984,"failureMessages":[],"meta":{},"tags":[]},{"ancestorTitles":["BE-CR005-COMPAT pinned 992-case backend corpus"],"fullName":"BE-CR005-COMPAT pinned 992-case backend corpus 'checks/service/no_leak/TechnicalServi…'","status":"passed","title":"'checks/service/no_leak/TechnicalServi…'","duration":0.06454100000007656,"failureMessages":[],"meta":{},"tags":[]},{"ancestorTitles":["BE-CR005-COMPAT pinned 992-case backend corpus"],"fullName":"BE-CR005-COMPAT pinned 992-case backend corpus 'checks/service/no_leak/TechnicalServi…'","status":"passed","title":"'checks/service/no_leak/TechnicalServi…'","duration":0.0767919999999549,"failureMessages":[],"meta":{},"tags":[]},{"ancestorTitles":["BE-CR005-COMPAT pinned 992-case backend corpus"],"fullName":"BE-CR005-COMPAT pinned 992-case backend corpus 'checks/service/no_leak/TechnicalServi…'","status":"passed","title":"'checks/service/no_leak/TechnicalServi…'","duration":0.05645800000002055,"failureMessages":[],"meta":{},"tags":[]},{"ancestorTitles":["BE-CR005-COMPAT pinned 992-case backend corpus"],"fullName":"BE-CR005-COMPAT pinned 992-case backend corpus 'checks/service/no_leak/TechnicalServi…'","status":"passed","title":"'checks/service/no_leak/TechnicalServi…'","duration":0.04516599999999471,"failureMessages":[],"meta":{},"tags":[]},{"ancestorTitles":["BE-CR005-COMPAT pinned 992-case backend corpus"],"fullName":"BE-CR005-COMPAT pinned 992-case backend corpus 'checks/service/no_leak/TechnicalServi…'","status":"passed","title":"'checks/service/no_leak/TechnicalServi…'","duration":0.05662499999993997,"failureMessages":[],"meta":{},"tags":[]},{"ancestorTitles":["BE-CR005-COMPAT pinned 992-case backend corpus"],"fullName":"BE-CR005-COMPAT pinned 992-case backend corpus 'checks/service/no_leak/TechnicalServi…'","status":"passed","title":"'checks/service/no_leak/TechnicalServi…'","duration":0.07558299999993778,"failureMessages":[],"meta":{},"tags":[]},{"ancestorTitles":["BE-CR005-COMPAT pinned 992-case backend corpus"],"fullName":"BE-CR005-COMPAT pinned 992-case backend corpus 'checks/service/no_leak/TechnicalServi…'","status":"passed","title":"'checks/service/no_leak/TechnicalServi…'","duration":0.057040999999912856,"failureMessages":[],"meta":{},"tags":[]},{"ancestorTitles":["BE-CR005-COMPAT pinned 992-case backend corpus"],"fullName":"BE-CR005-COMPAT pinned 992-case backend corpus 'checks/service/no_leak/TechnicalServi…'","status":"passed","title":"'checks/service/no_leak/TechnicalServi…'","duration":0.0811669999999367,"failureMessages":[],"meta":{},"tags":[]},{"ancestorTitles":["BE-CR005-COMPAT pinned 992-case backend corpus"],"fullName":"BE-CR005-COMPAT pinned 992-case backend corpus 'checks/service/no_leak/TechnicalServi…'","status":"passed","title":"'checks/service/no_leak/TechnicalServi…'","duration":0.06733300000007603,"failureMessages":[],"meta":{},"tags":[]},{"ancestorTitles":["BE-CR005-COMPAT pinned 992-case backend corpus"],"fullName":"BE-CR005-COMPAT pinned 992-case backend corpus 'checks/service/no_leak/TechnicalServi…'","status":"passed","title":"'checks/service/no_leak/TechnicalServi…'","duration":0.0482920000000604,"failureMessages":[],"meta":{},"tags":[]},{"ancestorTitles":["BE-CR005-COMPAT pinned 992-case backend corpus"],"fullName":"BE-CR005-COMPAT pinned 992-case backend corpus 'checks/service/missing_not_zero'","status":"passed","title":"'checks/service/missing_not_zero'","duration":0.06187499999998636,"failureMessages":[],"meta":{},"tags":[]},{"ancestorTitles":["BE-CR005-COMPAT pinned 992-case backend corpus"],"fullName":"BE-CR005-COMPAT pinned 992-case backend corpus 'checks/service/available'","status":"passed","title":"'checks/service/available'","duration":0.10729200000002947,"failureMessages":[],"meta":{},"tags":[]},{"ancestorTitles":["BE-CR005-COMPAT pinned 992-case backend corpus"],"fullName":"BE-CR005-COMPAT pinned 992-case backend corpus 'checks/service/failed_probe_not_healt…'","status":"passed","title":"'checks/service/failed_probe_not_healt…'","duration":0.06083300000000236,"failureMessages":[],"meta":{},"tags":[]},{"ancestorTitles":["BE-CR005-COMPAT pinned 992-case backend corpus"],"fullName":"BE-CR005-COMPAT pinned 992-case backend corpus 'checks/service/course_scope'","status":"passed","title":"'checks/service/course_scope'","duration":0.06149999999990996,"failureMessages":[],"meta":{},"tags":[]},{"ancestorTitles":["BE-CR005-COMPAT pinned 992-case backend corpus"],"fullName":"BE-CR005-COMPAT pinned 992-case backend corpus 'checks/service/course_scope_missing'","status":"passed","title":"'checks/service/course_scope_missing'","duration":0.04229099999997743,"failureMessages":[],"meta":{},"tags":[]},{"ancestorTitles":["BE-CR005-COMPAT pinned 992-case backend corpus"],"fullName":"BE-CR005-COMPAT pinned 992-case backend corpus 'checks/manual/closed'","status":"passed","title":"'checks/manual/closed'","duration":0.07766700000001947,"failureMessages":[],"meta":{},"tags":[]},{"ancestorTitles":["BE-CR005-COMPAT pinned 992-case backend corpus"],"fullName":"BE-CR005-COMPAT pinned 992-case backend corpus 'checks/manual/false_close'","status":"passed","title":"'checks/manual/false_close'","duration":0.06633299999998599,"failureMessages":[],"meta":{},"tags":[]},{"ancestorTitles":["BE-CR005-COMPAT pinned 992-case backend corpus"],"fullName":"BE-CR005-COMPAT pinned 992-case backend corpus 'checks/projection/unavailable_not_zero'","status":"passed","title":"'checks/projection/unavailable_not_zero'","duration":0.06479100000001381,"failureMessages":[],"meta":{},"tags":[]},{"ancestorTitles":["BE-CR005-COMPAT pinned 992-case backend corpus"],"fullName":"BE-CR005-COMPAT pinned 992-case backend corpus 'checks/projection/current_full_sources'","status":"passed","title":"'checks/projection/current_full_sources'","duration":0.22058400000003076,"failureMessages":[],"meta":{},"tags":[]},{"ancestorTitles":["BE-CR005-COMPAT pinned 992-case backend corpus"],"fullName":"BE-CR005-COMPAT pinned 992-case backend corpus 'checks/projection/missing_owner'","status":"passed","title":"'checks/projection/missing_owner'","duration":0.07650000000001,"failureMessages":[],"meta":{},"tags":[]},{"ancestorTitles":["BE-CR005-COMPAT pinned 992-case backend corpus"],"fullName":"BE-CR005-COMPAT pinned 992-case backend corpus 'checks/projection/duplicate_owner'","status":"passed","title":"'checks/projection/duplicate_owner'","duration":0.07345799999995961,"failureMessages":[],"meta":{},"tags":[]},{"ancestorTitles":["BE-CR005-COMPAT pinned 992-case backend corpus"],"fullName":"BE-CR005-COMPAT pinned 992-case backend corpus 'checks/export/ready'","status":"passed","title":"'checks/export/ready'","duration":0.05208300000003874,"failureMessages":[],"meta":{},"tags":[]},{"ancestorTitles":["BE-CR005-COMPAT pinned 992-case backend corpus"],"fullName":"BE-CR005-COMPAT pinned 992-case backend corpus 'checks/export/no_file_not_ready'","status":"passed","title":"'checks/export/no_file_not_ready'","duration":0.051124999999956344,"failureMessages":[],"meta":{},"tags":[]},{"ancestorTitles":[],"fullName":"exact corpus and original union denominators","status":"passed","title":"exact corpus and original union denominators","duration":0.6005420000000186,"failureMessages":[],"meta":{},"tags":[]},{"ancestorTitles":[],"fullName":"CertificationKind API/Application/Domain SCHOOL_TEAM","status":"passed","title":"CertificationKind API/Application/Domain SCHOOL_TEAM","duration":0.25225000000000364,"failureMessages":[],"meta":{},"tags":[]},{"ancestorTitles":[],"fullName":"CertificationKind API/Application/Domain STUDENT_CLUB","status":"passed","title":"CertificationKind API/Application/Domain STUDENT_CLUB","duration":0.022249999999985448,"failureMessages":[],"meta":{},"tags":[]},{"ancestorTitles":[],"fullName":"invalid CertificationKind rejected: null","status":"passed","title":"invalid CertificationKind rejected: null","duration":0.06404199999997218,"failureMessages":[],"meta":{},"tags":[]},{"ancestorTitles":[],"fullName":"invalid CertificationKind rejected: undefined","status":"passed","title":"invalid CertificationKind rejected: undefined","duration":0.03983299999993051,"failureMessages":[],"meta":{},"tags":[]},{"ancestorTitles":[],"fullName":"invalid CertificationKind rejected: \"school_team\"","status":"passed","title":"invalid CertificationKind rejected: \"school_team\"","duration":0.03491699999995035,"failureMessages":[],"meta":{},"tags":[]},{"ancestorTitles":[],"fullName":"invalid CertificationKind rejected: \"UNKNOWN\"","status":"passed","title":"invalid CertificationKind rejected: \"UNKNOWN\"","duration":0.03529100000002927,"failureMessages":[],"meta":{},"tags":[]},{"ancestorTitles":[],"fullName":"invalid CertificationKind rejected: 1","status":"passed","title":"invalid CertificationKind rejected: 1","duration":0.03412500000001728,"failureMessages":[],"meta":{},"tags":[]},{"ancestorTitles":[],"fullName":"invalid CertificationKind rejected: true","status":"passed","title":"invalid CertificationKind rejected: true","duration":0.03379100000006474,"failureMessages":[],"meta":{},"tags":[]},{"ancestorTitles":[],"fullName":"invalid CertificationKind rejected: {}","status":"passed","title":"invalid CertificationKind rejected: {}","duration":0.035166000000003805,"failureMessages":[],"meta":{},"tags":[]},{"ancestorTitles":[],"fullName":"internal unknown variants fail closed independently","status":"passed","title":"internal unknown variants fail closed independently","duration":0.03308300000003328,"failureMessages":[],"meta":{},"tags":[]}],"startTime":1788923215898,"endTime":1788923216154.2522,"status":"passed","message":"","name":"/workspace/tests/contract/compatibility.test.ts"}]}