{"numTotalTestSuites":1,"numPassedTestSuites":1,"numFailedTestSuites":0,"numPendingTestSuites":0,"numTotalTests":18,"numPassedTests":18,"numFailedTests":0,"numPendingTests":0,"numTodoTests":0,"snapshot":{"added":0,"failure":false,"filesAdded":0,"filesRemoved":0,"filesRemovedList":[],"filesUnmatched":0,"filesUpdated":0,"matched":0,"total":0,"unchecked":0,"uncheckedKeysByFile":[],"unmatched":0,"updated":0,"didUpdate":false},"startTime":1788923216301,"success":true,"testResults":[{"assertionResults":[{"ancestorTitles":[],"fullName":"production layer/model/port/shared/module rules","status":"passed","title":"production layer/model/port/shared/module rules","duration":84.414792,"failureMessages":[],"meta":{},"tags":[]},{"ancestorTitles":[],"fullName":"negative architectural fixture: domain dependency","status":"passed","title":"negative architectural fixture: domain dependency","duration":0.22287499999998772,"failureMessages":[],"meta":{},"tags":[]},{"ancestorTitles":[],"fullName":"negative architectural fixture: API direct Domain","status":"passed","title":"negative architectural fixture: API direct Domain","duration":0.09500000000002728,"failureMessages":[],"meta":{},"tags":[]},{"ancestorTitles":[],"fullName":"negative architectural fixture: Infrastructure depends on API","status":"passed","title":"negative architectural fixture: Infrastructure depends on API","duration":0.08887500000003001,"failureMessages":[],"meta":{},"tags":[]},{"ancestorTitles":[],"fullName":"negative architectural fixture: shared depends on business module","status":"passed","title":"negative architectural fixture: shared depends on business module","duration":0.08091699999999946,"failureMessages":[],"meta":{},"tags":[]},{"ancestorTitles":[],"fullName":"negative architectural fixture: DTO leaking into Application","status":"passed","title":"negative architectural fixture: DTO leaking into Application","duration":0.06495799999999008,"failureMessages":[],"meta":{},"tags":[]},{"ancestorTitles":[],"fullName":"negative architectural fixture: cross-module Repository","status":"passed","title":"negative architectural fixture: cross-module Repository","duration":0.06462499999997817,"failureMessages":[],"meta":{},"tags":[]},{"ancestorTitles":[],"fullName":"negative architectural fixture: misplaced Port","status":"passed","title":"negative architectural fixture: misplaced Port","duration":0.06374999999997044,"failureMessages":[],"meta":{},"tags":[]},{"ancestorTitles":[],"fullName":"negative architectural fixture: ORM row leaking","status":"passed","title":"negative architectural fixture: ORM row leaking","duration":0.0833329999999819,"failureMessages":[],"meta":{},"tags":[]},{"ancestorTitles":[],"fullName":"negative architectural fixture: unapproved shared symbol","status":"passed","title":"negative architectural fixture: unapproved shared symbol","duration":0.09516700000000355,"failureMessages":[],"meta":{},"tags":[]},{"ancestorTitles":[],"fullName":"negative architectural fixture: bootstrap inversion","status":"passed","title":"negative architectural fixture: bootstrap inversion","duration":0.06329199999998991,"failureMessages":[],"meta":{},"tags":[]},{"ancestorTitles":[],"fullName":"negative architectural fixture: dynamic import bypass","status":"passed","title":"negative architectural fixture: dynamic import bypass","duration":0.11916600000000699,"failureMessages":[],"meta":{},"tags":[]},{"ancestorTitles":[],"fullName":"negative architectural fixture: global clock in Domain","status":"passed","title":"negative architectural fixture: global clock in Domain","duration":0.07679200000001174,"failureMessages":[],"meta":{},"tags":[]},{"ancestorTitles":[],"fullName":"negative architectural fixture: cross-module table read","status":"passed","title":"negative architectural fixture: cross-module table read","duration":0.04704100000003564,"failureMessages":[],"meta":{},"tags":[]},{"ancestorTitles":[],"fullName":"negative architectural fixture: undeclared table","status":"passed","title":"negative architectural fixture: undeclared table","duration":0.04887500000000955,"failureMessages":[],"meta":{},"tags":[]},{"ancestorTitles":[],"fullName":"negative architectural fixture: dynamic module SQL","status":"passed","title":"negative architectural fixture: dynamic module SQL","duration":0.05700000000001637,"failureMessages":[],"meta":{},"tags":[]},{"ancestorTitles":[],"fullName":"negative architectural fixture: Repository takes transaction control","status":"passed","title":"negative architectural fixture: Repository takes transaction control","duration":0.03725000000002865,"failureMessages":[],"meta":{},"tags":[]},{"ancestorTitles":[],"fullName":"cyclic production imports are rejected","status":"passed","title":"cyclic production imports are rejected","duration":0.288167000000044,"failureMessages":[],"meta":{},"tags":[]}],"startTime":1788923216491,"endTime":1788923216577.288,"status":"passed","message":"","name":"/workspace/tests/architecture/architecture.test.ts"}]}