<?xml version='1.0' encoding='utf8'?>
<testsuite name="Android-full" tests="77" failures="0"><testcase classname="Phase6MockUiTest" name="renderSameHttpDtoMapperScenario[dashboard_unjoined]" /><testcase classname="Phase6MockUiTest" name="renderSameHttpDtoMapperScenario[account_student_verified_email]" /><testcase classname="Phase6MockUiTest" name="renderSameHttpDtoMapperScenario[account_deletion_retains_facts]" /><testcase classname="Phase6MockUiTest" name="renderSameHttpDtoMapperScenario[session_restore_server_seconds]" /><testcase classname="Phase6MockUiTest" name="renderSameHttpDtoMapperScenario[progress_1199_is_not_target_met]" /><testcase classname="Phase6MockUiTest" name="renderSameHttpDtoMapperScenario[progress_recomputing_keeps_old_checkpoint]" /><testcase classname="Phase6MockUiTest" name="renderSameHttpDtoMapperScenario[progress_unavailable_is_not_zero]" /><testcase classname="Phase6MockUiTest" name="renderSameHttpDtoMapperScenario[progress_cached_is_read_only]" /><testcase classname="Phase6MockUiTest" name="renderSameHttpDtoMapperScenario[record_pending_material]" /><testcase classname="Phase6MockUiTest" name="renderSameHttpDtoMapperScenario[record_teacher_round1]" /><testcase classname="Phase6MockUiTest" name="renderSameHttpDtoMapperScenario[record_await_supplement]" /><testcase classname="Phase6MockUiTest" name="renderSameHttpDtoMapperScenario[record_round2]" /><testcase classname="Phase6MockUiTest" name="renderSameHttpDtoMapperScenario[record_valid]" /><testcase classname="Phase6MockUiTest" name="renderSameHttpDtoMapperScenario[technical_processing_never_invalid]" /><testcase classname="Phase6MockUiTest" name="renderSameHttpDtoMapperScenario[supplement_timer_paused]" /><testcase classname="Phase6MockUiTest" name="renderSameHttpDtoMapperScenario[supplement_timer_unavailable]" /><testcase classname="Phase6MockUiTest" name="renderSameHttpDtoMapperScenario[archived_record_is_read_only]" /><testcase classname="Phase6MockUiTest" name="renderSameHttpDtoMapperScenario[records_empty_only_typed_200]" /><testcase classname="Phase6MockUiTest" name="renderSameHttpDtoMapperScenario[records_cursor_exact]" /><testcase classname="Phase6MockUiTest" name="renderSameHttpDtoMapperScenario[first_material_before_deadline]" /><testcase classname="Phase6MockUiTest" name="renderSameHttpDtoMapperScenario[first_material_exact_deadline_closed]" /><testcase classname="Phase6MockUiTest" name="renderSameHttpDtoMapperScenario[first_material_cached_cannot_write]" /><testcase classname="Phase6MockUiTest" name="renderSameHttpDtoMapperScenario[first_receipt_alone_cannot_resume]" /><testcase classname="Phase6MockUiTest" name="renderSameHttpDtoMapperScenario[invitation_active_new_registration]" /><testcase classname="Phase6MockUiTest" name="renderSameHttpDtoMapperScenario[invitation_join_closed]" /><testcase classname="Phase6MockUiTest" name="renderSameHttpDtoMapperScenario[invitation_expired_new_flow_blocked]" /><testcase classname="Phase6MockUiTest" name="renderSameHttpDtoMapperScenario[endurance_raw_measured]" /><testcase classname="Phase6MockUiTest" name="renderSameHttpDtoMapperScenario[endurance_exempt]" /><testcase classname="Phase6MockUiTest" name="renderSameHttpDtoMapperScenario[applications_empty]" /><testcase classname="Phase6MockUiTest" name="renderSameHttpDtoMapperScenario[application_explicit_exemption_kind]" /><testcase classname="Phase6MockUiTest" name="renderSameHttpDtoMapperScenario[notifications_explicit_target]" /><testcase classname="Phase6MockUiTest" name="renderSameHttpDtoMapperScenario[notifications_empty]" /><testcase classname="Phase6MockUiTest" name="renderSameHttpDtoMapperScenario[feedback_empty]" /><testcase classname="Phase6MockUiTest" name="renderSameHttpDtoMapperScenario[feedback_detail_deleted_email]" /><testcase classname="Phase6MockUiTest" name="renderSameHttpDtoMapperScenario[help_public]" /><testcase classname="Phase6MockUiTest" name="renderSameHttpDtoMapperScenario[help_cached_read_only]" /><testcase classname="Phase6MockUiTest" name="renderSameHttpDtoMapperScenario[release_forced_upgrade]" /><testcase classname="Phase6MockUiTest" name="renderSameHttpDtoMapperScenario[http_error_TOKEN_EXPIRED]" /><testcase classname="Phase6MockUiTest" name="renderSameHttpDtoMapperScenario[http_error_AUTHENTICATION_REQUIRED]" /><testcase classname="Phase6MockUiTest" name="renderSameHttpDtoMapperScenario[http_error_FORBIDDEN]" /><testcase classname="Phase6MockUiTest" name="renderSameHttpDtoMapperScenario[http_error_SYSTEM_MAINTENANCE]" /><testcase classname="Phase6MockUiTest" name="renderSameHttpDtoMapperScenario[http_error_DEPENDENCY_UNAVAILABLE]" /><testcase classname="Phase6MockUiTest" name="renderSameHttpDtoMapperScenario[http_error_INTERNAL_ERROR]" /><testcase classname="Phase6MockUiTest" name="renderSameHttpDtoMapperScenario[maintenance_estimate_does_not_unlock]" /><testcase classname="Phase6MockRetryUiTest" name="retryButtonRunsFreshModeAndReadOverMockHttp" /><testcase classname="Phase6DeviceBoundaryTest" name="concatenatedJsonRejected" /><testcase classname="Phase6DeviceBoundaryTest" name="historicalIdentityHasNoCurrentProfileOnHostAndAndroid" /><testcase classname="Phase6DeviceBoundaryTest" name="alreadyReadyMaterialCannotResume" /><testcase classname="Phase6DeviceBoundaryTest" name="forbiddenStudentGradeRejected" /><testcase classname="Phase6DeviceBoundaryTest" name="receiptManifestMismatchRejected" /><testcase classname="Phase6DeviceBoundaryTest" name="generatedSupplementPost201WaitsForServerReceipt" /><testcase classname="Phase6DeviceBoundaryTest" name="freshNormalIsRequiredToRecoverFromMaintenance" /><testcase classname="Phase6DeviceBoundaryTest" name="nonUtf8Rejected" /><testcase classname="Phase6DeviceBoundaryTest" name="unexpected204IsNotEmpty" /><testcase classname="Phase6DeviceBoundaryTest" name="transportFailureCannotBecomeMaintenanceOrEmpty" /><testcase classname="Phase6DeviceBoundaryTest" name="technicalStageWithoutCaseIdentityRejected" /><testcase classname="Phase6DeviceBoundaryTest" name="redirectIsNotFollowed" /><testcase classname="Phase6DeviceBoundaryTest" name="htmlSuccessIsNotEmpty" /><testcase classname="Phase6DeviceBoundaryTest" name="staleResponseCannotOverwriteNewScreenAndLoadingIsObservable" /><testcase classname="Phase6DeviceBoundaryTest" name="supplement409RequiresRefreshAndNeverAutoResubmits" /><testcase classname="Phase6DeviceBoundaryTest" name="notificationDisclosureIsNotRendered" /><testcase classname="Phase6DeviceBoundaryTest" name="ownFeedbackCannotReturnADeletedIdentity" /><testcase classname="Phase6DeviceBoundaryTest" name="failedReleaseRefreshKeepsForcedUpgradeVisible" /><testcase classname="Phase6DeviceBoundaryTest" name="lockedResumeNeedsFreshMatchingCurrentMaterial" /><testcase classname="Phase6DeviceBoundaryTest" name="malformedJsonIsInvalidResponseNotTransport" /><testcase classname="Phase6DeviceBoundaryTest" name="missingRequiredNullableRejected" /><testcase classname="Phase6DeviceBoundaryTest" name="unknownEnumRejected" /><testcase classname="Phase6DeviceBoundaryTest" name="duplicateJsonMembersRejected" /><testcase classname="Phase6DeviceBoundaryTest" name="invalidationDisablesPreviouslyAvailableWrite" /><testcase classname="Phase6DeviceBoundaryTest" name="literalLoopbackOnly" /><testcase classname="Phase6DeviceBoundaryTest" name="staleSupplementCommandDoesNotSendPost" /><testcase classname="Phase6DeviceBoundaryTest" name="cachedReceiptCannotTriggerAnyResumeRead" /><testcase classname="Phase6DeviceBoundaryTest" name="exactTransferDeadlineCannotResume" /><testcase classname="Phase6DeviceBoundaryTest" name="allThirteenQuery400ResponsesRemainApiErrors" /><testcase classname="Phase6DeviceBoundaryTest" name="invalidConstructedRequestNeverLeavesDeviceAndBecomesPageError" /><testcase classname="Phase6DeviceSchemaTest" name="publishedCorpusOnAndroid" /><testcase classname="Phase6DeviceSchemaTest" name="supplementalCorpusOnAndroid" /></testsuite>