<?xml version="1.0" encoding="UTF-8"?>
<testsuite name="Phase6MapperTest" tests="255" skipped="0" failures="0" errors="0" timestamp="2026-09-08T08:32:37.498Z" hostname="LAPTOP-PPHQAT6R" time="1.11">
  <properties/>
  <testcase name="wireThroughMapperToPresentation[progress/1199_percent100_is_not_target_met]" classname="Phase6MapperTest" time="0.587"/>
  <testcase name="wireThroughMapperToPresentation[progress/1200_is_target_met]" classname="Phase6MapperTest" time="0.008"/>
  <testcase name="wireThroughMapperToPresentation[progress/recomputing_previous_checkpoint_is_history]" classname="Phase6MapperTest" time="0.02"/>
  <testcase name="wireThroughMapperToPresentation[progress/unavailable_has_no_zero_or_cached_fallback]" classname="Phase6MapperTest" time="0.001"/>
  <testcase name="wireThroughMapperToPresentation[progress/recomputing_without_checkpoint]" classname="Phase6MapperTest" time="0.001"/>
  <testcase name="wireThroughMapperToPresentation[progress/reject_identity]" classname="Phase6MapperTest" time="0.006"/>
  <testcase name="wireThroughMapperToPresentation[progress/reject_missing_current]" classname="Phase6MapperTest" time="0.005"/>
  <testcase name="wireThroughMapperToPresentation[progress/reject_unavailable_with_numbers]" classname="Phase6MapperTest" time="0.004"/>
  <testcase name="wireThroughMapperToPresentation[progress/reject_category_sum]" classname="Phase6MapperTest" time="0.003"/>
  <testcase name="wireThroughMapperToPresentation[record/stage_MATERIAL_PROCESSING]" classname="Phase6MapperTest" time="0.034"/>
  <testcase name="wireThroughMapperToPresentation[record/stage_SYSTEM_CHECK_PENDING]" classname="Phase6MapperTest" time="0.003"/>
  <testcase name="wireThroughMapperToPresentation[record/stage_AI_REVIEW_PENDING]" classname="Phase6MapperTest" time="0.004"/>
  <testcase name="wireThroughMapperToPresentation[record/stage_TECHNICAL_PROCESSING]" classname="Phase6MapperTest" time="0.002"/>
  <testcase name="wireThroughMapperToPresentation[record/stage_TEACHER_REVIEW_REQUIRED]" classname="Phase6MapperTest" time="0.007"/>
  <testcase name="wireThroughMapperToPresentation[record/stage_SUPPLEMENT_REQUIRED]" classname="Phase6MapperTest" time="0.006"/>
  <testcase name="wireThroughMapperToPresentation[record/stage_SUPPLEMENT_REVIEW_REQUIRED]" classname="Phase6MapperTest" time="0.009"/>
  <testcase name="wireThroughMapperToPresentation[record/valid_counted_0]" classname="Phase6MapperTest" time="0.014"/>
  <testcase name="wireThroughMapperToPresentation[record/valid_counted_30]" classname="Phase6MapperTest" time="0.006"/>
  <testcase name="wireThroughMapperToPresentation[record/valid_counted_60]" classname="Phase6MapperTest" time="0.008"/>
  <testcase name="wireThroughMapperToPresentation[record/valid_statistics_absent]" classname="Phase6MapperTest" time="0.008"/>
  <testcase name="wireThroughMapperToPresentation[record/valid_statistics_recomputing]" classname="Phase6MapperTest" time="0.006"/>
  <testcase name="wireThroughMapperToPresentation[record/valid_statistics_wrong_checkpoint]" classname="Phase6MapperTest" time="0.007"/>
  <testcase name="wireThroughMapperToPresentation[record/reject_cross_source_recordId]" classname="Phase6MapperTest" time="0.009"/>
  <testcase name="wireThroughMapperToPresentation[record/reject_cross_source_sessionId]" classname="Phase6MapperTest" time="0.007"/>
  <testcase name="wireThroughMapperToPresentation[record/reject_cross_source_ruleVersionId]" classname="Phase6MapperTest" time="0.006"/>
  <testcase name="wireThroughMapperToPresentation[record/reject_cross_source_businessDate]" classname="Phase6MapperTest" time="0.006"/>
  <testcase name="wireThroughMapperToPresentation[record/reject_cross_source_actualDurationSeconds]" classname="Phase6MapperTest" time="0.005"/>
  <testcase name="wireThroughMapperToPresentation[record/reject_cross_source_reviewResult]" classname="Phase6MapperTest" time="0.006"/>
  <testcase name="wireThroughMapperToPresentation[record/long_seconds_floor_without_millisecond_overflow]" classname="Phase6MapperTest" time="0.002"/>
  <testcase name="wireThroughMapperToPresentation[record/invalid_is_not_valid_uncounted]" classname="Phase6MapperTest" time="0.004"/>
  <testcase name="wireThroughMapperToPresentation[supplement/state_ACTIVE]" classname="Phase6MapperTest" time="0.004"/>
  <testcase name="wireThroughMapperToPresentation[supplement/state_PAUSED]" classname="Phase6MapperTest" time="0.002"/>
  <testcase name="wireThroughMapperToPresentation[supplement/state_ACCEPTED]" classname="Phase6MapperTest" time="0.001"/>
  <testcase name="wireThroughMapperToPresentation[supplement/state_EXPIRED]" classname="Phase6MapperTest" time="0.002"/>
  <testcase name="wireThroughMapperToPresentation[supplement/state_UNAVAILABLE]" classname="Phase6MapperTest" time="0.002"/>
  <testcase name="wireThroughMapperToPresentation[supplement/blocked_NORMAL_ARCHIVED]" classname="Phase6MapperTest" time="0.002"/>
  <testcase name="wireThroughMapperToPresentation[supplement/blocked_NORMAL_CACHED]" classname="Phase6MapperTest" time="0.002"/>
  <testcase name="wireThroughMapperToPresentation[supplement/blocked_MAINTENANCE_LIVE]" classname="Phase6MapperTest" time="0.001"/>
  <testcase name="wireThroughMapperToPresentation[supplement/blocked_UNKNOWN_LIVE]" classname="Phase6MapperTest" time="0.002"/>
  <testcase name="wireThroughMapperToPresentation[supplement/accepted_round2_no_student_timer_restart]" classname="Phase6MapperTest" time="0.002"/>
  <testcase name="wireThroughMapperToPresentation[supplement/confirmed_fault_uses_current_remainder_not_new_window]" classname="Phase6MapperTest" time="0.002"/>
  <testcase name="wireThroughMapperToPresentation[sla/available_server_projection_only]" classname="Phase6MapperTest" time="0.001"/>
  <testcase name="wireThroughMapperToPresentation[sla/paused_server_projection_only]" classname="Phase6MapperTest" time="0.001"/>
  <testcase name="wireThroughMapperToPresentation[sla/missing_calendar_server_projection_only]" classname="Phase6MapperTest" time="0.001"/>
  <testcase name="wireThroughMapperToPresentation[sla/overdue_does_not_invalidate_student_record]" classname="Phase6MapperTest" time="0.004"/>
  <testcase name="wireThroughMapperToPresentation[first_material/ORDINARY_before]" classname="Phase6MapperTest" time="0.02"/>
  <testcase name="wireThroughMapperToPresentation[first_material/ORDINARY_equal]" classname="Phase6MapperTest" time="0.0"/>
  <testcase name="wireThroughMapperToPresentation[first_material/ORDINARY_after]" classname="Phase6MapperTest" time="0.0"/>
  <testcase name="wireThroughMapperToPresentation[first_material/SWIMMING_TIMELY_before]" classname="Phase6MapperTest" time="0.001"/>
  <testcase name="wireThroughMapperToPresentation[first_material/SWIMMING_TIMELY_equal]" classname="Phase6MapperTest" time="0.0"/>
  <testcase name="wireThroughMapperToPresentation[first_material/SWIMMING_TIMELY_after]" classname="Phase6MapperTest" time="0.001"/>
  <testcase name="wireThroughMapperToPresentation[first_material/SWIMMING_OFFLINE_before]" classname="Phase6MapperTest" time="0.0"/>
  <testcase name="wireThroughMapperToPresentation[first_material/SWIMMING_OFFLINE_equal]" classname="Phase6MapperTest" time="0.001"/>
  <testcase name="wireThroughMapperToPresentation[first_material/SWIMMING_OFFLINE_after]" classname="Phase6MapperTest" time="0.0"/>
  <testcase name="wireThroughMapperToPresentation[first_material/closed_removed_owned_chain_still_has_entry]" classname="Phase6MapperTest" time="0.0"/>
  <testcase name="wireThroughMapperToPresentation[first_material/ineligible_chain_disabled]" classname="Phase6MapperTest" time="0.0"/>
  <testcase name="wireThroughMapperToPresentation[first_material/blocked_NORMAL_ARCHIVED]" classname="Phase6MapperTest" time="0.0"/>
  <testcase name="wireThroughMapperToPresentation[first_material/blocked_NORMAL_CACHED]" classname="Phase6MapperTest" time="0.001"/>
  <testcase name="wireThroughMapperToPresentation[first_material/blocked_MAINTENANCE_LIVE]" classname="Phase6MapperTest" time="0.0"/>
  <testcase name="wireThroughMapperToPresentation[first_material/blocked_UNKNOWN_LIVE]" classname="Phase6MapperTest" time="0.001"/>
  <testcase name="wireThroughMapperToPresentation[first_material/locked_fresh]" classname="Phase6MapperTest" time="0.003"/>
  <testcase name="wireThroughMapperToPresentation[first_material/locked_no_refresh]" classname="Phase6MapperTest" time="0.002"/>
  <testcase name="wireThroughMapperToPresentation[first_material/locked_equal_deadline]" classname="Phase6MapperTest" time="0.002"/>
  <testcase name="wireThroughMapperToPresentation[first_material/locked_wrong_batch]" classname="Phase6MapperTest" time="0.003"/>
  <testcase name="wireThroughMapperToPresentation[session/ACTIVE_keeps_server_duration_version]" classname="Phase6MapperTest" time="0.005"/>
  <testcase name="wireThroughMapperToPresentation[session/PAUSED_keeps_server_duration_version]" classname="Phase6MapperTest" time="0.001"/>
  <testcase name="wireThroughMapperToPresentation[session/COMPLETED_keeps_server_duration_version]" classname="Phase6MapperTest" time="0.001"/>
  <testcase name="wireThroughMapperToPresentation[time/fraction_digits_0]" classname="Phase6MapperTest" time="0.016"/>
  <testcase name="wireThroughMapperToPresentation[time/fraction_digits_1]" classname="Phase6MapperTest" time="0.002"/>
  <testcase name="wireThroughMapperToPresentation[time/fraction_digits_3]" classname="Phase6MapperTest" time="0.001"/>
  <testcase name="wireThroughMapperToPresentation[time/fraction_digits_9]" classname="Phase6MapperTest" time="0.002"/>
  <testcase name="wireThroughMapperToPresentation[time/fraction_digits_10]" classname="Phase6MapperTest" time="0.001"/>
  <testcase name="wireThroughMapperToPresentation[time/fraction_digits_40]" classname="Phase6MapperTest" time="0.001"/>
  <testcase name="wireThroughMapperToPresentation[time/leap_second_retained_for_display]" classname="Phase6MapperTest" time="0.0"/>
  <testcase name="wireThroughMapperToPresentation[time/equivalent_fraction_precision]" classname="Phase6MapperTest" time="0.0"/>
  <testcase name="wireThroughMapperToPresentation[date/reject_2026-02-30]" classname="Phase6MapperTest" time="0.003"/>
  <testcase name="wireThroughMapperToPresentation[date/reject_2026-09-08T00:00:00Z]" classname="Phase6MapperTest" time="0.0"/>
  <testcase name="wireThroughMapperToPresentation[invitation/status_ACTIVE]" classname="Phase6MapperTest" time="0.008"/>
  <testcase name="wireThroughMapperToPresentation[invitation/status_EXPIRED]" classname="Phase6MapperTest" time="0.0"/>
  <testcase name="wireThroughMapperToPresentation[invitation/status_REVOKED]" classname="Phase6MapperTest" time="0.001"/>
  <testcase name="wireThroughMapperToPresentation[invitation/status_COURSE_CLOSED]" classname="Phase6MapperTest" time="0.0"/>
  <testcase name="wireThroughMapperToPresentation[invitation/status_NOT_CURRENT]" classname="Phase6MapperTest" time="0.001"/>
  <testcase name="wireThroughMapperToPresentation[invitation/active_but_join_closed]" classname="Phase6MapperTest" time="0.001"/>
  <testcase name="wireThroughMapperToPresentation[invitation/fixed_grace_is_not_restarted_by_refresh]" classname="Phase6MapperTest" time="0.005"/>
  <testcase name="wireThroughMapperToPresentation[endurance/checks/wire/StudentEnduranceOutcome]" classname="Phase6MapperTest" time="0.005"/>
  <testcase name="wireThroughMapperToPresentation[endurance/checks/student/raw_measured]" classname="Phase6MapperTest" time="0.0"/>
  <testcase name="wireThroughMapperToPresentation[endurance/checks/student/exempt]" classname="Phase6MapperTest" time="0.0"/>
  <testcase name="wireThroughMapperToPresentation[endurance/legacy_missing_date_no_backfill]" classname="Phase6MapperTest" time="0.0"/>
  <testcase name="wireThroughMapperToPresentation[application/status_SUBMITTED]" classname="Phase6MapperTest" time="0.016"/>
  <testcase name="wireThroughMapperToPresentation[application/status_SUPPLEMENT_REQUIRED]" classname="Phase6MapperTest" time="0.001"/>
  <testcase name="wireThroughMapperToPresentation[application/status_APPROVED]" classname="Phase6MapperTest" time="0.001"/>
  <testcase name="wireThroughMapperToPresentation[application/status_REJECTED]" classname="Phase6MapperTest" time="0.0"/>
  <testcase name="wireThroughMapperToPresentation[application/cumulative_three_images_no_fourth]" classname="Phase6MapperTest" time="0.001"/>
  <testcase name="wireThroughMapperToPresentation[certification/ACTIVE_minutes_not_exercise_time]" classname="Phase6MapperTest" time="0.001"/>
  <testcase name="wireThroughMapperToPresentation[certification/REVOKED_minutes_not_exercise_time]" classname="Phase6MapperTest" time="0.001"/>
  <testcase name="wireThroughMapperToPresentation[certification/SCHOOL_TEAM_not_inferred_from_name]" classname="Phase6MapperTest" time="0.004"/>
  <testcase name="wireThroughMapperToPresentation[certification/STUDENT_CLUB_not_inferred_from_name]" classname="Phase6MapperTest" time="0.001"/>
  <testcase name="wireThroughMapperToPresentation[home/no_course_no_fake_zero_progress]" classname="Phase6MapperTest" time="0.035"/>
  <testcase name="wireThroughMapperToPresentation[home/CACHED_checkpoint_is_not_current]" classname="Phase6MapperTest" time="0.006"/>
  <testcase name="wireThroughMapperToPresentation[home/ARCHIVED_checkpoint_is_not_current]" classname="Phase6MapperTest" time="0.005"/>
  <testcase name="wireThroughMapperToPresentation[home/reject_teacher_actor]" classname="Phase6MapperTest" time="0.001"/>
  <testcase name="wireThroughMapperToPresentation[course/semester_UPCOMING_history_read_only]" classname="Phase6MapperTest" time="0.002"/>
  <testcase name="wireThroughMapperToPresentation[course/semester_CURRENT_history_read_only]" classname="Phase6MapperTest" time="0.002"/>
  <testcase name="wireThroughMapperToPresentation[course/semester_ARCHIVED_history_read_only]" classname="Phase6MapperTest" time="0.002"/>
  <testcase name="wireThroughMapperToPresentation[course/mismatched_rule_not_silently_repaired]" classname="Phase6MapperTest" time="0.002"/>
  <testcase name="wireThroughMapperToPresentation[reason/UNCLEAR_EVIDENCE_bilingual_original_comment]" classname="Phase6MapperTest" time="0.0"/>
  <testcase name="wireThroughMapperToPresentation[reason/MISSING_REQUIRED_EVIDENCE_bilingual_original_comment]" classname="Phase6MapperTest" time="0.0"/>
  <testcase name="wireThroughMapperToPresentation[reason/EVIDENCE_SESSION_MISMATCH_bilingual_original_comment]" classname="Phase6MapperTest" time="0.001"/>
  <testcase name="wireThroughMapperToPresentation[reason/INCONSISTENT_EVIDENCE_bilingual_original_comment]" classname="Phase6MapperTest" time="0.0"/>
  <testcase name="wireThroughMapperToPresentation[reason/AUTHENTICITY_REQUIRES_CLARIFICATION_bilingual_original_comment]" classname="Phase6MapperTest" time="0.0"/>
  <testcase name="wireThroughMapperToPresentation[reason/CONFIRMED_REUSE_OR_MISUSE_bilingual_original_comment]" classname="Phase6MapperTest" time="0.0"/>
  <testcase name="wireThroughMapperToPresentation[reason/SUPPLEMENT_DEADLINE_MISSED_bilingual_original_comment]" classname="Phase6MapperTest" time="0.001"/>
  <testcase name="wireThroughMapperToPresentation[application/history_sorted_without_overwrite_and_archive_blocks_submit]" classname="Phase6MapperTest" time="0.007"/>
  <testcase name="wireThroughMapperToPresentation[account/student_otp_only_no_teacher_password_projection]" classname="Phase6MapperTest" time="0.001"/>
  <testcase name="wireThroughMapperToPresentation[otp/server_challenge_expiry_and_retry_not_device_recomputed]" classname="Phase6MapperTest" time="0.002"/>
  <testcase name="wireThroughMapperToPresentation[account/deletion_true_preserves_facts_list]" classname="Phase6MapperTest" time="0.004"/>
  <testcase name="wireThroughMapperToPresentation[account/deletion_false_preserves_facts_list]" classname="Phase6MapperTest" time="0.0"/>
  <testcase name="wireThroughMapperToPresentation[media/ALLOCATED_upload_is_not_verification]" classname="Phase6MapperTest" time="0.002"/>
  <testcase name="wireThroughMapperToPresentation[media/UPLOADED_upload_is_not_verification]" classname="Phase6MapperTest" time="0.0"/>
  <testcase name="wireThroughMapperToPresentation[media/VERIFIED_upload_is_not_verification]" classname="Phase6MapperTest" time="0.001"/>
  <testcase name="wireThroughMapperToPresentation[media/BOUND_upload_is_not_verification]" classname="Phase6MapperTest" time="0.001"/>
  <testcase name="wireThroughMapperToPresentation[media/REJECTED_upload_is_not_verification]" classname="Phase6MapperTest" time="0.0"/>
  <testcase name="wireThroughMapperToPresentation[media/EXPIRED_upload_is_not_verification]" classname="Phase6MapperTest" time="0.001"/>
  <testcase name="wireThroughMapperToPresentation[help/cache_explicit_not_current_maintenance_announcement]" classname="Phase6MapperTest" time="0.004"/>
  <testcase name="wireThroughMapperToPresentation[feedback/WAITING_public_history_and_deleted_email]" classname="Phase6MapperTest" time="0.005"/>
  <testcase name="wireThroughMapperToPresentation[feedback/IN_PROGRESS_public_history_and_deleted_email]" classname="Phase6MapperTest" time="0.001"/>
  <testcase name="wireThroughMapperToPresentation[feedback/WAITING_TECH_public_history_and_deleted_email]" classname="Phase6MapperTest" time="0.001"/>
  <testcase name="wireThroughMapperToPresentation[feedback/COMPLETED_public_history_and_deleted_email]" classname="Phase6MapperTest" time="0.002"/>
  <testcase name="wireThroughMapperToPresentation[feedback/CLOSED_public_history_and_deleted_email]" classname="Phase6MapperTest" time="0.0"/>
  <testcase name="wireThroughMapperToPresentation[release/failed_refresh_preserves_forced_upgrade]" classname="Phase6MapperTest" time="0.004"/>
  <testcase name="wireThroughMapperToPresentation[notification/explicit_route_COURSE]" classname="Phase6MapperTest" time="0.011"/>
  <testcase name="wireThroughMapperToPresentation[notification/explicit_route_EXERCISE_RECORD]" classname="Phase6MapperTest" time="0.001"/>
  <testcase name="wireThroughMapperToPresentation[notification/explicit_route_APPLICATION]" classname="Phase6MapperTest" time="0.001"/>
  <testcase name="wireThroughMapperToPresentation[notification/explicit_route_ENDURANCE]" classname="Phase6MapperTest" time="0.0"/>
  <testcase name="wireThroughMapperToPresentation[notification/explicit_route_FEEDBACK]" classname="Phase6MapperTest" time="0.001"/>
  <testcase name="wireThroughMapperToPresentation[notification/explicit_route_SYSTEM_MODE]" classname="Phase6MapperTest" time="0.0"/>
  <testcase name="wireThroughMapperToPresentation[notification/null_route_no_text_inference]" classname="Phase6MapperTest" time="0.0"/>
  <testcase name="wireThroughMapperToPresentation[notification/read_preserves_event_not_current_review]" classname="Phase6MapperTest" time="0.001"/>
  <testcase name="wireThroughMapperToPresentation[notification/reject_disclosure_成绩 90]" classname="Phase6MapperTest" time="0.0"/>
  <testcase name="wireThroughMapperToPresentation[notification/reject_disclosure_final grade A]" classname="Phase6MapperTest" time="0.001"/>
  <testcase name="wireThroughMapperToPresentation[notification/reject_disclosure_排名第一]" classname="Phase6MapperTest" time="0.0"/>
  <testcase name="wireThroughMapperToPresentation[notification/reject_disclosure_历史备注]" classname="Phase6MapperTest" time="0.0"/>
  <testcase name="wireThroughMapperToPresentation[notification/reject_disclosure_100 points]" classname="Phase6MapperTest" time="0.0"/>
  <testcase name="wireThroughMapperToPresentation[notification/allow_workflow_材料有效]" classname="Phase6MapperTest" time="0.001"/>
  <testcase name="wireThroughMapperToPresentation[notification/allow_workflow_申请审核通过]" classname="Phase6MapperTest" time="0.0"/>
  <testcase name="wireThroughMapperToPresentation[notification/allow_workflow_100 分钟]" classname="Phase6MapperTest" time="0.001"/>
  <testcase name="wireThroughMapperToPresentation[notification/allow_workflow_Upload failed]" classname="Phase6MapperTest" time="0.0"/>
  <testcase name="wireThroughMapperToPresentation[notification/allow_workflow_Application passed]" classname="Phase6MapperTest" time="0.0"/>
  <testcase name="wireThroughMapperToPresentation[error/INVALID_REQUEST_never_success]" classname="Phase6MapperTest" time="0.01"/>
  <testcase name="wireThroughMapperToPresentation[error/INVALID_CURSOR_never_success]" classname="Phase6MapperTest" time="0.0"/>
  <testcase name="wireThroughMapperToPresentation[error/AUTHENTICATION_REQUIRED_never_success]" classname="Phase6MapperTest" time="0.0"/>
  <testcase name="wireThroughMapperToPresentation[error/INVALID_CREDENTIALS_never_success]" classname="Phase6MapperTest" time="0.0"/>
  <testcase name="wireThroughMapperToPresentation[error/TOKEN_EXPIRED_never_success]" classname="Phase6MapperTest" time="0.001"/>
  <testcase name="wireThroughMapperToPresentation[error/CHALLENGE_EXPIRED_never_success]" classname="Phase6MapperTest" time="0.0"/>
  <testcase name="wireThroughMapperToPresentation[error/ACCOUNT_DISABLED_never_success]" classname="Phase6MapperTest" time="0.0"/>
  <testcase name="wireThroughMapperToPresentation[error/FIRST_PASSWORD_CHANGE_REQUIRED_never_success]" classname="Phase6MapperTest" time="0.0"/>
  <testcase name="wireThroughMapperToPresentation[error/FORBIDDEN_never_success]" classname="Phase6MapperTest" time="0.0"/>
  <testcase name="wireThroughMapperToPresentation[error/RESOURCE_NOT_FOUND_never_success]" classname="Phase6MapperTest" time="0.0"/>
  <testcase name="wireThroughMapperToPresentation[error/IDEMPOTENCY_KEY_REUSED_never_success]" classname="Phase6MapperTest" time="0.0"/>
  <testcase name="wireThroughMapperToPresentation[error/VERSION_CONFLICT_never_success]" classname="Phase6MapperTest" time="0.0"/>
  <testcase name="wireThroughMapperToPresentation[error/VALIDATION_FAILED_never_success]" classname="Phase6MapperTest" time="0.0"/>
  <testcase name="wireThroughMapperToPresentation[error/PAYLOAD_TOO_LARGE_never_success]" classname="Phase6MapperTest" time="0.001"/>
  <testcase name="wireThroughMapperToPresentation[error/UNSUPPORTED_MEDIA_TYPE_never_success]" classname="Phase6MapperTest" time="0.0"/>
  <testcase name="wireThroughMapperToPresentation[error/RATE_LIMITED_never_success]" classname="Phase6MapperTest" time="0.0"/>
  <testcase name="wireThroughMapperToPresentation[error/SYSTEM_MAINTENANCE_never_success]" classname="Phase6MapperTest" time="0.0"/>
  <testcase name="wireThroughMapperToPresentation[error/DEPENDENCY_UNAVAILABLE_never_success]" classname="Phase6MapperTest" time="0.0"/>
  <testcase name="wireThroughMapperToPresentation[error/INTERNAL_ERROR_never_success]" classname="Phase6MapperTest" time="0.0"/>
  <testcase name="wireThroughMapperToPresentation[error/EMAIL_ALREADY_IN_USE_never_success]" classname="Phase6MapperTest" time="0.0"/>
  <testcase name="wireThroughMapperToPresentation[error/LOGIN_NAME_ALREADY_IN_USE_never_success]" classname="Phase6MapperTest" time="0.0"/>
  <testcase name="wireThroughMapperToPresentation[error/STUDENT_NUMBER_ALREADY_IN_USE_never_success]" classname="Phase6MapperTest" time="0.0"/>
  <testcase name="wireThroughMapperToPresentation[error/EMPLOYEE_ID_ALREADY_IN_USE_never_success]" classname="Phase6MapperTest" time="0.001"/>
  <testcase name="wireThroughMapperToPresentation[error/ACCOUNT_DELETION_BLOCKED_never_success]" classname="Phase6MapperTest" time="0.0"/>
  <testcase name="wireThroughMapperToPresentation[error/ADMIN_RESPONSIBILITY_BLOCKED_never_success]" classname="Phase6MapperTest" time="0.0"/>
  <testcase name="wireThroughMapperToPresentation[error/INVITATION_INVALID_never_success]" classname="Phase6MapperTest" time="0.001"/>
  <testcase name="wireThroughMapperToPresentation[error/COURSE_ALREADY_JOINED_never_success]" classname="Phase6MapperTest" time="0.0"/>
  <testcase name="wireThroughMapperToPresentation[error/ENROLLMENT_NOT_ACTIVE_never_success]" classname="Phase6MapperTest" time="0.0"/>
  <testcase name="wireThroughMapperToPresentation[error/COURSE_NOT_OPEN_never_success]" classname="Phase6MapperTest" time="0.0"/>
  <testcase name="wireThroughMapperToPresentation[error/COURSE_TARGET_TOTAL_INVALID_never_success]" classname="Phase6MapperTest" time="0.0"/>
  <testcase name="wireThroughMapperToPresentation[error/SEMESTER_COMBINATION_EXISTS_never_success]" classname="Phase6MapperTest" time="0.0"/>
  <testcase name="wireThroughMapperToPresentation[error/SEMESTER_NOT_UPCOMING_never_success]" classname="Phase6MapperTest" time="0.0"/>
  <testcase name="wireThroughMapperToPresentation[error/SEMESTER_NOT_CURRENT_never_success]" classname="Phase6MapperTest" time="0.0"/>
  <testcase name="wireThroughMapperToPresentation[error/SEMESTER_START_DATE_NOT_REACHED_never_success]" classname="Phase6MapperTest" time="0.0"/>
  <testcase name="wireThroughMapperToPresentation[error/ROSTER_SOURCE_INVALID_never_success]" classname="Phase6MapperTest" time="0.001"/>
  <testcase name="wireThroughMapperToPresentation[error/ROSTER_ROW_LIMIT_EXCEEDED_never_success]" classname="Phase6MapperTest" time="0.0"/>
  <testcase name="wireThroughMapperToPresentation[error/ROSTER_FINDING_ALREADY_RESOLVED_never_success]" classname="Phase6MapperTest" time="0.0"/>
  <testcase name="wireThroughMapperToPresentation[error/ROSTER_SNAPSHOT_NOT_IN_COURSE_never_success]" classname="Phase6MapperTest" time="0.0"/>
  <testcase name="wireThroughMapperToPresentation[error/SESSION_ALREADY_ACTIVE_never_success]" classname="Phase6MapperTest" time="0.0"/>
  <testcase name="wireThroughMapperToPresentation[error/SESSION_TRANSITION_INVALID_never_success]" classname="Phase6MapperTest" time="0.0"/>
  <testcase name="wireThroughMapperToPresentation[error/CHECKIN_WINDOW_CLOSED_never_success]" classname="Phase6MapperTest" time="0.0"/>
  <testcase name="wireThroughMapperToPresentation[error/MEDIA_NOT_VERIFIED_never_success]" classname="Phase6MapperTest" time="0.0"/>
  <testcase name="wireThroughMapperToPresentation[error/MEDIA_OWNERSHIP_MISMATCH_never_success]" classname="Phase6MapperTest" time="0.001"/>
  <testcase name="wireThroughMapperToPresentation[error/MEDIA_LIMIT_EXCEEDED_never_success]" classname="Phase6MapperTest" time="0.0"/>
  <testcase name="wireThroughMapperToPresentation[error/MEDIA_CONTENT_INVALID_never_success]" classname="Phase6MapperTest" time="0.0"/>
  <testcase name="wireThroughMapperToPresentation[error/MEDIA_ALREADY_BOUND_never_success]" classname="Phase6MapperTest" time="0.0"/>
  <testcase name="wireThroughMapperToPresentation[error/RECORD_DESCRIPTION_INVALID_never_success]" classname="Phase6MapperTest" time="0.001"/>
  <testcase name="wireThroughMapperToPresentation[error/REVIEW_RESULT_UNCHANGED_never_success]" classname="Phase6MapperTest" time="0.0"/>
  <testcase name="wireThroughMapperToPresentation[error/ENDURANCE_OUTCOME_EXEMPT_never_success]" classname="Phase6MapperTest" time="0.0"/>
  <testcase name="wireThroughMapperToPresentation[error/ENDURANCE_RULE_TABLE_INVALID_never_success]" classname="Phase6MapperTest" time="0.0"/>
  <testcase name="wireThroughMapperToPresentation[error/APPLICATION_EVIDENCE_LIMIT_EXCEEDED_never_success]" classname="Phase6MapperTest" time="0.0"/>
  <testcase name="wireThroughMapperToPresentation[error/APPLICATION_TRANSITION_INVALID_never_success]" classname="Phase6MapperTest" time="0.0"/>
  <testcase name="wireThroughMapperToPresentation[error/APPLICATION_SUPPLEMENT_NOT_ALLOWED_never_success]" classname="Phase6MapperTest" time="0.001"/>
  <testcase name="wireThroughMapperToPresentation[error/CERTIFICATION_CREDIT_INVALID_never_success]" classname="Phase6MapperTest" time="0.0"/>
  <testcase name="wireThroughMapperToPresentation[error/FINAL_GRADE_VALUE_INVALID_never_success]" classname="Phase6MapperTest" time="0.0"/>
  <testcase name="wireThroughMapperToPresentation[error/FEEDBACK_TRANSITION_INVALID_never_success]" classname="Phase6MapperTest" time="0.0"/>
  <testcase name="wireThroughMapperToPresentation[error/HELP_ARTICLE_TRANSITION_INVALID_never_success]" classname="Phase6MapperTest" time="0.0"/>
  <testcase name="wireThroughMapperToPresentation[error/HELP_ARTICLE_PUBLICATION_INCOMPLETE_never_success]" classname="Phase6MapperTest" time="0.0"/>
  <testcase name="wireThroughMapperToPresentation[error/SYSTEM_MODE_UNCHANGED_never_success]" classname="Phase6MapperTest" time="0.0"/>
  <testcase name="wireThroughMapperToPresentation[error/MAINTENANCE_ANNOUNCEMENT_REQUIRED_never_success]" classname="Phase6MapperTest" time="0.0"/>
  <testcase name="wireThroughMapperToPresentation[error/AUDIT_DATE_RANGE_INVALID_never_success]" classname="Phase6MapperTest" time="0.0"/>
  <testcase name="wireThroughMapperToPresentation[error/AUDIT_ARCHIVE_NOT_READY_never_success]" classname="Phase6MapperTest" time="0.0"/>
  <testcase name="wireThroughMapperToPresentation[error/FIRST_MATERIAL_DEADLINE_MISSED_never_success]" classname="Phase6MapperTest" time="0.0"/>
  <testcase name="wireThroughMapperToPresentation[error/FIRST_MATERIAL_ALREADY_ACCEPTED_never_success]" classname="Phase6MapperTest" time="0.001"/>
  <testcase name="wireThroughMapperToPresentation[error/MATERIAL_BATCH_CONFLICT_never_success]" classname="Phase6MapperTest" time="0.0"/>
  <testcase name="wireThroughMapperToPresentation[error/MATERIAL_NOT_READY_never_success]" classname="Phase6MapperTest" time="0.0"/>
  <testcase name="wireThroughMapperToPresentation[error/MATERIAL_TRANSFER_DEADLINE_MISSED_never_success]" classname="Phase6MapperTest" time="0.0"/>
  <testcase name="wireThroughMapperToPresentation[error/SUPPLEMENT_NOT_ALLOWED_never_success]" classname="Phase6MapperTest" time="0.0"/>
  <testcase name="wireThroughMapperToPresentation[error/SUPPLEMENT_DEADLINE_MISSED_never_success]" classname="Phase6MapperTest" time="0.0"/>
  <testcase name="wireThroughMapperToPresentation[error/REVIEW_ACTION_NOT_ALLOWED_never_success]" classname="Phase6MapperTest" time="0.0"/>
  <testcase name="wireThroughMapperToPresentation[error/REVIEW_PRECONDITION_UNSATISFIED_never_success]" classname="Phase6MapperTest" time="0.0"/>
  <testcase name="wireThroughMapperToPresentation[error/CORRECTION_CONFLICT_never_success]" classname="Phase6MapperTest" time="0.0"/>
  <testcase name="wireThroughMapperToPresentation[error/COURSE_RULES_LOCKED_never_success]" classname="Phase6MapperTest" time="0.0"/>
  <testcase name="wireThroughMapperToPresentation[error/COURSE_NOT_PUBLISHED_never_success]" classname="Phase6MapperTest" time="0.0"/>
  <testcase name="wireThroughMapperToPresentation[error/COURSE_PLAN_INFEASIBLE_never_success]" classname="Phase6MapperTest" time="0.0"/>
  <testcase name="wireThroughMapperToPresentation[error/COURSE_PLAN_UNAVAILABLE_never_success]" classname="Phase6MapperTest" time="0.0"/>
  <testcase name="wireThroughMapperToPresentation[error/COURSE_PLAN_STALE_never_success]" classname="Phase6MapperTest" time="0.001"/>
  <testcase name="wireThroughMapperToPresentation[error/INVITATION_FLOW_EXPIRED_never_success]" classname="Phase6MapperTest" time="0.0"/>
  <testcase name="wireThroughMapperToPresentation[error/INVITATION_FLOW_TERMINATED_never_success]" classname="Phase6MapperTest" time="0.0"/>
  <testcase name="wireThroughMapperToPresentation[error/INVITATION_FLOW_MISMATCH_never_success]" classname="Phase6MapperTest" time="0.001"/>
  <testcase name="wireThroughMapperToPresentation[error/MAKEUP_NOT_ALLOWED_never_success]" classname="Phase6MapperTest" time="0.001"/>
  <testcase name="wireThroughMapperToPresentation[error/STATISTICS_UNAVAILABLE_never_success]" classname="Phase6MapperTest" time="0.0"/>
  <testcase name="wireThroughMapperToPresentation[error/SETTLEMENT_BLOCKED_never_success]" classname="Phase6MapperTest" time="0.0"/>
  <testcase name="wireThroughMapperToPresentation[error/SETTLEMENT_SOURCE_STALE_never_success]" classname="Phase6MapperTest" time="0.0"/>
  <testcase name="wireThroughMapperToPresentation[error/SETTLEMENT_SOURCE_UNAVAILABLE_never_success]" classname="Phase6MapperTest" time="0.0"/>
  <testcase name="wireThroughMapperToPresentation[error/SETTLEMENT_CORRECTION_INVALID_never_success]" classname="Phase6MapperTest" time="0.0"/>
  <testcase name="wireThroughMapperToPresentation[error/SEMESTER_SETTLEMENT_BLOCKED_never_success]" classname="Phase6MapperTest" time="0.0"/>
  <testcase name="wireThroughMapperToPresentation[error/TEACHING_SOURCE_INVALID_never_success]" classname="Phase6MapperTest" time="0.001"/>
  <testcase name="wireThroughMapperToPresentation[error/TEACHING_SOURCE_NOT_READY_never_success]" classname="Phase6MapperTest" time="0.0"/>
  <testcase name="wireThroughMapperToPresentation[error/TEACHING_BATCH_NOT_REVIEWABLE_never_success]" classname="Phase6MapperTest" time="0.0"/>
  <testcase name="wireThroughMapperToPresentation[error/TEACHING_ROW_UNRESOLVED_never_success]" classname="Phase6MapperTest" time="0.0"/>
  <testcase name="wireThroughMapperToPresentation[error/TEACHING_DUPLICATE_IDENTITY_never_success]" classname="Phase6MapperTest" time="0.0"/>
  <testcase name="wireThroughMapperToPresentation[error/TEACHING_SOURCE_STALE_never_success]" classname="Phase6MapperTest" time="0.0"/>
  <testcase name="wireThroughMapperToPresentation[error/TEACHING_SOURCE_UNAVAILABLE_never_success]" classname="Phase6MapperTest" time="0.0"/>
  <testcase name="wireThroughMapperToPresentation[error/ENDURANCE_CONVERSION_UNAVAILABLE_never_success]" classname="Phase6MapperTest" time="0.0"/>
  <testcase name="wireThroughMapperToPresentation[error/TECHNICAL_SERVICE_REFERENCE_INVALID_never_success]" classname="Phase6MapperTest" time="0.0"/>
  <testcase name="wireThroughMapperToPresentation[error/TECHNICAL_SERVICE_VALIDATION_REQUIRED_never_success]" classname="Phase6MapperTest" time="0.0"/>
  <testcase name="wireThroughMapperToPresentation[error/MANUAL_WINDOW_CONFLICT_never_success]" classname="Phase6MapperTest" time="0.0"/>
  <testcase name="wireThroughMapperToPresentation[error/PROJECTION_NOT_READY_never_success]" classname="Phase6MapperTest" time="0.0"/>
  <testcase name="wireThroughMapperToPresentation[error/transport_failure_is_not_maintenance_or_empty]" classname="Phase6MapperTest" time="0.0"/>
  <testcase name="wireThroughMapperToPresentation[error/version_and_retry_hints_keep_exact_integers]" classname="Phase6MapperTest" time="0.0"/>
  <testcase name="wireThroughMapperToPresentation[mode/NORMAL_must_be_fresh]" classname="Phase6MapperTest" time="0.003"/>
  <testcase name="wireThroughMapperToPresentation[mode/MAINTENANCE_must_be_fresh]" classname="Phase6MapperTest" time="0.0"/>
  <testcase name="wireThroughMapperToPresentation[mode/no_response_fails_closed]" classname="Phase6MapperTest" time="0.0"/>
  <testcase name="wireThroughMapperToPresentation[mode/estimated_recovery_keeps_maintenance_closed]" classname="Phase6MapperTest" time="0.001"/>
  <testcase name="wireThroughMapperToPresentation[wire/unknown_state_and_forbidden_student_fields_rejected_before_mapping]" classname="Phase6MapperTest" time="0.002"/>
  <testcase name="wireThroughMapperToPresentation[presentation/student_outputs_have_no_grade_score_rank_or_remark_fields]" classname="Phase6MapperTest" time="0.0"/>
  <system-out><![CDATA[]]></system-out>
  <system-err><![CDATA[]]></system-err>
</testsuite>
