<?xml version="1.0" encoding="UTF-8"?>
<testsuite name="Phase6MockBoundaryTest" tests="30" skipped="0" failures="0" errors="0" timestamp="2026-09-09T11:13:55.664Z" hostname="LAPTOP-PPHQAT6R" time="2.897">
  <properties/>
  <testcase name="concatenatedJsonRejected" classname="Phase6MockBoundaryTest" time="0.602"/>
  <testcase name="historicalIdentityHasNoCurrentProfileOnHostAndAndroid" classname="Phase6MockBoundaryTest" time="0.092"/>
  <testcase name="alreadyReadyMaterialCannotResume" classname="Phase6MockBoundaryTest" time="0.108"/>
  <testcase name="forbiddenStudentGradeRejected" classname="Phase6MockBoundaryTest" time="0.088"/>
  <testcase name="receiptManifestMismatchRejected" classname="Phase6MockBoundaryTest" time="0.1"/>
  <testcase name="generatedSupplementPost201WaitsForServerReceipt" classname="Phase6MockBoundaryTest" time="0.105"/>
  <testcase name="freshNormalIsRequiredToRecoverFromMaintenance" classname="Phase6MockBoundaryTest" time="0.091"/>
  <testcase name="nonUtf8Rejected" classname="Phase6MockBoundaryTest" time="0.071"/>
  <testcase name="unexpected204IsNotEmpty" classname="Phase6MockBoundaryTest" time="0.082"/>
  <testcase name="transportFailureCannotBecomeMaintenanceOrEmpty" classname="Phase6MockBoundaryTest" time="0.073"/>
  <testcase name="technicalStageWithoutCaseIdentityRejected" classname="Phase6MockBoundaryTest" time="0.083"/>
  <testcase name="redirectIsNotFollowed" classname="Phase6MockBoundaryTest" time="0.073"/>
  <testcase name="htmlSuccessIsNotEmpty" classname="Phase6MockBoundaryTest" time="0.11"/>
  <testcase name="staleResponseCannotOverwriteNewScreenAndLoadingIsObservable" classname="Phase6MockBoundaryTest" time="0.08"/>
  <testcase name="supplement409RequiresRefreshAndNeverAutoResubmits" classname="Phase6MockBoundaryTest" time="0.078"/>
  <testcase name="notificationDisclosureIsNotRendered" classname="Phase6MockBoundaryTest" time="0.073"/>
  <testcase name="ownFeedbackCannotReturnADeletedIdentity" classname="Phase6MockBoundaryTest" time="0.069"/>
  <testcase name="failedReleaseRefreshKeepsForcedUpgradeVisible" classname="Phase6MockBoundaryTest" time="0.092"/>
  <testcase name="lockedResumeNeedsFreshMatchingCurrentMaterial" classname="Phase6MockBoundaryTest" time="0.081"/>
  <testcase name="malformedJsonIsInvalidResponseNotTransport" classname="Phase6MockBoundaryTest" time="0.061"/>
  <testcase name="missingRequiredNullableRejected" classname="Phase6MockBoundaryTest" time="0.068"/>
  <testcase name="unknownEnumRejected" classname="Phase6MockBoundaryTest" time="0.062"/>
  <testcase name="duplicateJsonMembersRejected" classname="Phase6MockBoundaryTest" time="0.074"/>
  <testcase name="invalidationDisablesPreviouslyAvailableWrite" classname="Phase6MockBoundaryTest" time="0.072"/>
  <testcase name="literalLoopbackOnly" classname="Phase6MockBoundaryTest" time="0.056"/>
  <testcase name="staleSupplementCommandDoesNotSendPost" classname="Phase6MockBoundaryTest" time="0.069"/>
  <testcase name="cachedReceiptCannotTriggerAnyResumeRead" classname="Phase6MockBoundaryTest" time="0.069"/>
  <testcase name="exactTransferDeadlineCannotResume" classname="Phase6MockBoundaryTest" time="0.07"/>
  <testcase name="allThirteenQuery400ResponsesRemainApiErrors" classname="Phase6MockBoundaryTest" time="0.086"/>
  <testcase name="invalidConstructedRequestNeverLeavesDeviceAndBecomesPageError" classname="Phase6MockBoundaryTest" time="0.055"/>
  <system-out><![CDATA[]]></system-out>
  <system-err><![CDATA[]]></system-err>
</testsuite>
