<?xml version="1.0" encoding="UTF-8"?>
<testsuite name="Phase6ContractSmokeTest" tests="1" skipped="0" failures="0" errors="0" timestamp="2026-09-09T11:14:02.672Z" hostname="LAPTOP-PPHQAT6R" time="0.117">
  <properties/>
  <testcase name="publishedCasesUseThisAndroidModulesCompiledModels" classname="Phase6ContractSmokeTest" time="0.117"/>
  <system-out><![CDATA[Generated Kotlin + strict JVM schema boundary: 17/17; roundtrips=8
]]></system-out>
  <system-err><![CDATA[]]></system-err>
</testsuite>
