<?xml version="1.0" encoding="UTF-8"?>
<testsuite name="Phase7IdentityTest" tests="4" skipped="0" failures="0" errors="0" timestamp="2026-09-09T11:14:01.821Z" hostname="LAPTOP-PPHQAT6R" time="0.008">
  <properties/>
  <testcase name="deletedIdentityIsLabelledWithoutInventingAProfile" classname="Phase7IdentityTest" time="0.001"/>
  <testcase name="pendingStillMeansCurrentAccount" classname="Phase7IdentityTest" time="0.001"/>
  <testcase name="deletedIdentityCannotBecomeOwnRecordOrProgress" classname="Phase7IdentityTest" time="0.003"/>
  <testcase name="unknownMissingAndPiiFailBeforeDisplay" classname="Phase7IdentityTest" time="0.003"/>
  <system-out><![CDATA[]]></system-out>
  <system-err><![CDATA[]]></system-err>
</testsuite>
