<?xml version="1.0" encoding="UTF-8"?>
<testsuite name="Phase6ContractSchemaTest" tests="3" skipped="0" failures="0" errors="0" timestamp="2026-09-09T11:14:01.831Z" hostname="LAPTOP-PPHQAT6R" time="0.837">
  <properties/>
  <testcase name="supplementalSchemaBoundaries" classname="Phase6ContractSchemaTest" time="0.254"/>
  <testcase name="outboundConstructedDtosAreValidated" classname="Phase6ContractSchemaTest" time="0.082"/>
  <testcase name="allPublishedFixtures" classname="Phase6ContractSchemaTest" time="0.501"/>
  <system-out><![CDATA[Generated Kotlin + strict JVM schema boundary: 221/221; roundtrips=149
Generated Kotlin + strict JVM schema boundary: 992/992; roundtrips=159
]]></system-out>
  <system-err><![CDATA[]]></system-err>
</testsuite>
