{"numTotalTestSuites":1,"numPassedTestSuites":1,"numFailedTestSuites":0,"numPendingTestSuites":0,"numTotalTests":14,"numPassedTests":14,"numFailedTests":0,"numPendingTests":0,"numTodoTests":0,"snapshot":{"added":0,"failure":false,"filesAdded":0,"filesRemoved":0,"filesRemovedList":[],"filesUnmatched":0,"filesUpdated":0,"matched":0,"total":0,"unchecked":0,"uncheckedKeysByFile":[],"unmatched":0,"updated":0,"didUpdate":false},"startTime":1788942296395,"success":true,"testResults":[{"assertionResults":[{"ancestorTitles":[],"fullName":"real DB four-layer roundtrip SCHOOL_TEAM","status":"passed","title":"real DB four-layer roundtrip SCHOOL_TEAM","duration":4.8742919999999685,"failureMessages":[],"meta":{},"tags":[]},{"ancestorTitles":[],"fullName":"real DB four-layer roundtrip STUDENT_CLUB","status":"passed","title":"real DB four-layer roundtrip STUDENT_CLUB","duration":2.8806670000000167,"failureMessages":[],"meta":{},"tags":[]},{"ancestorTitles":[],"fullName":"database constraint rejects null","status":"passed","title":"database constraint rejects null","duration":3.276584000000014,"failureMessages":[],"meta":{},"tags":[]},{"ancestorTitles":[],"fullName":"database constraint rejects \"UNKNOWN\"","status":"passed","title":"database constraint rejects \"UNKNOWN\"","duration":2.670833000000016,"failureMessages":[],"meta":{},"tags":[]},{"ancestorTitles":[],"fullName":"unknown database-returned value fails closed in Persistence Mapper","status":"passed","title":"unknown database-returned value fails closed in Persistence Mapper","duration":0.5205000000000268,"failureMessages":[],"meta":{},"tags":[]},{"ancestorTitles":[],"fullName":"failure after INSERT rolls back, invalidates scope, and preserves original error","status":"passed","title":"failure after INSERT rolls back, invalidates scope, and preserves original error","duration":0.6450000000000387,"failureMessages":[],"meta":{},"tags":[]},{"ancestorTitles":[],"fullName":"database write error rolls back whole foundation transaction","status":"passed","title":"database write error rolls back whole foundation transaction","duration":0.7637920000000236,"failureMessages":[],"meta":{},"tags":[]},{"ancestorTitles":[],"fullName":"concurrent inserts obey unique constraint and leave one complete row","status":"passed","title":"concurrent inserts obey unique constraint and leave one complete row","duration":3.2526249999999663,"failureMessages":[],"meta":{},"tags":[]},{"ancestorTitles":[],"fullName":"real HTTP readiness reaches PostgreSQL and no business API is registered","status":"passed","title":"real HTTP readiness reaches PostgreSQL and no business API is registered","duration":23.327875000000006,"failureMessages":[],"meta":{},"tags":[]},{"ancestorTitles":[],"fullName":"real refused database connection returns 503 without connection details","status":"passed","title":"real refused database connection returns 503 without connection details","duration":4.943666000000007,"failureMessages":[],"meta":{},"tags":[]},{"ancestorTitles":[],"fullName":"configuration fails before startup; secrets are absent from error text","status":"passed","title":"configuration fails before startup; secrets are absent from error text","duration":0.2929159999999911,"failureMessages":[],"meta":{},"tags":[]},{"ancestorTitles":[],"fullName":"failed transaction connection exposes only a stable Port error","status":"passed","title":"failed transaction connection exposes only a stable Port error","duration":0.5274589999999648,"failureMessages":[],"meta":{},"tags":[]},{"ancestorTitles":[],"fullName":"native Node composition root starts and shuts down over real HTTP","status":"passed","title":"native Node composition root starts and shuts down over real HTTP","duration":117.02808299999998,"failureMessages":[],"meta":{},"tags":[]},{"ancestorTitles":[],"fullName":"migration down and empty rebuild use the real database","status":"passed","title":"migration down and empty rebuild use the real database","duration":14.599625000000003,"failureMessages":[],"meta":{},"tags":[]}],"startTime":1788942296729,"endTime":1788942296908.5996,"status":"passed","message":"","name":"/workspace/tests/integration/foundation/foundation.test.ts"}]}