{"numTotalTestSuites":1,"numPassedTestSuites":1,"numFailedTestSuites":0,"numPendingTestSuites":0,"numTotalTests":22,"numPassedTests":22,"numFailedTests":0,"numPendingTests":0,"numTodoTests":0,"snapshot":{"added":0,"failure":false,"filesAdded":0,"filesRemoved":0,"filesRemovedList":[],"filesUnmatched":0,"filesUpdated":0,"matched":0,"total":0,"unchecked":0,"uncheckedKeysByFile":[],"unmatched":0,"updated":0,"didUpdate":false},"startTime":1788942295865,"success":true,"testResults":[{"assertionResults":[{"ancestorTitles":[],"fullName":"production layer/model/port/shared/module rules","status":"passed","title":"production layer/model/port/shared/module rules","duration":150.526375,"failureMessages":[],"meta":{},"tags":[]},{"ancestorTitles":[],"fullName":"negative architectural fixture: domain dependency","status":"passed","title":"negative architectural fixture: domain dependency","duration":0.19158299999998007,"failureMessages":[],"meta":{},"tags":[]},{"ancestorTitles":[],"fullName":"negative architectural fixture: API direct Domain","status":"passed","title":"negative architectural fixture: API direct Domain","duration":0.07941699999997809,"failureMessages":[],"meta":{},"tags":[]},{"ancestorTitles":[],"fullName":"negative architectural fixture: Infrastructure depends on API","status":"passed","title":"negative architectural fixture: Infrastructure depends on API","duration":0.08404200000001083,"failureMessages":[],"meta":{},"tags":[]},{"ancestorTitles":[],"fullName":"negative architectural fixture: shared depends on business module","status":"passed","title":"negative architectural fixture: shared depends on business module","duration":0.082458000000031,"failureMessages":[],"meta":{},"tags":[]},{"ancestorTitles":[],"fullName":"negative architectural fixture: DTO leaking into Application","status":"passed","title":"negative architectural fixture: DTO leaking into Application","duration":0.07041699999996354,"failureMessages":[],"meta":{},"tags":[]},{"ancestorTitles":[],"fullName":"negative architectural fixture: cross-module Repository","status":"passed","title":"negative architectural fixture: cross-module Repository","duration":0.06391699999994671,"failureMessages":[],"meta":{},"tags":[]},{"ancestorTitles":[],"fullName":"negative architectural fixture: misplaced Port","status":"passed","title":"negative architectural fixture: misplaced Port","duration":0.05624999999997726,"failureMessages":[],"meta":{},"tags":[]},{"ancestorTitles":[],"fullName":"negative architectural fixture: ORM row leaking","status":"passed","title":"negative architectural fixture: ORM row leaking","duration":0.07425000000000637,"failureMessages":[],"meta":{},"tags":[]},{"ancestorTitles":[],"fullName":"negative architectural fixture: unapproved shared symbol","status":"passed","title":"negative architectural fixture: unapproved shared symbol","duration":0.09079200000002174,"failureMessages":[],"meta":{},"tags":[]},{"ancestorTitles":[],"fullName":"negative architectural fixture: bootstrap inversion","status":"passed","title":"negative architectural fixture: bootstrap inversion","duration":0.0669589999999971,"failureMessages":[],"meta":{},"tags":[]},{"ancestorTitles":[],"fullName":"negative architectural fixture: dynamic import bypass","status":"passed","title":"negative architectural fixture: dynamic import bypass","duration":0.07024999999998727,"failureMessages":[],"meta":{},"tags":[]},{"ancestorTitles":[],"fullName":"negative architectural fixture: global clock in Domain","status":"passed","title":"negative architectural fixture: global clock in Domain","duration":0.054666999999994914,"failureMessages":[],"meta":{},"tags":[]},{"ancestorTitles":[],"fullName":"negative architectural fixture: cross-module table read","status":"passed","title":"negative architectural fixture: cross-module table read","duration":0.04245800000001054,"failureMessages":[],"meta":{},"tags":[]},{"ancestorTitles":[],"fullName":"negative architectural fixture: undeclared table","status":"passed","title":"negative architectural fixture: undeclared table","duration":0.040333999999973,"failureMessages":[],"meta":{},"tags":[]},{"ancestorTitles":[],"fullName":"negative architectural fixture: dynamic module SQL","status":"passed","title":"negative architectural fixture: dynamic module SQL","duration":0.036791999999991276,"failureMessages":[],"meta":{},"tags":[]},{"ancestorTitles":[],"fullName":"negative architectural fixture: Repository takes transaction control","status":"passed","title":"negative architectural fixture: Repository takes transaction control","duration":0.03133399999995845,"failureMessages":[],"meta":{},"tags":[]},{"ancestorTitles":[],"fullName":"cyclic production imports are rejected","status":"passed","title":"cyclic production imports are rejected","duration":0.357167000000004,"failureMessages":[],"meta":{},"tags":[]},{"ancestorTitles":[],"fullName":"pure numeric helpers remain allowed while nondeterministic randomness is rejected","status":"passed","title":"pure numeric helpers remain allowed while nondeterministic randomness is rejected","duration":0.1430419999999799,"failureMessages":[],"meta":{},"tags":[]},{"ancestorTitles":[],"fullName":"SQL UPSERT is inspected without treating SET as a table and still detects foreign reads","status":"passed","title":"SQL UPSERT is inspected without treating SET as a table and still detects foreign reads","duration":0.11879100000004428,"failureMessages":[],"meta":{},"tags":[]},{"ancestorTitles":[],"fullName":"confirmed H tables allow their exact owner while rejecting other H modules and Z modules","status":"passed","title":"confirmed H tables allow their exact owner while rejecting other H modules and Z modules","duration":1.0715829999999755,"failureMessages":[],"meta":{},"tags":[]},{"ancestorTitles":[],"fullName":"H registrations do not allow undeclared same-schema tables or bypass ownership of Z tables","status":"passed","title":"H registrations do not allow undeclared same-schema tables or bypass ownership of Z tables","duration":0.24074999999999136,"failureMessages":[],"meta":{},"tags":[]}],"startTime":1788942296055,"endTime":1788942296208.2407,"status":"passed","message":"","name":"/workspace/tests/architecture/architecture.test.ts"}]}