{"numTotalTestSuites":5,"numPassedTestSuites":4,"numFailedTestSuites":1,"numPendingTestSuites":0,"numTotalTests":121,"numPassedTests":117,"numFailedTests":4,"numPendingTests":0,"numTodoTests":0,"snapshot":{"added":0,"failure":false,"filesAdded":0,"filesRemoved":0,"filesRemovedList":[],"filesUnmatched":0,"filesUpdated":0,"matched":0,"total":0,"unchecked":0,"uncheckedKeysByFile":[],"unmatched":0,"updated":0,"didUpdate":false},"startTime":1788942297094,"success":false,"testResults":[{"assertionResults":[{"ancestorTitles":[],"fullName":"real HTTP health and schema reject malformed auth without leaking internals","status":"passed","title":"real HTTP health and schema reject malformed auth without leaking internals","duration":22.354124999999954,"failureMessages":[],"meta":{},"tags":[]},{"ancestorTitles":[],"fullName":"first-password gate, nonempty personal password, exact replay and other-session revocation","status":"passed","title":"first-password gate, nonempty personal password, exact replay and other-session revocation","duration":839.5845840000001,"failureMessages":[],"meta":{},"tags":[]},{"ancestorTitles":[],"fullName":"refresh rotation is atomic; duplicate exact key returns original tokens and old refresh cannot rotate again","status":"passed","title":"refresh rotation is atomic; duplicate exact key returns original tokens and old refresh cannot rotate again","duration":182.77329199999986,"failureMessages":[],"meta":{},"tags":[]},{"ancestorTitles":[],"fullName":"logout replay is stable; disabled accounts reject existing access and correct-password login","status":"passed","title":"logout replay is stable; disabled accounts reject existing access and correct-password login","duration":498.99125000000004,"failureMessages":[],"meta":{},"tags":[]},{"ancestorTitles":[],"fullName":"OTP proof is purpose-bound, one-use; reset revokes all old sessions and accepts a one-character password","status":"passed","title":"OTP proof is purpose-bound, one-use; reset revokes all old sessions and accepts a one-character password","duration":493.20387500000015,"failureMessages":[],"meta":{},"tags":[]},{"ancestorTitles":[],"fullName":"failed OTP attempts persist across rejected transactions and reach rate limit","status":"passed","title":"failed OTP attempts persist across rejected transactions and reach rate limit","duration":17.496958000000177,"failureMessages":[],"meta":{},"tags":[]},{"ancestorTitles":[],"fullName":"maintenance blocks teachers including password changes; restoration does not clear first-change gate","status":"passed","title":"maintenance blocks teachers including password changes; restoration does not clear first-change gate","duration":173.97087499999998,"failureMessages":[],"meta":{},"tags":[]},{"ancestorTitles":[],"fullName":"audit database failure rolls back credential, version and session changes","status":"passed","title":"audit database failure rolls back credential, version and session changes","duration":799.4480840000001,"failureMessages":[],"meta":{},"tags":[]},{"ancestorTitles":[],"fullName":"course publication is frozen and another teacher has no resource authority","status":"passed","title":"course publication is frozen and another teacher has no resource authority","duration":381.92816700000003,"failureMessages":[],"meta":{},"tags":[]},{"ancestorTitles":[],"fullName":"concurrent joins across courses create exactly one active membership and one committed result","status":"passed","title":"concurrent joins across courses create exactly one active membership and one committed result","duration":257.3842920000002,"failureMessages":[],"meta":{},"tags":[]},{"ancestorTitles":[],"fullName":"natural expiry preserves only the registered fixed grace; course closure blocks new starts but preserves old provenance","status":"passed","title":"natural expiry preserves only the registered fixed grace; course closure blocks new starts but preserves old provenance","duration":203.81283299999996,"failureMessages":[],"meta":{},"tags":[]},{"ancestorTitles":[],"fullName":"invitation raw code and credentials are absent from ordinary rows and safe audit events","status":"passed","title":"invitation raw code and credentials are absent from ordinary rows and safe audit events","duration":182.53250000000025,"failureMessages":[],"meta":{},"tags":[]},{"ancestorTitles":[],"fullName":"refresh exact replay after account disable fails closed","status":"passed","title":"refresh exact replay after account disable fails closed","duration":168.76224999999977,"failureMessages":[],"meta":{},"tags":[]},{"ancestorTitles":[],"fullName":"new registration requires bound flow AND email proof; exact replay does not create duplicate identity/enrollment","status":"passed","title":"new registration requires bound flow AND email proof; exact replay does not create duplicate identity/enrollment","duration":216.53533300000072,"failureMessages":[],"meta":{},"tags":[]},{"ancestorTitles":[],"fullName":"notification failure rolls back the entire new-account and enrollment transaction including OTP consumption","status":"passed","title":"notification failure rolls back the entire new-account and enrollment transaction including OTP consumption","duration":192.87566600000082,"failureMessages":[],"meta":{},"tags":[]},{"ancestorTitles":[],"fullName":"revocation terminates a registered grace and exact end of grace rejects acceptance","status":"passed","title":"revocation terminates a registered grace and exact end of grace rejects acceptance","duration":205.35045899999932,"failureMessages":[],"meta":{},"tags":[]},{"ancestorTitles":[],"fullName":"removal frees the unique course; restoring into a second active course is rejected","status":"passed","title":"removal frees the unique course; restoring into a second active course is rejected","duration":235.02108399999997,"failureMessages":[],"meta":{},"tags":[]},{"ancestorTitles":[],"fullName":"student course and notification projections exclude teacher metadata and reject unsafe historical message content","status":"passed","title":"student course and notification projections exclude teacher metadata and reject unsafe historical message content","duration":227.14616600000045,"failureMessages":[],"meta":{},"tags":[]},{"ancestorTitles":[],"fullName":"authorized committed course closure replays during maintenance; a new write still fails","status":"passed","title":"authorized committed course closure replays during maintenance; a new write still fails","duration":201.89308299999993,"failureMessages":[],"meta":{},"tags":[]},{"ancestorTitles":[],"fullName":"named makeup windows cannot extend closeout or grant another enrollment","status":"passed","title":"named makeup windows cannot extend closeout or grant another enrollment","duration":212.19158400000015,"failureMessages":[],"meta":{},"tags":[]},{"ancestorTitles":[],"fullName":"mode transitions expose complete actual pauses and never use the estimated recovery as an end","status":"passed","title":"mode transitions expose complete actual pauses and never use the estimated recovery as an end","duration":345.4885000000004,"failureMessages":[],"meta":{},"tags":[]},{"ancestorTitles":[],"fullName":"mode governance checks live role, first password, delegated permission and disable state","status":"passed","title":"mode governance checks live role, first password, delegated permission and disable state","duration":805.8717919999999,"failureMessages":[],"meta":{},"tags":[]},{"ancestorTitles":[],"fullName":"concurrent authorized mode switches serialize without lock-upgrade deadlocks; exact replay stays scoped","status":"passed","title":"concurrent authorized mode switches serialize without lock-upgrade deadlocks; exact replay stays scoped","duration":473.6849170000005,"failureMessages":[],"meta":{},"tags":[]},{"ancestorTitles":[],"fullName":"mode audit failure rolls back state, immutable transition, recipients and command receipt","status":"passed","title":"mode audit failure rolls back state, immutable transition, recipients and command receipt","duration":304.44720899999993,"failureMessages":[],"meta":{},"tags":[]},{"ancestorTitles":[],"fullName":"mode notification failure rolls back state, immutable transition, recipients and command receipt","status":"passed","title":"mode notification failure rolls back state, immutable transition, recipients and command receipt","duration":297.4292919999989,"failureMessages":[],"meta":{},"tags":[]},{"ancestorTitles":[],"fullName":"mode notifications use fixed safe templates and transaction recipients; student projections accept only exact templates","status":"passed","title":"mode notifications use fixed safe templates and transaction recipients; student projections accept only exact templates","duration":475.43495900000016,"failureMessages":[],"meta":{},"tags":[]},{"ancestorTitles":[],"fullName":"mode timeline rejects missing, inconsistent or clock-regressed facts instead of returning a false empty pause list","status":"passed","title":"mode timeline rejects missing, inconsistent or clock-regressed facts instead of returning a false empty pause list","duration":292.71199999999953,"failureMessages":[],"meta":{},"tags":[]},{"ancestorTitles":[],"fullName":"session admission binds live student, exact rule and normal interval without substituting an arbitrary grant","status":"passed","title":"session admission binds live student, exact rule and normal interval without substituting an arbitrary grant","duration":383.5265419999996,"failureMessages":[],"meta":{},"tags":[]},{"ancestorTitles":[],"fullName":"session admission validates named makeup id, enrollment, course and rule; null never uses a grace grant","status":"passed","title":"session admission validates named makeup id, enrollment, course and rule; null never uses a grace grant","duration":438.61774999999943,"failureMessages":[],"meta":{},"tags":[]},{"ancestorTitles":[],"fullName":"named admission uses inclusive start and exclusive end from server time and rechecks removal, archive and closure","status":"passed","title":"named admission uses inclusive start and exclusive end from server time and rechecks removal, archive and closure","duration":385.72925099999884,"failureMessages":[],"meta":{},"tags":[]},{"ancestorTitles":[],"fullName":"admission holds exact grant locks until caller commit and caller failure rolls back a real PostgreSQL write","status":"passed","title":"admission holds exact grant locks until caller commit and caller failure rolls back a real PostgreSQL write","duration":307.9737499999992,"failureMessages":[],"meta":{},"tags":[]},{"ancestorTitles":[],"fullName":"Session reference targets enforce the full owner, course, semester, rule and named grant tuple","status":"passed","title":"Session reference targets enforce the full owner, course, semester, rule and named grant tuple","duration":427.3757919999989,"failureMessages":[],"meta":{},"tags":[]},{"ancestorTitles":[],"fullName":"student owner serialization exists without a Session and permits unrelated historical FK key-share locks","status":"passed","title":"student owner serialization exists without a Session and permits unrelated historical FK key-share locks","duration":103.089833,"failureMessages":[],"meta":{},"tags":[]},{"ancestorTitles":[],"fullName":"student owner lock fails closed for missing, foreign, nonstudent, closed and inactive transaction scope","status":"passed","title":"student owner lock fails closed for missing, foreign, nonstudent, closed and inactive transaction scope","duration":3.3014579999999114,"failureMessages":[],"meta":{},"tags":[]},{"ancestorTitles":[],"fullName":"live admission holds the student owner lock until caller rollback, then releases it","status":"passed","title":"live admission holds the student owner lock until caller rollback, then releases it","duration":327.05162500000006,"failureMessages":[],"meta":{},"tags":[]},{"ancestorTitles":[],"fullName":"all six challenge purposes retain a uniform public response; email payload is encrypted and cleared on consumption","status":"passed","title":"all six challenge purposes retain a uniform public response; email payload is encrypted and cleared on consumption","duration":34.053916999999274,"failureMessages":[],"meta":{},"tags":[]},{"ancestorTitles":[],"fullName":"email change rejects foreign/current-purpose misuse and old-address login challenges, without consuming correct proofs on failure","status":"passed","title":"email change rejects foreign/current-purpose misuse and old-address login challenges, without consuming correct proofs on failure","duration":42.800209000000905,"failureMessages":[],"meta":{},"tags":[]},{"ancestorTitles":[],"fullName":"email uniqueness is enforced at confirmation and required audit failure rolls back email, proofs and replay","status":"passed","title":"email uniqueness is enforced at confirmation and required audit failure rolls back email, proofs and replay","duration":29.84112500000083,"failureMessages":[],"meta":{},"tags":[]},{"ancestorTitles":[],"fullName":"student closure fails closed without H and rejects teacher or super-admin self deletion","status":"passed","title":"student closure fails closed without H and rejects teacher or super-admin self deletion","duration":468.36191599999984,"failureMessages":[],"meta":{},"tags":[]},{"ancestorTitles":[],"fullName":"student closure blocks ACTIVE and PAUSED, then erases credentials and personal replays while retaining course facts and an exact safe receipt","status":"passed","title":"student closure blocks ACTIVE and PAUSED, then erases credentials and personal replays while retaining course facts and an exact safe receipt","duration":383.6854169999988,"failureMessages":[],"meta":{},"tags":[]},{"ancestorTitles":[],"fullName":"closure audit failure rolls back profile erasure and proof consumption; missing/foreign OTP cannot delete","status":"passed","title":"closure audit failure rolls back profile erasure and proof consumption; missing/foreign OTP cannot delete","duration":316.68616699999984,"failureMessages":[],"meta":{},"tags":[]},{"ancestorTitles":[],"fullName":"sub-admin creation uses a nonempty temporary password, real permission rows, immutable login name and immediate permission revocation","status":"passed","title":"sub-admin creation uses a nonempty temporary password, real permission rows, immutable login name and immediate permission revocation","duration":951.7409589999988,"failureMessages":[],"meta":{},"tags":[]},{"ancestorTitles":[],"fullName":"sub-admin disable/delete require authoritative responsibility clearance and never restore old sessions","status":"passed","title":"sub-admin disable/delete require authoritative responsibility clearance and never restore old sessions","duration":655.9034580000007,"failureMessages":[],"meta":{},"tags":[]},{"ancestorTitles":[],"fullName":"teacher CSV preview rejects secrets, malformed rows and duplicates; confirm is all-or-nothing and rechecks conflicts","status":"passed","title":"teacher CSV preview rejects secrets, malformed rows and duplicates; confirm is all-or-nothing and rechecks conflicts","duration":645.068792,"failureMessages":[],"meta":{},"tags":[]},{"ancestorTitles":[],"fullName":"semester catalog enforces real versions, dates and unique combinations; empty-semester switches preserve immutable history","status":"passed","title":"semester catalog enforces real versions, dates and unique combinations; empty-semester switches preserve immutable history","duration":374.65729199999987,"failureMessages":[],"meta":{},"tags":[]},{"ancestorTitles":[],"fullName":"template publishing is SUPER-only, fixed, versioned and immutable; concurrent stale publishers cannot both commit","status":"passed","title":"template publishing is SUPER-only, fixed, versioned and immutable; concurrent stale publishers cannot both commit","duration":1142.494084,"failureMessages":[],"meta":{},"tags":[]},{"ancestorTitles":[],"fullName":"course closure alone cannot archive a populated semester or authorize deletion of its teacher without settlement facts","status":"passed","title":"course closure alone cannot archive a populated semester or authorize deletion of its teacher without settlement facts","duration":552.8244999999988,"failureMessages":[],"meta":{},"tags":[]},{"ancestorTitles":[],"fullName":"teacher import rechecks a previously valid preview and atomically rolls back every account when audit storage fails","status":"passed","title":"teacher import rechecks a previously valid preview and atomically rolls back every account when audit storage fails","duration":626.4025420000035,"failureMessages":[],"meta":{},"tags":[]},{"ancestorTitles":[],"fullName":"snapshot reads retain one PostgreSQL view across concurrent committed changes","status":"passed","title":"snapshot reads retain one PostgreSQL view across concurrent committed changes","duration":296.0558749999982,"failureMessages":[],"meta":{},"tags":[]},{"ancestorTitles":[],"fullName":"local mail configuration requires explicit opt-in and rejects production and remote endpoints","status":"passed","title":"local mail configuration requires explicit opt-in and rejects production and remote endpoints","duration":0.270250000001397,"failureMessages":[],"meta":{},"tags":[]},{"ancestorTitles":[],"fullName":"HTTP challenge reaches the real local Mailpit inbox; its one-use code logs in and exact retry sends no duplicate email","status":"passed","title":"HTTP challenge reaches the real local Mailpit inbox; its one-use code logs in and exact retry sends no duplicate email","duration":327.5279589999991,"failureMessages":[],"meta":{},"tags":[]},{"ancestorTitles":[],"fullName":"local mail connection failure rolls back the challenge and never acknowledges an unaccepted delivery","status":"passed","title":"local mail connection failure rolls back the challenge and never acknowledges an unaccepted delivery","duration":291.3690420000021,"failureMessages":[],"meta":{},"tags":[]},{"ancestorTitles":[],"fullName":"deletion erases anonymous registration receipts and rolls back all erasure if account deletion fails after cleanup","status":"passed","title":"deletion erases anonymous registration receipts and rolls back all erasure if account deletion fails after cleanup","duration":351.7512080000015,"failureMessages":[],"meta":{},"tags":[]},{"ancestorTitles":[],"fullName":"email change remains student-only per the current owner decision","status":"passed","title":"email change remains student-only per the current owner decision","duration":462.5843339999992,"failureMessages":[],"meta":{},"tags":[]},{"ancestorTitles":[],"fullName":"course keyset pages navigate both directions and reject cursor scope, filter, size and input changes","status":"passed","title":"course keyset pages navigate both directions and reject cursor scope, filter, size and input changes","duration":386.3284160000003,"failureMessages":[],"meta":{},"tags":[]},{"ancestorTitles":[],"fullName":"member status filters precede pagination and preserve ownership checks","status":"passed","title":"member status filters precede pagination and preserve ownership checks","duration":414.41091700000106,"failureMessages":[],"meta":{},"tags":[]},{"ancestorTitles":[],"fullName":"invitation and both makeup lists return usable reverse cursors with isolated resources","status":"passed","title":"invitation and both makeup lists return usable reverse cursors with isolated resources","duration":262.674583,"failureMessages":[],"meta":{},"tags":[]},{"ancestorTitles":[],"fullName":"notification pagination uses a deterministic tie break and filters unsafe and read messages before paging","status":"passed","title":"notification pagination uses a deterministic tie break and filters unsafe and read messages before paging","duration":229.05054200000086,"failureMessages":[],"meta":{},"tags":[]},{"ancestorTitles":[],"fullName":"student read receipts replay in maintenance but still recheck current account, recipient and whole message safety","status":"passed","title":"student read receipts replay in maintenance but still recheck current account, recipient and whole message safety","duration":28.946749999999156,"failureMessages":[],"meta":{},"tags":[]},{"ancestorTitles":[],"fullName":"unsafe stored notification receipts are refused even when the current source is safe","status":"passed","title":"unsafe stored notification receipts are refused even when the current source is safe","duration":16.36858299999949,"failureMessages":[],"meta":{},"tags":[]},{"ancestorTitles":[],"fullName":"notification receipt failure rolls back readAt and reservation before an exact successful retry","status":"passed","title":"notification receipt failure rolls back readAt and reservation before an exact successful retry","duration":17.80720900000233,"failureMessages":[],"meta":{},"tags":[]},{"ancestorTitles":[],"fullName":"student login exact replay checks current disabled state before returning credentials","status":"passed","title":"student login exact replay checks current disabled state before returning credentials","duration":12.651166999999987,"failureMessages":[],"meta":{},"tags":[]},{"ancestorTitles":[],"fullName":"student login replay cannot present a logged-out or rotated pair as a new login","status":"passed","title":"student login replay cannot present a logged-out or rotated pair as a new login","duration":28.426958000000013,"failureMessages":[],"meta":{},"tags":[]},{"ancestorTitles":[],"fullName":"password login replay rejects its revoked pair while a new command can log in","status":"passed","title":"password login replay rejects its revoked pair while a new command can log in","duration":647.7376250000016,"failureMessages":[],"meta":{},"tags":[]},{"ancestorTitles":[],"fullName":"login receipt expiry uses declared invalid-credential errors and never returns expired tokens","status":"passed","title":"login receipt expiry uses declared invalid-credential errors and never returns expired tokens","duration":329.8552499999969,"failureMessages":[],"meta":{},"tags":[]},{"ancestorTitles":[],"fullName":"refresh replay acquires its account before its receipt so closure can take locks in the same order","status":"passed","title":"refresh replay acquires its account before its receipt so closure can take locks in the same order","duration":181.72691699999996,"failureMessages":[],"meta":{},"tags":[]},{"ancestorTitles":[],"fullName":"invitation preview uses course-before-invitation locks and observes a committed revocation","status":"passed","title":"invitation preview uses course-before-invitation locks and observes a committed revocation","duration":200.70400100000188,"failureMessages":[],"meta":{},"tags":[]},{"ancestorTitles":[],"fullName":"invitation new-flow uses course-before-invitation locks and observes a committed revocation","status":"passed","title":"invitation new-flow uses course-before-invitation locks and observes a committed revocation","duration":206.296792000001,"failureMessages":[],"meta":{},"tags":[]},{"ancestorTitles":[],"fullName":"invitation existing-flow uses course-before-invitation locks and observes a committed revocation","status":"passed","title":"invitation existing-flow uses course-before-invitation locks and observes a committed revocation","duration":203.94804099999965,"failureMessages":[],"meta":{},"tags":[]},{"ancestorTitles":[],"fullName":"invitation join uses course-before-invitation locks and observes a committed revocation","status":"passed","title":"invitation join uses course-before-invitation locks and observes a committed revocation","duration":209.39575100000002,"failureMessages":[],"meta":{},"tags":[]},{"ancestorTitles":[],"fullName":"anonymous registration replay rejects credentials after logout","status":"passed","title":"anonymous registration replay rejects credentials after logout","duration":205.57741600000008,"failureMessages":[],"meta":{},"tags":[]},{"ancestorTitles":[],"fullName":"anonymous registration replay rejects credentials after refresh","status":"passed","title":"anonymous registration replay rejects credentials after refresh","duration":203.8193339999998,"failureMessages":[],"meta":{},"tags":[]},{"ancestorTitles":[],"fullName":"anonymous registration replay rejects credentials after disable","status":"passed","title":"anonymous registration replay rejects credentials after disable","duration":206.50500000000102,"failureMessages":[],"meta":{},"tags":[]},{"ancestorTitles":[],"fullName":"login password replay cannot return an access-expired pair with a still-live refresh","status":"passed","title":"login password replay cannot return an access-expired pair with a still-live refresh","duration":327.635542,"failureMessages":[],"meta":{},"tags":[]},{"ancestorTitles":[],"fullName":"login student replay cannot return an access-expired pair with a still-live refresh","status":"passed","title":"login student replay cannot return an access-expired pair with a still-live refresh","duration":13.604041999999026,"failureMessages":[],"meta":{},"tags":[]},{"ancestorTitles":[],"fullName":"concurrent anonymous registration preserves one account enrollment and live exact receipt","status":"passed","title":"concurrent anonymous registration preserves one account enrollment and live exact receipt","duration":217.69766700000037,"failureMessages":[],"meta":{},"tags":[]},{"ancestorTitles":[],"fullName":"administrator student directory searches and paginates scoped current account facts without mutation","status":"passed","title":"administrator student directory searches and paginates scoped current account facts without mutation","duration":839.0751670000027,"failureMessages":[],"meta":{},"tags":[]},{"ancestorTitles":[],"fullName":"student directory rechecks admin permissions and excludes physically deleted current profiles","status":"passed","title":"student directory rechecks admin permissions and excludes physically deleted current profiles","duration":955.8385419999977,"failureMessages":[],"meta":{},"tags":[]},{"ancestorTitles":[],"fullName":"member removal locks its student before the course","status":"passed","title":"member removal locks its student before the course","duration":210.44091599999956,"failureMessages":[],"meta":{},"tags":[]},{"ancestorTitles":[],"fullName":"member restoration locks its student before the course","status":"passed","title":"member restoration locks its student before the course","duration":223.08637499999895,"failureMessages":[],"meta":{},"tags":[]},{"ancestorTitles":[],"fullName":"student read /student/course does not lock its enrollment before its course","status":"passed","title":"student read /student/course does not lock its enrollment before its course","duration":204.88841700000194,"failureMessages":[],"meta":{},"tags":[]},{"ancestorTitles":[],"fullName":"student read /student/makeup-authorizations does not lock its enrollment before its course","status":"passed","title":"student read /student/makeup-authorizations does not lock its enrollment before its course","duration":214.4115410000013,"failureMessages":[],"meta":{},"tags":[]},{"ancestorTitles":[],"fullName":"course members projects students without locking a second account behind its course","status":"passed","title":"course members projects students without locking a second account behind its course","duration":211.22212500000023,"failureMessages":[],"meta":{},"tags":[]},{"ancestorTitles":[],"fullName":"course impact projects students without locking a second account behind its course","status":"passed","title":"course impact projects students without locking a second account behind its course","duration":202.36625099999947,"failureMessages":[],"meta":{},"tags":[]},{"ancestorTitles":[],"fullName":"restoration and another-course join serialize through the student without duplicate active membership","status":"passed","title":"restoration and another-course join serialize through the student without duplicate active membership","duration":408.205915999999,"failureMessages":[],"meta":{},"tags":[]},{"ancestorTitles":[],"fullName":"PENDING query-error Contract CR: invalid course limit and status must return a client error","status":"failed","title":"PENDING query-error Contract CR: invalid course limit and status must return a client error","duration":184.9335409999985,"failureMessages":["AssertionError: expected [ { input: 'limit=0', …(2) }, …(3) ] to deeply equal [ { input: 'limit=0', …(2) }, …(3) ]\n    at /workspace/tests/integration/g1/g1.test.ts:1649:23\n    at processTicksAndRejections (node:internal/process/task_queues:104:5)\n    at file:///workspace/node_modules/@vitest/runner/dist/chunk-artifact.js:1903:20"],"meta":{},"tags":[]},{"ancestorTitles":[],"fullName":"PENDING query-error Contract CR: invalid member status must return a client error","status":"failed","title":"PENDING query-error Contract CR: invalid member status must return a client error","duration":198.0214589999996,"failureMessages":["AssertionError: expected { status: 500, code: 'INTERNAL_ERROR' } to deeply equal { Object (status, code) }\n    at /workspace/tests/integration/g1/g1.test.ts:1654:63\n    at processTicksAndRejections (node:internal/process/task_queues:104:5)\n    at file:///workspace/node_modules/@vitest/runner/dist/chunk-artifact.js:1903:20"],"meta":{},"tags":[]},{"ancestorTitles":[],"fullName":"PENDING query-error Contract CR: invalid notification read filter must return a client error","status":"failed","title":"PENDING query-error Contract CR: invalid notification read filter must return a client error","duration":6.894790999998804,"failureMessages":["AssertionError: expected { status: 500, code: 'INTERNAL_ERROR' } to deeply equal { Object (status, code) }\n    at /workspace/tests/integration/g1/g1.test.ts:1659:63\n    at processTicksAndRejections (node:internal/process/task_queues:104:5)\n    at file:///workspace/node_modules/@vitest/runner/dist/chunk-artifact.js:1903:20"],"meta":{},"tags":[]},{"ancestorTitles":[],"fullName":"PENDING query-error Contract CR: invalid student-directory query must return a client error","status":"failed","title":"PENDING query-error Contract CR: invalid student-directory query must return a client error","duration":291.0293750000019,"failureMessages":["AssertionError: expected [ { status: 500, …(1) }, …(2) ] to deeply equal [ { status: 400, …(1) }, …(2) ]\n    at /workspace/tests/integration/g1/g1.test.ts:1665:27\n    at processTicksAndRejections (node:internal/process/task_queues:104:5)\n    at file:///workspace/node_modules/@vitest/runner/dist/chunk-artifact.js:1903:20"],"meta":{},"tags":[]},{"ancestorTitles":[],"fullName":"G1 migrations roll down and rebuild on the approved disposable database","status":"passed","title":"G1 migrations roll down and rebuild on the approved disposable database","duration":49.68787499999962,"failureMessages":[],"meta":{},"tags":[]}],"startTime":1788942297758,"endTime":1788942325552.688,"status":"failed","message":"","name":"/workspace/tests/integration/g1/g1.test.ts"},{"assertionResults":[{"ancestorTitles":[],"fullName":"real executable logs in, delivers OTP to Mailpit, fails closed without catalog and preserves sessions across clean restart","status":"passed","title":"real executable logs in, delivers OTP to Mailpit, fails closed without catalog and preserves sessions across clean restart","duration":1206.105792,"failureMessages":[],"meta":{},"tags":[]},{"ancestorTitles":[],"fullName":"file-backed HTTP publication detects changed bytes and stale pinned evidence, then publishes after fresh proof","status":"passed","title":"file-backed HTTP publication detects changed bytes and stale pinned evidence, then publishes after fresh proof","duration":1228.8595839999998,"failureMessages":[],"meta":{},"tags":[]},{"ancestorTitles":[],"fullName":"startup requires usable separate keys, pinned file, existing organization and all migrations without exposing secrets","status":"passed","title":"startup requires usable separate keys, pinned file, existing organization and all migrations without exposing secrets","duration":516.1662499999998,"failureMessages":[],"meta":{},"tags":[]}],"startTime":1788942325802,"endTime":1788942328753.1663,"status":"passed","message":"","name":"/workspace/tests/integration/g1/runtime.test.ts"},{"assertionResults":[{"ancestorTitles":[],"fullName":"startExerciseSession maps INVALID_CREDENTIALS by code and frozen Contract","status":"passed","title":"startExerciseSession maps INVALID_CREDENTIALS by code and frozen Contract","duration":1.0722499999999968,"failureMessages":[],"meta":{},"tags":[]},{"ancestorTitles":[],"fullName":"startExerciseSession maps TOKEN_EXPIRED by code and frozen Contract","status":"passed","title":"startExerciseSession maps TOKEN_EXPIRED by code and frozen Contract","duration":0.1349170000000015,"failureMessages":[],"meta":{},"tags":[]},{"ancestorTitles":[],"fullName":"startExerciseSession maps ACCOUNT_DISABLED by code and frozen Contract","status":"passed","title":"startExerciseSession maps ACCOUNT_DISABLED by code and frozen Contract","duration":0.11945800000000872,"failureMessages":[],"meta":{},"tags":[]},{"ancestorTitles":[],"fullName":"startExerciseSession maps FIRST_PASSWORD_CHANGE_REQUIRED by code and frozen Contract","status":"passed","title":"startExerciseSession maps FIRST_PASSWORD_CHANGE_REQUIRED by code and frozen Contract","duration":0.10875000000001478,"failureMessages":[],"meta":{},"tags":[]},{"ancestorTitles":[],"fullName":"getExerciseSession maps FIRST_PASSWORD_CHANGE_REQUIRED by code and frozen Contract","status":"passed","title":"getExerciseSession maps FIRST_PASSWORD_CHANGE_REQUIRED by code and frozen Contract","duration":0.13608400000001097,"failureMessages":[],"meta":{},"tags":[]},{"ancestorTitles":[],"fullName":"startExerciseSession maps SEMESTER_NOT_CURRENT by code and frozen Contract","status":"passed","title":"startExerciseSession maps SEMESTER_NOT_CURRENT by code and frozen Contract","duration":0.13683299999999576,"failureMessages":[],"meta":{},"tags":[]},{"ancestorTitles":[],"fullName":"startExerciseSession maps RESOURCE_NOT_FOUND by code and frozen Contract","status":"passed","title":"startExerciseSession maps RESOURCE_NOT_FOUND by code and frozen Contract","duration":0.12125000000000341,"failureMessages":[],"meta":{},"tags":[]},{"ancestorTitles":[],"fullName":"allocateMediaAsset maps COURSE_NOT_OPEN by code and frozen Contract","status":"passed","title":"allocateMediaAsset maps COURSE_NOT_OPEN by code and frozen Contract","duration":0.07662500000000705,"failureMessages":[],"meta":{},"tags":[]},{"ancestorTitles":[],"fullName":"startExerciseSession maps MAKEUP_NOT_ALLOWED by code and frozen Contract","status":"passed","title":"startExerciseSession maps MAKEUP_NOT_ALLOWED by code and frozen Contract","duration":0.08341599999999971,"failureMessages":[],"meta":{},"tags":[]},{"ancestorTitles":[],"fullName":"startExerciseSession maps SYSTEM_MAINTENANCE by code and frozen Contract","status":"passed","title":"startExerciseSession maps SYSTEM_MAINTENANCE by code and frozen Contract","duration":0.10462499999999864,"failureMessages":[],"meta":{},"tags":[]},{"ancestorTitles":[],"fullName":"changeOwnPassword maps SYSTEM_MAINTENANCE by code and frozen Contract","status":"passed","title":"changeOwnPassword maps SYSTEM_MAINTENANCE by code and frozen Contract","duration":0.061666999999999916,"failureMessages":[],"meta":{},"tags":[]},{"ancestorTitles":[],"fullName":"startExerciseSession maps VERSION_CONFLICT by code and frozen Contract","status":"passed","title":"startExerciseSession maps VERSION_CONFLICT by code and frozen Contract","duration":0.057999999999992724,"failureMessages":[],"meta":{},"tags":[]},{"ancestorTitles":[],"fullName":"completeExerciseSession maps IDEMPOTENCY_KEY_REUSED by code and frozen Contract","status":"passed","title":"completeExerciseSession maps IDEMPOTENCY_KEY_REUSED by code and frozen Contract","duration":0.05679200000000151,"failureMessages":[],"meta":{},"tags":[]},{"ancestorTitles":[],"fullName":"unknown exceptions and undeclared failure pairs stay internal while unavailable transactions return 503","status":"passed","title":"unknown exceptions and undeclared failure pairs stay internal while unavailable transactions return 503","duration":0.08791600000000699,"failureMessages":[],"meta":{},"tags":[]},{"ancestorTitles":[],"fullName":"all 176 operation mappings remain declared; emit a common failure policy matrix for H","status":"passed","title":"all 176 operation mappings remain declared; emit a common failure policy matrix for H","duration":161.55841700000002,"failureMessages":[],"meta":{},"tags":[]}],"startTime":1788942329083,"endTime":1788942329246.5583,"status":"passed","message":"","name":"/workspace/tests/unit/g1/error-policy.test.ts"},{"assertionResults":[{"ancestorTitles":[],"fullName":"pinned synthetic catalog preserves partial semantics, filters elapsed slots and isolates returned data","status":"passed","title":"pinned synthetic catalog preserves partial semantics, filters elapsed slots and isolates returned data","duration":3.692458000000002,"failureMessages":[],"meta":{},"tags":[]},{"ancestorTitles":[],"fullName":"organization, semester, semester version, exact rule and source time cannot be crossed","status":"passed","title":"organization, semester, semester version, exact rule and source time cannot be crossed","duration":2.789541,"failureMessages":[],"meta":{},"tags":[]},{"ancestorTitles":[],"fullName":"same source label with changed bytes needs a new pin and produces a different evidence version","status":"passed","title":"same source label with changed bytes needs a new pin and produces a different evidence version","duration":4.218499999999992,"failureMessages":[],"meta":{},"tags":[]},{"ancestorTitles":[],"fullName":"invalid past slots are rejected before time filtering; no manufactured exhaustive negative result","status":"passed","title":"invalid past slots are rejected before time filtering; no manufactured exhaustive negative result","duration":1.1279579999999925,"failureMessages":[],"meta":{},"tags":[]},{"ancestorTitles":[],"fullName":"ambiguous duplicate scopes and duplicate slot IDs are unavailable even with matching file SHA","status":"passed","title":"ambiguous duplicate scopes and duplicate slot IDs are unavailable even with matching file SHA","duration":1.585125000000005,"failureMessages":[],"meta":{},"tags":[]},{"ancestorTitles":[],"fullName":"malformed JSON, non-boolean completeness and oversized files cannot pass the source adapter","status":"passed","title":"malformed JSON, non-boolean completeness and oversized files cannot pass the source adapter","duration":3.447082999999992,"failureMessages":[],"meta":{},"tags":[]},{"ancestorTitles":[],"fullName":"development bootstrap rejects missing opt-ins, malformed domains, relative key files and ambiguous source modes","status":"passed","title":"development bootstrap rejects missing opt-ins, malformed domains, relative key files and ambiguous source modes","duration":1.0932920000000053,"failureMessages":[],"meta":{},"tags":[]}],"startTime":1788942328855,"endTime":1788942328873.0933,"status":"passed","message":"","name":"/workspace/tests/unit/g1/file-plan-catalog.test.ts"},{"assertionResults":[{"ancestorTitles":[],"fullName":"610/590 cannot use only twenty dates despite total capacity 1200","status":"passed","title":"610/590 cannot use only twenty dates despite total capacity 1200","duration":3.357875,"failureMessages":[],"meta":{},"tags":[]},{"ancestorTitles":[],"fullName":"twenty-one dates produce a complete non-overlapping two-category witness","status":"passed","title":"twenty-one dates produce a complete non-overlapping two-category witness","duration":1.8256250000000023,"failureMessages":[],"meta":{},"tags":[]},{"ancestorTitles":[],"fullName":"partial catalog and exhausted search never report infeasibility","status":"passed","title":"partial catalog and exhausted search never report infeasibility","duration":2.4935409999999933,"failureMessages":[],"meta":{},"tags":[]},{"ancestorTitles":[],"fullName":"invalid or duplicated Owner slots fail closed","status":"passed","title":"invalid or duplicated Owner slots fail closed","duration":0.13641700000000156,"failureMessages":[],"meta":{},"tags":[]},{"ancestorTitles":[],"fullName":"weekly limit and overlapping cross-midnight slots are enforced","status":"passed","title":"weekly limit and overlapping cross-midnight slots are enforced","duration":1.6551669999999987,"failureMessages":[],"meta":{},"tags":[]},{"ancestorTitles":[],"fullName":"course draft rejects invalid totals, dates and closeout duration","status":"passed","title":"course draft rejects invalid totals, dates and closeout duration","duration":0.40604199999999935,"failureMessages":[],"meta":{},"tags":[]}],"startTime":1788942329295,"endTime":1788942329305.406,"status":"passed","message":"","name":"/workspace/tests/unit/g1/publication-plan.test.ts"}]}