{"numTotalTestSuites":2,"numPassedTestSuites":2,"numFailedTestSuites":0,"numPendingTestSuites":0,"numTotalTests":1003,"numPassedTests":1003,"numFailedTests":0,"numPendingTests":0,"numTodoTests":0,"snapshot":{"added":0,"failure":false,"filesAdded":0,"filesRemoved":0,"filesRemovedList":[],"filesUnmatched":0,"filesUpdated":0,"matched":0,"total":0,"unchecked":0,"uncheckedKeysByFile":[],"unmatched":0,"updated":0,"didUpdate":false},"startTime":1788942295132,"success":true,"testResults":[{"assertionResults":[{"ancestorTitles":["BE-CR005-COMPAT pinned 992-case backend corpus"],"fullName":"BE-CR005-COMPAT pinned 992-case backend corpus 'old-mapping/EXEMPTION/legal'","status":"passed","title":"'old-mapping/EXEMPTION/legal'","duration":4.351417000000026,"failureMessages":[],"meta":{},"tags":[]},{"ancestorTitles":["BE-CR005-COMPAT pinned 992-case backend corpus"],"fullName":"BE-CR005-COMPAT pinned 992-case backend corpus 'old-mapping/EXEMPTION/unknown'","status":"passed","title":"'old-mapping/EXEMPTION/unknown'","duration":0.36437499999999545,"failureMessages":[],"meta":{},"tags":[]},{"ancestorTitles":["BE-CR005-COMPAT pinned 992-case backend corpus"],"fullName":"BE-CR005-COMPAT pinned 992-case backend corpus 'old-mapping/EXEMPTION/schema_name'","status":"passed","title":"'old-mapping/EXEMPTION/schema_name'","duration":0.1450839999999971,"failureMessages":[],"meta":{},"tags":[]},{"ancestorTitles":["BE-CR005-COMPAT pinned 992-case backend corpus"],"fullName":"BE-CR005-COMPAT pinned 992-case backend corpus 'old-mapping/EXEMPTION/null'","status":"passed","title":"'old-mapping/EXEMPTION/null'","duration":0.11362500000001319,"failureMessages":[],"meta":{},"tags":[]},{"ancestorTitles":["BE-CR005-COMPAT pinned 992-case backend corpus"],"fullName":"BE-CR005-COMPAT pinned 992-case backend corpus 'old-mapping/EXEMPTION/numeric'","status":"passed","title":"'old-mapping/EXEMPTION/numeric'","duration":0.10816699999998036,"failureMessages":[],"meta":{},"tags":[]},{"ancestorTitles":["BE-CR005-COMPAT pinned 992-case backend corpus"],"fullName":"BE-CR005-COMPAT pinned 992-case backend corpus 'old-mapping/EXEMPTION/missing'","status":"passed","title":"'old-mapping/EXEMPTION/missing'","duration":0.11829199999999673,"failureMessages":[],"meta":{},"tags":[]},{"ancestorTitles":["BE-CR005-COMPAT pinned 992-case backend corpus"],"fullName":"BE-CR005-COMPAT pinned 992-case backend corpus 'old-mapping/EXEMPTION/extra_field'","status":"passed","title":"'old-mapping/EXEMPTION/extra_field'","duration":0.13587499999999864,"failureMessages":[],"meta":{},"tags":[]},{"ancestorTitles":["BE-CR005-COMPAT pinned 992-case backend corpus"],"fullName":"BE-CR005-COMPAT pinned 992-case backend corpus 'old-mapping/EXEMPTION/wrong_branch_sh…'","status":"passed","title":"'old-mapping/EXEMPTION/wrong_branch_sh…'","duration":0.09070800000000645,"failureMessages":[],"meta":{},"tags":[]},{"ancestorTitles":["BE-CR005-COMPAT pinned 992-case backend corpus"],"fullName":"BE-CR005-COMPAT pinned 992-case backend corpus 'old-mapping/CERTIFICATION/legal'","status":"passed","title":"'old-mapping/CERTIFICATION/legal'","duration":0.2814999999999941,"failureMessages":[],"meta":{},"tags":[]},{"ancestorTitles":["BE-CR005-COMPAT pinned 992-case backend corpus"],"fullName":"BE-CR005-COMPAT pinned 992-case backend corpus 'old-mapping/CERTIFICATION/unknown'","status":"passed","title":"'old-mapping/CERTIFICATION/unknown'","duration":0.109375,"failureMessages":[],"meta":{},"tags":[]},{"ancestorTitles":["BE-CR005-COMPAT pinned 992-case backend corpus"],"fullName":"BE-CR005-COMPAT pinned 992-case backend corpus 'old-mapping/CERTIFICATION/schema_name'","status":"passed","title":"'old-mapping/CERTIFICATION/schema_name'","duration":0.086749999999995,"failureMessages":[],"meta":{},"tags":[]},{"ancestorTitles":["BE-CR005-COMPAT pinned 992-case backend corpus"],"fullName":"BE-CR005-COMPAT pinned 992-case backend corpus 'old-mapping/CERTIFICATION/null'","status":"passed","title":"'old-mapping/CERTIFICATION/null'","duration":0.078708000000006,"failureMessages":[],"meta":{},"tags":[]},{"ancestorTitles":["BE-CR005-COMPAT pinned 992-case backend corpus"],"fullName":"BE-CR005-COMPAT pinned 992-case backend corpus 'old-mapping/CERTIFICATION/numeric'","status":"passed","title":"'old-mapping/CERTIFICATION/numeric'","duration":0.07379200000002584,"failureMessages":[],"meta":{},"tags":[]},{"ancestorTitles":["BE-CR005-COMPAT pinned 992-case backend corpus"],"fullName":"BE-CR005-COMPAT pinned 992-case backend corpus 'old-mapping/CERTIFICATION/missing'","status":"passed","title":"'old-mapping/CERTIFICATION/missing'","duration":0.06995799999998553,"failureMessages":[],"meta":{},"tags":[]},{"ancestorTitles":["BE-CR005-COMPAT pinned 992-case backend corpus"],"fullName":"BE-CR005-COMPAT pinned 992-case backend corpus 'old-mapping/CERTIFICATION/extra_field'","status":"passed","title":"'old-mapping/CERTIFICATION/extra_field'","duration":0.06129199999998036,"failureMessages":[],"meta":{},"tags":[]},{"ancestorTitles":["BE-CR005-COMPAT pinned 992-case backend corpus"],"fullName":"BE-CR005-COMPAT pinned 992-case backend corpus 'old-mapping/CERTIFICATION/wrong_branc…'","status":"passed","title":"'old-mapping/CERTIFICATION/wrong_branc…'","duration":0.06524999999999181,"failureMessages":[],"meta":{},"tags":[]},{"ancestorTitles":["BE-CR005-COMPAT pinned 992-case backend corpus"],"fullName":"BE-CR005-COMPAT pinned 992-case backend corpus 'old-mapping/ADD/legal'","status":"passed","title":"'old-mapping/ADD/legal'","duration":3.2432909999999993,"failureMessages":[],"meta":{},"tags":[]},{"ancestorTitles":["BE-CR005-COMPAT pinned 992-case backend corpus"],"fullName":"BE-CR005-COMPAT pinned 992-case backend corpus 'old-mapping/ADD/unknown'","status":"passed","title":"'old-mapping/ADD/unknown'","duration":0.10958399999998392,"failureMessages":[],"meta":{},"tags":[]},{"ancestorTitles":["BE-CR005-COMPAT pinned 992-case backend corpus"],"fullName":"BE-CR005-COMPAT pinned 992-case backend corpus 'old-mapping/ADD/schema_name'","status":"passed","title":"'old-mapping/ADD/schema_name'","duration":0.09199999999998454,"failureMessages":[],"meta":{},"tags":[]},{"ancestorTitles":["BE-CR005-COMPAT pinned 992-case backend corpus"],"fullName":"BE-CR005-COMPAT pinned 992-case backend corpus 'old-mapping/ADD/null'","status":"passed","title":"'old-mapping/ADD/null'","duration":0.10224999999996953,"failureMessages":[],"meta":{},"tags":[]},{"ancestorTitles":["BE-CR005-COMPAT pinned 992-case backend corpus"],"fullName":"BE-CR005-COMPAT pinned 992-case backend corpus 'old-mapping/ADD/numeric'","status":"passed","title":"'old-mapping/ADD/numeric'","duration":0.06533300000000963,"failureMessages":[],"meta":{},"tags":[]},{"ancestorTitles":["BE-CR005-COMPAT pinned 992-case backend corpus"],"fullName":"BE-CR005-COMPAT pinned 992-case backend corpus 'old-mapping/ADD/missing'","status":"passed","title":"'old-mapping/ADD/missing'","duration":0.06637499999999363,"failureMessages":[],"meta":{},"tags":[]},{"ancestorTitles":["BE-CR005-COMPAT pinned 992-case backend corpus"],"fullName":"BE-CR005-COMPAT pinned 992-case backend corpus 'old-mapping/ADD/extra_field'","status":"passed","title":"'old-mapping/ADD/extra_field'","duration":0.0629170000000272,"failureMessages":[],"meta":{},"tags":[]},{"ancestorTitles":["BE-CR005-COMPAT pinned 992-case backend corpus"],"fullName":"BE-CR005-COMPAT pinned 992-case backend corpus 'old-mapping/ADD/wrong_branch_shape'","status":"passed","title":"'old-mapping/ADD/wrong_branch_shape'","duration":0.05275000000000318,"failureMessages":[],"meta":{},"tags":[]},{"ancestorTitles":["BE-CR005-COMPAT pinned 992-case backend corpus"],"fullName":"BE-CR005-COMPAT pinned 992-case backend corpus 'old-mapping/UPDATE/legal'","status":"passed","title":"'old-mapping/UPDATE/legal'","duration":0.13354100000003655,"failureMessages":[],"meta":{},"tags":[]},{"ancestorTitles":["BE-CR005-COMPAT pinned 992-case backend corpus"],"fullName":"BE-CR005-COMPAT pinned 992-case backend corpus 'old-mapping/UPDATE/unknown'","status":"passed","title":"'old-mapping/UPDATE/unknown'","duration":0.07787500000000591,"failureMessages":[],"meta":{},"tags":[]},{"ancestorTitles":["BE-CR005-COMPAT pinned 992-case backend corpus"],"fullName":"BE-CR005-COMPAT pinned 992-case backend corpus 'old-mapping/UPDATE/schema_name'","status":"passed","title":"'old-mapping/UPDATE/schema_name'","duration":0.05358400000000074,"failureMessages":[],"meta":{},"tags":[]},{"ancestorTitles":["BE-CR005-COMPAT pinned 992-case backend corpus"],"fullName":"BE-CR005-COMPAT pinned 992-case backend corpus 'old-mapping/UPDATE/null'","status":"passed","title":"'old-mapping/UPDATE/null'","duration":0.08016699999996035,"failureMessages":[],"meta":{},"tags":[]},{"ancestorTitles":["BE-CR005-COMPAT pinned 992-case backend corpus"],"fullName":"BE-CR005-COMPAT pinned 992-case backend corpus 'old-mapping/UPDATE/numeric'","status":"passed","title":"'old-mapping/UPDATE/numeric'","duration":0.07029199999999491,"failureMessages":[],"meta":{},"tags":[]},{"ancestorTitles":["BE-CR005-COMPAT pinned 992-case backend corpus"],"fullName":"BE-CR005-COMPAT pinned 992-case backend corpus 'old-mapping/UPDATE/missing'","status":"passed","title":"'old-mapping/UPDATE/missing'","duration":0.05929199999997081,"failureMessages":[],"meta":{},"tags":[]},{"ancestorTitles":["BE-CR005-COMPAT pinned 992-case backend corpus"],"fullName":"BE-CR005-COMPAT pinned 992-case backend corpus 'old-mapping/UPDATE/extra_field'","status":"passed","title":"'old-mapping/UPDATE/extra_field'","duration":0.0548750000000382,"failureMessages":[],"meta":{},"tags":[]},{"ancestorTitles":["BE-CR005-COMPAT pinned 992-case backend corpus"],"fullName":"BE-CR005-COMPAT pinned 992-case backend corpus 'old-mapping/UPDATE/wrong_branch_shape'","status":"passed","title":"'old-mapping/UPDATE/wrong_branch_shape'","duration":0.07320900000001984,"failureMessages":[],"meta":{},"tags":[]},{"ancestorTitles":["BE-CR005-COMPAT pinned 992-case backend corpus"],"fullName":"BE-CR005-COMPAT pinned 992-case backend corpus 'old-mapping/DELETE/legal'","status":"passed","title":"'old-mapping/DELETE/legal'","duration":0.07974999999999,"failureMessages":[],"meta":{},"tags":[]},{"ancestorTitles":["BE-CR005-COMPAT pinned 992-case backend corpus"],"fullName":"BE-CR005-COMPAT pinned 992-case backend corpus 'old-mapping/DELETE/unknown'","status":"passed","title":"'old-mapping/DELETE/unknown'","duration":0.04362500000002001,"failureMessages":[],"meta":{},"tags":[]},{"ancestorTitles":["BE-CR005-COMPAT pinned 992-case backend corpus"],"fullName":"BE-CR005-COMPAT pinned 992-case backend corpus 'old-mapping/DELETE/schema_name'","status":"passed","title":"'old-mapping/DELETE/schema_name'","duration":0.043209000000047126,"failureMessages":[],"meta":{},"tags":[]},{"ancestorTitles":["BE-CR005-COMPAT pinned 992-case backend corpus"],"fullName":"BE-CR005-COMPAT pinned 992-case backend corpus 'old-mapping/DELETE/null'","status":"passed","title":"'old-mapping/DELETE/null'","duration":0.051415999999960604,"failureMessages":[],"meta":{},"tags":[]},{"ancestorTitles":["BE-CR005-COMPAT pinned 992-case backend corpus"],"fullName":"BE-CR005-COMPAT pinned 992-case backend corpus 'old-mapping/DELETE/numeric'","status":"passed","title":"'old-mapping/DELETE/numeric'","duration":0.047791999999958534,"failureMessages":[],"meta":{},"tags":[]},{"ancestorTitles":["BE-CR005-COMPAT pinned 992-case backend corpus"],"fullName":"BE-CR005-COMPAT pinned 992-case backend corpus 'old-mapping/DELETE/missing'","status":"passed","title":"'old-mapping/DELETE/missing'","duration":0.047584000000028936,"failureMessages":[],"meta":{},"tags":[]},{"ancestorTitles":["BE-CR005-COMPAT pinned 992-case backend corpus"],"fullName":"BE-CR005-COMPAT pinned 992-case backend corpus 'old-mapping/DELETE/extra_field'","status":"passed","title":"'old-mapping/DELETE/extra_field'","duration":0.04787499999997635,"failureMessages":[],"meta":{},"tags":[]},{"ancestorTitles":["BE-CR005-COMPAT pinned 992-case backend corpus"],"fullName":"BE-CR005-COMPAT pinned 992-case backend corpus 'old-mapping/DELETE/wrong_branch_shape'","status":"passed","title":"'old-mapping/DELETE/wrong_branch_shape'","duration":0.043000000000006366,"failureMessages":[],"meta":{},"tags":[]},{"ancestorTitles":["BE-CR005-COMPAT pinned 992-case backend corpus"],"fullName":"BE-CR005-COMPAT pinned 992-case backend corpus 'old-mapping/MAINTENANCE/legal'","status":"passed","title":"'old-mapping/MAINTENANCE/legal'","duration":2.0205419999999776,"failureMessages":[],"meta":{},"tags":[]},{"ancestorTitles":["BE-CR005-COMPAT pinned 992-case backend corpus"],"fullName":"BE-CR005-COMPAT pinned 992-case backend corpus 'old-mapping/MAINTENANCE/unknown'","status":"passed","title":"'old-mapping/MAINTENANCE/unknown'","duration":0.10158300000000509,"failureMessages":[],"meta":{},"tags":[]},{"ancestorTitles":["BE-CR005-COMPAT pinned 992-case backend corpus"],"fullName":"BE-CR005-COMPAT pinned 992-case backend corpus 'old-mapping/MAINTENANCE/schema_name'","status":"passed","title":"'old-mapping/MAINTENANCE/schema_name'","duration":0.1184170000000222,"failureMessages":[],"meta":{},"tags":[]},{"ancestorTitles":["BE-CR005-COMPAT pinned 992-case backend corpus"],"fullName":"BE-CR005-COMPAT pinned 992-case backend corpus 'old-mapping/MAINTENANCE/null'","status":"passed","title":"'old-mapping/MAINTENANCE/null'","duration":0.07258399999994936,"failureMessages":[],"meta":{},"tags":[]},{"ancestorTitles":["BE-CR005-COMPAT pinned 992-case backend corpus"],"fullName":"BE-CR005-COMPAT pinned 992-case backend corpus 'old-mapping/MAINTENANCE/numeric'","status":"passed","title":"'old-mapping/MAINTENANCE/numeric'","duration":0.08024999999997817,"failureMessages":[],"meta":{},"tags":[]},{"ancestorTitles":["BE-CR005-COMPAT pinned 992-case backend corpus"],"fullName":"BE-CR005-COMPAT pinned 992-case backend corpus 'old-mapping/MAINTENANCE/missing'","status":"passed","title":"'old-mapping/MAINTENANCE/missing'","duration":0.061540999999976975,"failureMessages":[],"meta":{},"tags":[]},{"ancestorTitles":["BE-CR005-COMPAT pinned 992-case backend corpus"],"fullName":"BE-CR005-COMPAT pinned 992-case backend corpus 'old-mapping/MAINTENANCE/extra_field'","status":"passed","title":"'old-mapping/MAINTENANCE/extra_field'","duration":0.057999999999992724,"failureMessages":[],"meta":{},"tags":[]},{"ancestorTitles":["BE-CR005-COMPAT pinned 992-case backend corpus"],"fullName":"BE-CR005-COMPAT pinned 992-case backend corpus 'old-mapping/MAINTENANCE/wrong_branch_…'","status":"passed","title":"'old-mapping/MAINTENANCE/wrong_branch_…'","duration":0.05804200000000037,"failureMessages":[],"meta":{},"tags":[]},{"ancestorTitles":["BE-CR005-COMPAT pinned 992-case backend corpus"],"fullName":"BE-CR005-COMPAT pinned 992-case backend corpus 'old-mapping/NORMAL/legal'","status":"passed","title":"'old-mapping/NORMAL/legal'","duration":0.08258299999999963,"failureMessages":[],"meta":{},"tags":[]},{"ancestorTitles":["BE-CR005-COMPAT pinned 992-case backend corpus"],"fullName":"BE-CR005-COMPAT pinned 992-case backend corpus 'old-mapping/NORMAL/unknown'","status":"passed","title":"'old-mapping/NORMAL/unknown'","duration":0.04066700000004175,"failureMessages":[],"meta":{},"tags":[]},{"ancestorTitles":["BE-CR005-COMPAT pinned 992-case backend corpus"],"fullName":"BE-CR005-COMPAT pinned 992-case backend corpus 'old-mapping/NORMAL/schema_name'","status":"passed","title":"'old-mapping/NORMAL/schema_name'","duration":0.04574999999999818,"failureMessages":[],"meta":{},"tags":[]},{"ancestorTitles":["BE-CR005-COMPAT pinned 992-case backend corpus"],"fullName":"BE-CR005-COMPAT pinned 992-case backend corpus 'old-mapping/NORMAL/null'","status":"passed","title":"'old-mapping/NORMAL/null'","duration":0.043333000000018274,"failureMessages":[],"meta":{},"tags":[]},{"ancestorTitles":["BE-CR005-COMPAT pinned 992-case backend corpus"],"fullName":"BE-CR005-COMPAT pinned 992-case backend corpus 'old-mapping/NORMAL/numeric'","status":"passed","title":"'old-mapping/NORMAL/numeric'","duration":0.03999999999996362,"failureMessages":[],"meta":{},"tags":[]},{"ancestorTitles":["BE-CR005-COMPAT pinned 992-case backend corpus"],"fullName":"BE-CR005-COMPAT pinned 992-case backend corpus 'old-mapping/NORMAL/missing'","status":"passed","title":"'old-mapping/NORMAL/missing'","duration":0.04199999999997317,"failureMessages":[],"meta":{},"tags":[]},{"ancestorTitles":["BE-CR005-COMPAT pinned 992-case backend corpus"],"fullName":"BE-CR005-COMPAT pinned 992-case backend corpus 'old-mapping/NORMAL/extra_field'","status":"passed","title":"'old-mapping/NORMAL/extra_field'","duration":0.042374999999992724,"failureMessages":[],"meta":{},"tags":[]},{"ancestorTitles":["BE-CR005-COMPAT pinned 992-case backend corpus"],"fullName":"BE-CR005-COMPAT pinned 992-case backend corpus 'old-mapping/NORMAL/wrong_branch_shape'","status":"passed","title":"'old-mapping/NORMAL/wrong_branch_shape'","duration":0.04050000000000864,"failureMessages":[],"meta":{},"tags":[]},{"ancestorTitles":["BE-CR005-COMPAT pinned 992-case backend corpus"],"fullName":"BE-CR005-COMPAT pinned 992-case backend corpus 'old-mapping/CERTIFICATION/nested_or_e…'","status":"passed","title":"'old-mapping/CERTIFICATION/nested_or_e…'","duration":0.07900000000000773,"failureMessages":[],"meta":{},"tags":[]},{"ancestorTitles":["BE-CR005-COMPAT pinned 992-case backend corpus"],"fullName":"BE-CR005-COMPAT pinned 992-case backend corpus 'old-mapping/MAINTENANCE/nested_or_env…'","status":"passed","title":"'old-mapping/MAINTENANCE/nested_or_env…'","duration":0.05354099999999562,"failureMessages":[],"meta":{},"tags":[]},{"ancestorTitles":["BE-CR005-COMPAT pinned 992-case backend corpus"],"fullName":"BE-CR005-COMPAT pinned 992-case backend corpus 'old-mapping/ADD/nested_or_envelope_ex…'","status":"passed","title":"'old-mapping/ADD/nested_or_envelope_ex…'","duration":0.06845799999996416,"failureMessages":[],"meta":{},"tags":[]},{"ancestorTitles":["BE-CR005-COMPAT pinned 992-case backend corpus"],"fullName":"BE-CR005-COMPAT pinned 992-case backend corpus 'prior-workflow/ordinary/valid'","status":"passed","title":"'prior-workflow/ordinary/valid'","duration":3.725250000000017,"failureMessages":[],"meta":{},"tags":[]},{"ancestorTitles":["BE-CR005-COMPAT pinned 992-case backend corpus"],"fullName":"BE-CR005-COMPAT pinned 992-case backend corpus 'prior-workflow/swimming/valid'","status":"passed","title":"'prior-workflow/swimming/valid'","duration":0.21420899999998255,"failureMessages":[],"meta":{},"tags":[]},{"ancestorTitles":["BE-CR005-COMPAT pinned 992-case backend corpus"],"fullName":"BE-CR005-COMPAT pinned 992-case backend corpus 'prior-workflow/offline/valid'","status":"passed","title":"'prior-workflow/offline/valid'","duration":0.18204100000002654,"failureMessages":[],"meta":{},"tags":[]},{"ancestorTitles":["BE-CR005-COMPAT pinned 992-case backend corpus"],"fullName":"BE-CR005-COMPAT pinned 992-case backend corpus 'prior-workflow/pass/valid'","status":"passed","title":"'prior-workflow/pass/valid'","duration":2.7986250000000155,"failureMessages":[],"meta":{},"tags":[]},{"ancestorTitles":["BE-CR005-COMPAT pinned 992-case backend corpus"],"fullName":"BE-CR005-COMPAT pinned 992-case backend corpus 'prior-workflow/return/default24'","status":"passed","title":"'prior-workflow/return/default24'","duration":0.13708400000001575,"failureMessages":[],"meta":{},"tags":[]},{"ancestorTitles":["BE-CR005-COMPAT pinned 992-case backend corpus"],"fullName":"BE-CR005-COMPAT pinned 992-case backend corpus 'prior-workflow/return/72'","status":"passed","title":"'prior-workflow/return/72'","duration":0.0827080000000251,"failureMessages":[],"meta":{},"tags":[]},{"ancestorTitles":["BE-CR005-COMPAT pinned 992-case backend corpus"],"fullName":"BE-CR005-COMPAT pinned 992-case backend corpus 'prior-workflow/invalid/confirmed'","status":"passed","title":"'prior-workflow/invalid/confirmed'","duration":0.07400000000001228,"failureMessages":[],"meta":{},"tags":[]},{"ancestorTitles":["BE-CR005-COMPAT pinned 992-case backend corpus"],"fullName":"BE-CR005-COMPAT pinned 992-case backend corpus 'prior-workflow/correct/valid'","status":"passed","title":"'prior-workflow/correct/valid'","duration":1.6201669999999808,"failureMessages":[],"meta":{},"tags":[]},{"ancestorTitles":["BE-CR005-COMPAT pinned 992-case backend corpus"],"fullName":"BE-CR005-COMPAT pinned 992-case backend corpus 'prior-workflow/correct/invalid'","status":"passed","title":"'prior-workflow/correct/invalid'","duration":0.1418329999999628,"failureMessages":[],"meta":{},"tags":[]},{"ancestorTitles":["BE-CR005-COMPAT pinned 992-case backend corpus"],"fullName":"BE-CR005-COMPAT pinned 992-case backend corpus 'prior-workflow/supplement/valid'","status":"passed","title":"'prior-workflow/supplement/valid'","duration":1.1105830000000196,"failureMessages":[],"meta":{},"tags":[]},{"ancestorTitles":["BE-CR005-COMPAT pinned 992-case backend corpus"],"fullName":"BE-CR005-COMPAT pinned 992-case backend corpus 'prior-workflow/completion/normal'","status":"passed","title":"'prior-workflow/completion/normal'","duration":0.5741659999999911,"failureMessages":[],"meta":{},"tags":[]},{"ancestorTitles":["BE-CR005-COMPAT pinned 992-case backend corpus"],"fullName":"BE-CR005-COMPAT pinned 992-case backend corpus 'prior-workflow/upload/renew'","status":"passed","title":"'prior-workflow/upload/renew'","duration":0.5272920000000454,"failureMessages":[],"meta":{},"tags":[]},{"ancestorTitles":["BE-CR005-COMPAT pinned 992-case backend corpus"],"fullName":"BE-CR005-COMPAT pinned 992-case backend corpus 'prior-workflow/material/first_locked'","status":"passed","title":"'prior-workflow/material/first_locked'","duration":2.948874999999987,"failureMessages":[],"meta":{},"tags":[]},{"ancestorTitles":["BE-CR005-COMPAT pinned 992-case backend corpus"],"fullName":"BE-CR005-COMPAT pinned 992-case backend corpus 'prior-workflow/material/supplement_re…'","status":"passed","title":"'prior-workflow/material/supplement_re…'","duration":0.11074999999999591,"failureMessages":[],"meta":{},"tags":[]},{"ancestorTitles":["BE-CR005-COMPAT pinned 992-case backend corpus"],"fullName":"BE-CR005-COMPAT pinned 992-case backend corpus 'prior-workflow/timer/active'","status":"passed","title":"'prior-workflow/timer/active'","duration":4.096291000000008,"failureMessages":[],"meta":{},"tags":[]},{"ancestorTitles":["BE-CR005-COMPAT pinned 992-case backend corpus"],"fullName":"BE-CR005-COMPAT pinned 992-case backend corpus 'prior-workflow/timer/paused'","status":"passed","title":"'prior-workflow/timer/paused'","duration":0.09358300000002373,"failureMessages":[],"meta":{},"tags":[]},{"ancestorTitles":["BE-CR005-COMPAT pinned 992-case backend corpus"],"fullName":"BE-CR005-COMPAT pinned 992-case backend corpus 'prior-workflow/timer/unavailable'","status":"passed","title":"'prior-workflow/timer/unavailable'","duration":0.11920800000001464,"failureMessages":[],"meta":{},"tags":[]},{"ancestorTitles":["BE-CR005-COMPAT pinned 992-case backend corpus"],"fullName":"BE-CR005-COMPAT pinned 992-case backend corpus 'prior-workflow/timer/accepted'","status":"passed","title":"'prior-workflow/timer/accepted'","duration":0.10637499999995725,"failureMessages":[],"meta":{},"tags":[]},{"ancestorTitles":["BE-CR005-COMPAT pinned 992-case backend corpus"],"fullName":"BE-CR005-COMPAT pinned 992-case backend corpus 'prior-workflow/sla/available'","status":"passed","title":"'prior-workflow/sla/available'","duration":4.7784580000000005,"failureMessages":[],"meta":{},"tags":[]},{"ancestorTitles":["BE-CR005-COMPAT pinned 992-case backend corpus"],"fullName":"BE-CR005-COMPAT pinned 992-case backend corpus 'prior-workflow/sla/paused'","status":"passed","title":"'prior-workflow/sla/paused'","duration":0.11708299999997962,"failureMessages":[],"meta":{},"tags":[]},{"ancestorTitles":["BE-CR005-COMPAT pinned 992-case backend corpus"],"fullName":"BE-CR005-COMPAT pinned 992-case backend corpus 'prior-workflow/sla/missing_calendar'","status":"passed","title":"'prior-workflow/sla/missing_calendar'","duration":0.12024999999999864,"failureMessages":[],"meta":{},"tags":[]},{"ancestorTitles":["BE-CR005-COMPAT pinned 992-case backend corpus"],"fullName":"BE-CR005-COMPAT pinned 992-case backend corpus 'prior-workflow/review/pending_material'","status":"passed","title":"'prior-workflow/review/pending_material'","duration":8.339916999999957,"failureMessages":[],"meta":{},"tags":[]},{"ancestorTitles":["BE-CR005-COMPAT pinned 992-case backend corpus"],"fullName":"BE-CR005-COMPAT pinned 992-case backend corpus 'prior-workflow/review/teacher_round1'","status":"passed","title":"'prior-workflow/review/teacher_round1'","duration":0.24533300000001645,"failureMessages":[],"meta":{},"tags":[]},{"ancestorTitles":["BE-CR005-COMPAT pinned 992-case backend corpus"],"fullName":"BE-CR005-COMPAT pinned 992-case backend corpus 'prior-workflow/review/await_supplement'","status":"passed","title":"'prior-workflow/review/await_supplement'","duration":0.2764169999999808,"failureMessages":[],"meta":{},"tags":[]},{"ancestorTitles":["BE-CR005-COMPAT pinned 992-case backend corpus"],"fullName":"BE-CR005-COMPAT pinned 992-case backend corpus 'prior-workflow/review/round2'","status":"passed","title":"'prior-workflow/review/round2'","duration":0.26575000000002547,"failureMessages":[],"meta":{},"tags":[]},{"ancestorTitles":["BE-CR005-COMPAT pinned 992-case backend corpus"],"fullName":"BE-CR005-COMPAT pinned 992-case backend corpus 'prior-workflow/review/valid'","status":"passed","title":"'prior-workflow/review/valid'","duration":0.20870800000000145,"failureMessages":[],"meta":{},"tags":[]},{"ancestorTitles":["BE-CR005-COMPAT pinned 992-case backend corpus"],"fullName":"BE-CR005-COMPAT pinned 992-case backend corpus 'prior-workflow/record/full_pending_re…'","status":"passed","title":"'prior-workflow/record/full_pending_re…'","duration":3.0093749999999773,"failureMessages":[],"meta":{},"tags":[]},{"ancestorTitles":["BE-CR005-COMPAT pinned 992-case backend corpus"],"fullName":"BE-CR005-COMPAT pinned 992-case backend corpus 'prior-workflow/receipt/first'","status":"passed","title":"'prior-workflow/receipt/first'","duration":1.6276249999999663,"failureMessages":[],"meta":{},"tags":[]},{"ancestorTitles":["BE-CR005-COMPAT pinned 992-case backend corpus"],"fullName":"BE-CR005-COMPAT pinned 992-case backend corpus 'prior-workflow/receipt/completion'","status":"passed","title":"'prior-workflow/receipt/completion'","duration":0.9875830000000292,"failureMessages":[],"meta":{},"tags":[]},{"ancestorTitles":["BE-CR005-COMPAT pinned 992-case backend corpus"],"fullName":"BE-CR005-COMPAT pinned 992-case backend corpus 'prior-workflow/receipt/supplement'","status":"passed","title":"'prior-workflow/receipt/supplement'","duration":1.1228340000000117,"failureMessages":[],"meta":{},"tags":[]},{"ancestorTitles":["BE-CR005-COMPAT pinned 992-case backend corpus"],"fullName":"BE-CR005-COMPAT pinned 992-case backend corpus 'prior-workflow/queue/teacher_only'","status":"passed","title":"'prior-workflow/queue/teacher_only'","duration":1.002999999999986,"failureMessages":[],"meta":{},"tags":[]},{"ancestorTitles":["BE-CR005-COMPAT pinned 992-case backend corpus"],"fullName":"BE-CR005-COMPAT pinned 992-case backend corpus 'prior-workflow/correction/original_re…'","status":"passed","title":"'prior-workflow/correction/original_re…'","duration":1.8700840000000198,"failureMessages":[],"meta":{},"tags":[]},{"ancestorTitles":["BE-CR005-COMPAT pinned 992-case backend corpus"],"fullName":"BE-CR005-COMPAT pinned 992-case backend corpus 'prior-workflow/event/return_not_inval…'","status":"passed","title":"'prior-workflow/event/return_not_inval…'","duration":5.284917000000007,"failureMessages":[],"meta":{},"tags":[]},{"ancestorTitles":["BE-CR005-COMPAT pinned 992-case backend corpus"],"fullName":"BE-CR005-COMPAT pinned 992-case backend corpus 'prior-workflow/event/expiry'","status":"passed","title":"'prior-workflow/event/expiry'","duration":0.22095899999999347,"failureMessages":[],"meta":{},"tags":[]},{"ancestorTitles":["BE-CR005-COMPAT pinned 992-case backend corpus"],"fullName":"BE-CR005-COMPAT pinned 992-case backend corpus 'prior-workflow/event/fault_correction'","status":"passed","title":"'prior-workflow/event/fault_correction'","duration":0.2511250000000018,"failureMessages":[],"meta":{},"tags":[]},{"ancestorTitles":["BE-CR005-COMPAT pinned 992-case backend corpus"],"fullName":"BE-CR005-COMPAT pinned 992-case backend corpus 'prior-workflow/notice/shared_reason'","status":"passed","title":"'prior-workflow/notice/shared_reason'","duration":0.922458000000006,"failureMessages":[],"meta":{},"tags":[]},{"ancestorTitles":["BE-CR005-COMPAT pinned 992-case backend corpus"],"fullName":"BE-CR005-COMPAT pinned 992-case backend corpus 'prior-workflow/reason/fixed_labels'","status":"passed","title":"'prior-workflow/reason/fixed_labels'","duration":2.8207910000000425,"failureMessages":[],"meta":{},"tags":[]},{"ancestorTitles":["BE-CR005-COMPAT pinned 992-case backend corpus"],"fullName":"BE-CR005-COMPAT pinned 992-case backend corpus 'prior-workflow/old_submit_shape'","status":"passed","title":"'prior-workflow/old_submit_shape'","duration":0.14091700000000174,"failureMessages":[],"meta":{},"tags":[]},{"ancestorTitles":["BE-CR005-COMPAT pinned 992-case backend corpus"],"fullName":"BE-CR005-COMPAT pinned 992-case backend corpus 'prior-workflow/old_free_text_review'","status":"passed","title":"'prior-workflow/old_free_text_review'","duration":0.08545800000001691,"failureMessages":[],"meta":{},"tags":[]},{"ancestorTitles":["BE-CR005-COMPAT pinned 992-case backend corpus"],"fullName":"BE-CR005-COMPAT pinned 992-case backend corpus 'prior-workflow/doubt_not_invalid'","status":"passed","title":"'prior-workflow/doubt_not_invalid'","duration":0.06600000000003092,"failureMessages":[],"meta":{},"tags":[]},{"ancestorTitles":["BE-CR005-COMPAT pinned 992-case backend corpus"],"fullName":"BE-CR005-COMPAT pinned 992-case backend corpus 'prior-workflow/confirmed_not_return'","status":"passed","title":"'prior-workflow/confirmed_not_return'","duration":0.05400000000003047,"failureMessages":[],"meta":{},"tags":[]},{"ancestorTitles":["BE-CR005-COMPAT pinned 992-case backend corpus"],"fullName":"BE-CR005-COMPAT pinned 992-case backend corpus 'prior-workflow/system_reason_not_teac…'","status":"passed","title":"'prior-workflow/system_reason_not_teac…'","duration":0.05212499999998954,"failureMessages":[],"meta":{},"tags":[]},{"ancestorTitles":["BE-CR005-COMPAT pinned 992-case backend corpus"],"fullName":"BE-CR005-COMPAT pinned 992-case backend corpus 'prior-workflow/second_return'","status":"passed","title":"'prior-workflow/second_return'","duration":0.05299999999999727,"failureMessages":[],"meta":{},"tags":[]},{"ancestorTitles":["BE-CR005-COMPAT pinned 992-case backend corpus"],"fullName":"BE-CR005-COMPAT pinned 992-case backend corpus 'prior-workflow/window48'","status":"passed","title":"'prior-workflow/window48'","duration":0.053832999999997355,"failureMessages":[],"meta":{},"tags":[]},{"ancestorTitles":["BE-CR005-COMPAT pinned 992-case backend corpus"],"fullName":"BE-CR005-COMPAT pinned 992-case backend corpus 'prior-workflow/hidden_note'","status":"passed","title":"'prior-workflow/hidden_note'","duration":0.05291699999997945,"failureMessages":[],"meta":{},"tags":[]},{"ancestorTitles":["BE-CR005-COMPAT pinned 992-case backend corpus"],"fullName":"BE-CR005-COMPAT pinned 992-case backend corpus 'prior-workflow/client_completion_time'","status":"passed","title":"'prior-workflow/client_completion_time'","duration":0.057542000000012195,"failureMessages":[],"meta":{},"tags":[]},{"ancestorTitles":["BE-CR005-COMPAT pinned 992-case backend corpus"],"fullName":"BE-CR005-COMPAT pinned 992-case backend corpus 'prior-workflow/third_material'","status":"passed","title":"'prior-workflow/third_material'","duration":0.14845800000000509,"failureMessages":[],"meta":{},"tags":[]},{"ancestorTitles":["BE-CR005-COMPAT pinned 992-case backend corpus"],"fullName":"BE-CR005-COMPAT pinned 992-case backend corpus 'prior-workflow/first_receipt_no_trans…'","status":"passed","title":"'prior-workflow/first_receipt_no_trans…'","duration":0.0906659999999988,"failureMessages":[],"meta":{},"tags":[]},{"ancestorTitles":["BE-CR005-COMPAT pinned 992-case backend corpus"],"fullName":"BE-CR005-COMPAT pinned 992-case backend corpus 'prior-workflow/offline_receipt_not_re…'","status":"passed","title":"'prior-workflow/offline_receipt_not_re…'","duration":0.10883400000000165,"failureMessages":[],"meta":{},"tags":[]},{"ancestorTitles":["BE-CR005-COMPAT pinned 992-case backend corpus"],"fullName":"BE-CR005-COMPAT pinned 992-case backend corpus 'prior-workflow/completion_receipt_par…'","status":"passed","title":"'prior-workflow/completion_receipt_par…'","duration":0.20625000000001137,"failureMessages":[],"meta":{},"tags":[]},{"ancestorTitles":["BE-CR005-COMPAT pinned 992-case backend corpus"],"fullName":"BE-CR005-COMPAT pinned 992-case backend corpus 'prior-workflow/supplement_receipt_not…'","status":"passed","title":"'prior-workflow/supplement_receipt_not…'","duration":0.12320799999997689,"failureMessages":[],"meta":{},"tags":[]},{"ancestorTitles":["BE-CR005-COMPAT pinned 992-case backend corpus"],"fullName":"BE-CR005-COMPAT pinned 992-case backend corpus 'prior-workflow/queue_contains_technic…'","status":"passed","title":"'prior-workflow/queue_contains_technic…'","duration":0.13516700000002402,"failureMessages":[],"meta":{},"tags":[]},{"ancestorTitles":["BE-CR005-COMPAT pinned 992-case backend corpus"],"fullName":"BE-CR005-COMPAT pinned 992-case backend corpus 'prior-workflow/supplement_extra_grace'","status":"passed","title":"'prior-workflow/supplement_extra_grace'","duration":0.06537499999996044,"failureMessages":[],"meta":{},"tags":[]},{"ancestorTitles":["BE-CR005-COMPAT pinned 992-case backend corpus"],"fullName":"BE-CR005-COMPAT pinned 992-case backend corpus 'prior-workflow/pending_looks_valid'","status":"passed","title":"'prior-workflow/pending_looks_valid'","duration":0.07066600000001699,"failureMessages":[],"meta":{},"tags":[]},{"ancestorTitles":["BE-CR005-COMPAT pinned 992-case backend corpus"],"fullName":"BE-CR005-COMPAT pinned 992-case backend corpus 'prior-workflow/pending_looks_invalid'","status":"passed","title":"'prior-workflow/pending_looks_invalid'","duration":0.05925000000002001,"failureMessages":[],"meta":{},"tags":[]},{"ancestorTitles":["BE-CR005-COMPAT pinned 992-case backend corpus"],"fullName":"BE-CR005-COMPAT pinned 992-case backend corpus 'prior-workflow/valid_missing_result'","status":"passed","title":"'prior-workflow/valid_missing_result'","duration":0.11070799999998826,"failureMessages":[],"meta":{},"tags":[]},{"ancestorTitles":["BE-CR005-COMPAT pinned 992-case backend corpus"],"fullName":"BE-CR005-COMPAT pinned 992-case backend corpus 'prior-workflow/material_ready_no_bytes'","status":"passed","title":"'prior-workflow/material_ready_no_bytes'","duration":0.06170800000001009,"failureMessages":[],"meta":{},"tags":[]},{"ancestorTitles":["BE-CR005-COMPAT pinned 992-case backend corpus"],"fullName":"BE-CR005-COMPAT pinned 992-case backend corpus 'prior-workflow/paused_guess_due'","status":"passed","title":"'prior-workflow/paused_guess_due'","duration":0.12870900000001484,"failureMessages":[],"meta":{},"tags":[]},{"ancestorTitles":["BE-CR005-COMPAT pinned 992-case backend corpus"],"fullName":"BE-CR005-COMPAT pinned 992-case backend corpus 'prior-workflow/unknown_guess_zero'","status":"passed","title":"'prior-workflow/unknown_guess_zero'","duration":0.09350000000000591,"failureMessages":[],"meta":{},"tags":[]},{"ancestorTitles":["BE-CR005-COMPAT pinned 992-case backend corpus"],"fullName":"BE-CR005-COMPAT pinned 992-case backend corpus 'prior-workflow/24h_over_budget'","status":"passed","title":"'prior-workflow/24h_over_budget'","duration":0.07366700000000037,"failureMessages":[],"meta":{},"tags":[]},{"ancestorTitles":["BE-CR005-COMPAT pinned 992-case backend corpus"],"fullName":"BE-CR005-COMPAT pinned 992-case backend corpus 'prior-workflow/sla48seconds'","status":"passed","title":"'prior-workflow/sla48seconds'","duration":0.0654999999999859,"failureMessages":[],"meta":{},"tags":[]},{"ancestorTitles":["BE-CR005-COMPAT pinned 992-case backend corpus"],"fullName":"BE-CR005-COMPAT pinned 992-case backend corpus 'prior-workflow/calendar_weekday_fallb…'","status":"passed","title":"'prior-workflow/calendar_weekday_fallb…'","duration":0.05741700000004357,"failureMessages":[],"meta":{},"tags":[]},{"ancestorTitles":["BE-CR005-COMPAT pinned 992-case backend corpus"],"fullName":"BE-CR005-COMPAT pinned 992-case backend corpus 'prior-workflow/pause_not_final_due'","status":"passed","title":"'prior-workflow/pause_not_final_due'","duration":0.060791999999992186,"failureMessages":[],"meta":{},"tags":[]},{"ancestorTitles":["BE-CR005-COMPAT pinned 992-case backend corpus"],"fullName":"BE-CR005-COMPAT pinned 992-case backend corpus 'prior-workflow/correction_new_opportu…'","status":"passed","title":"'prior-workflow/correction_new_opportu…'","duration":0.058417000000019925,"failureMessages":[],"meta":{},"tags":[]},{"ancestorTitles":["BE-CR005-COMPAT pinned 992-case backend corpus"],"fullName":"BE-CR005-COMPAT pinned 992-case backend corpus 'prior-workflow/correction_24_to_72'","status":"passed","title":"'prior-workflow/correction_24_to_72'","duration":0.053749999999979536,"failureMessages":[],"meta":{},"tags":[]},{"ancestorTitles":["BE-CR005-COMPAT pinned 992-case backend corpus"],"fullName":"BE-CR005-COMPAT pinned 992-case backend corpus 'prior-workflow/return_fabricates_inva…'","status":"passed","title":"'prior-workflow/return_fabricates_inva…'","duration":0.09916700000002265,"failureMessages":[],"meta":{},"tags":[]},{"ancestorTitles":["BE-CR005-COMPAT pinned 992-case backend corpus"],"fullName":"BE-CR005-COMPAT pinned 992-case backend corpus 'prior-workflow/reason_wrong_translati…'","status":"passed","title":"'prior-workflow/reason_wrong_translati…'","duration":0.05937499999998863,"failureMessages":[],"meta":{},"tags":[]},{"ancestorTitles":["BE-CR005-COMPAT pinned 992-case backend corpus"],"fullName":"BE-CR005-COMPAT pinned 992-case backend corpus 'prior-workflow/ordinary/valid/missing…'","status":"passed","title":"'prior-workflow/ordinary/valid/missing…'","duration":0.09095899999999801,"failureMessages":[],"meta":{},"tags":[]},{"ancestorTitles":["BE-CR005-COMPAT pinned 992-case backend corpus"],"fullName":"BE-CR005-COMPAT pinned 992-case backend corpus 'prior-workflow/ordinary/valid/missing…'","status":"passed","title":"'prior-workflow/ordinary/valid/missing…'","duration":0.09804100000002336,"failureMessages":[],"meta":{},"tags":[]},{"ancestorTitles":["BE-CR005-COMPAT pinned 992-case backend corpus"],"fullName":"BE-CR005-COMPAT pinned 992-case backend corpus 'prior-workflow/ordinary/valid/missing…'","status":"passed","title":"'prior-workflow/ordinary/valid/missing…'","duration":0.05779200000000628,"failureMessages":[],"meta":{},"tags":[]},{"ancestorTitles":["BE-CR005-COMPAT pinned 992-case backend corpus"],"fullName":"BE-CR005-COMPAT pinned 992-case backend corpus 'prior-workflow/ordinary/valid/missing…'","status":"passed","title":"'prior-workflow/ordinary/valid/missing…'","duration":0.058207999999979165,"failureMessages":[],"meta":{},"tags":[]},{"ancestorTitles":["BE-CR005-COMPAT pinned 992-case backend corpus"],"fullName":"BE-CR005-COMPAT pinned 992-case backend corpus 'prior-workflow/ordinary/valid/missing…'","status":"passed","title":"'prior-workflow/ordinary/valid/missing…'","duration":0.06395800000001373,"failureMessages":[],"meta":{},"tags":[]},{"ancestorTitles":["BE-CR005-COMPAT pinned 992-case backend corpus"],"fullName":"BE-CR005-COMPAT pinned 992-case backend corpus 'prior-workflow/ordinary/valid/extra'","status":"passed","title":"'prior-workflow/ordinary/valid/extra'","duration":0.07579199999997854,"failureMessages":[],"meta":{},"tags":[]},{"ancestorTitles":["BE-CR005-COMPAT pinned 992-case backend corpus"],"fullName":"BE-CR005-COMPAT pinned 992-case backend corpus 'prior-workflow/ordinary/valid/submiss…'","status":"passed","title":"'prior-workflow/ordinary/valid/submiss…'","duration":0.07129200000002811,"failureMessages":[],"meta":{},"tags":[]},{"ancestorTitles":["BE-CR005-COMPAT pinned 992-case backend corpus"],"fullName":"BE-CR005-COMPAT pinned 992-case backend corpus 'prior-workflow/ordinary/valid/submiss…'","status":"passed","title":"'prior-workflow/ordinary/valid/submiss…'","duration":0.07220900000004349,"failureMessages":[],"meta":{},"tags":[]},{"ancestorTitles":["BE-CR005-COMPAT pinned 992-case backend corpus"],"fullName":"BE-CR005-COMPAT pinned 992-case backend corpus 'prior-workflow/ordinary/valid/expecte…'","status":"passed","title":"'prior-workflow/ordinary/valid/expecte…'","duration":0.06891600000000153,"failureMessages":[],"meta":{},"tags":[]},{"ancestorTitles":["BE-CR005-COMPAT pinned 992-case backend corpus"],"fullName":"BE-CR005-COMPAT pinned 992-case backend corpus 'prior-workflow/ordinary/valid/expecte…'","status":"passed","title":"'prior-workflow/ordinary/valid/expecte…'","duration":0.0532500000000482,"failureMessages":[],"meta":{},"tags":[]},{"ancestorTitles":["BE-CR005-COMPAT pinned 992-case backend corpus"],"fullName":"BE-CR005-COMPAT pinned 992-case backend corpus 'prior-workflow/swimming/valid/missing…'","status":"passed","title":"'prior-workflow/swimming/valid/missing…'","duration":0.06324999999998226,"failureMessages":[],"meta":{},"tags":[]},{"ancestorTitles":["BE-CR005-COMPAT pinned 992-case backend corpus"],"fullName":"BE-CR005-COMPAT pinned 992-case backend corpus 'prior-workflow/swimming/valid/missing…'","status":"passed","title":"'prior-workflow/swimming/valid/missing…'","duration":0.06808300000000145,"failureMessages":[],"meta":{},"tags":[]},{"ancestorTitles":["BE-CR005-COMPAT pinned 992-case backend corpus"],"fullName":"BE-CR005-COMPAT pinned 992-case backend corpus 'prior-workflow/swimming/valid/missing…'","status":"passed","title":"'prior-workflow/swimming/valid/missing…'","duration":0.08208300000001145,"failureMessages":[],"meta":{},"tags":[]},{"ancestorTitles":["BE-CR005-COMPAT pinned 992-case backend corpus"],"fullName":"BE-CR005-COMPAT pinned 992-case backend corpus 'prior-workflow/swimming/valid/missing…'","status":"passed","title":"'prior-workflow/swimming/valid/missing…'","duration":0.047832999999968706,"failureMessages":[],"meta":{},"tags":[]},{"ancestorTitles":["BE-CR005-COMPAT pinned 992-case backend corpus"],"fullName":"BE-CR005-COMPAT pinned 992-case backend corpus 'prior-workflow/swimming/valid/missing…'","status":"passed","title":"'prior-workflow/swimming/valid/missing…'","duration":0.0695840000000203,"failureMessages":[],"meta":{},"tags":[]},{"ancestorTitles":["BE-CR005-COMPAT pinned 992-case backend corpus"],"fullName":"BE-CR005-COMPAT pinned 992-case backend corpus 'prior-workflow/swimming/valid/extra'","status":"passed","title":"'prior-workflow/swimming/valid/extra'","duration":0.09825000000000728,"failureMessages":[],"meta":{},"tags":[]},{"ancestorTitles":["BE-CR005-COMPAT pinned 992-case backend corpus"],"fullName":"BE-CR005-COMPAT pinned 992-case backend corpus 'prior-workflow/swimming/valid/submiss…'","status":"passed","title":"'prior-workflow/swimming/valid/submiss…'","duration":0.06112500000000409,"failureMessages":[],"meta":{},"tags":[]},{"ancestorTitles":["BE-CR005-COMPAT pinned 992-case backend corpus"],"fullName":"BE-CR005-COMPAT pinned 992-case backend corpus 'prior-workflow/swimming/valid/submiss…'","status":"passed","title":"'prior-workflow/swimming/valid/submiss…'","duration":0.060875000000010004,"failureMessages":[],"meta":{},"tags":[]},{"ancestorTitles":["BE-CR005-COMPAT pinned 992-case backend corpus"],"fullName":"BE-CR005-COMPAT pinned 992-case backend corpus 'prior-workflow/swimming/valid/expecte…'","status":"passed","title":"'prior-workflow/swimming/valid/expecte…'","duration":0.09041700000000219,"failureMessages":[],"meta":{},"tags":[]},{"ancestorTitles":["BE-CR005-COMPAT pinned 992-case backend corpus"],"fullName":"BE-CR005-COMPAT pinned 992-case backend corpus 'prior-workflow/swimming/valid/expecte…'","status":"passed","title":"'prior-workflow/swimming/valid/expecte…'","duration":0.07195899999999256,"failureMessages":[],"meta":{},"tags":[]},{"ancestorTitles":["BE-CR005-COMPAT pinned 992-case backend corpus"],"fullName":"BE-CR005-COMPAT pinned 992-case backend corpus 'prior-workflow/offline/valid/missing/…'","status":"passed","title":"'prior-workflow/offline/valid/missing/…'","duration":0.0644580000000019,"failureMessages":[],"meta":{},"tags":[]},{"ancestorTitles":["BE-CR005-COMPAT pinned 992-case backend corpus"],"fullName":"BE-CR005-COMPAT pinned 992-case backend corpus 'prior-workflow/offline/valid/missing/…'","status":"passed","title":"'prior-workflow/offline/valid/missing/…'","duration":0.10908299999999826,"failureMessages":[],"meta":{},"tags":[]},{"ancestorTitles":["BE-CR005-COMPAT pinned 992-case backend corpus"],"fullName":"BE-CR005-COMPAT pinned 992-case backend corpus 'prior-workflow/offline/valid/missing/…'","status":"passed","title":"'prior-workflow/offline/valid/missing/…'","duration":0.06437499999998408,"failureMessages":[],"meta":{},"tags":[]},{"ancestorTitles":["BE-CR005-COMPAT pinned 992-case backend corpus"],"fullName":"BE-CR005-COMPAT pinned 992-case backend corpus 'prior-workflow/offline/valid/missing/…'","status":"passed","title":"'prior-workflow/offline/valid/missing/…'","duration":0.04758300000003146,"failureMessages":[],"meta":{},"tags":[]},{"ancestorTitles":["BE-CR005-COMPAT pinned 992-case backend corpus"],"fullName":"BE-CR005-COMPAT pinned 992-case backend corpus 'prior-workflow/offline/valid/missing/…'","status":"passed","title":"'prior-workflow/offline/valid/missing/…'","duration":0.07008299999995415,"failureMessages":[],"meta":{},"tags":[]},{"ancestorTitles":["BE-CR005-COMPAT pinned 992-case backend corpus"],"fullName":"BE-CR005-COMPAT pinned 992-case backend corpus 'prior-workflow/offline/valid/missing/…'","status":"passed","title":"'prior-workflow/offline/valid/missing/…'","duration":0.06133399999998801,"failureMessages":[],"meta":{},"tags":[]},{"ancestorTitles":["BE-CR005-COMPAT pinned 992-case backend corpus"],"fullName":"BE-CR005-COMPAT pinned 992-case backend corpus 'prior-workflow/offline/valid/extra'","status":"passed","title":"'prior-workflow/offline/valid/extra'","duration":0.0665000000000191,"failureMessages":[],"meta":{},"tags":[]},{"ancestorTitles":["BE-CR005-COMPAT pinned 992-case backend corpus"],"fullName":"BE-CR005-COMPAT pinned 992-case backend corpus 'prior-workflow/offline/valid/submissi…'","status":"passed","title":"'prior-workflow/offline/valid/submissi…'","duration":0.06187499999998636,"failureMessages":[],"meta":{},"tags":[]},{"ancestorTitles":["BE-CR005-COMPAT pinned 992-case backend corpus"],"fullName":"BE-CR005-COMPAT pinned 992-case backend corpus 'prior-workflow/offline/valid/submissi…'","status":"passed","title":"'prior-workflow/offline/valid/submissi…'","duration":0.06120900000001939,"failureMessages":[],"meta":{},"tags":[]},{"ancestorTitles":["BE-CR005-COMPAT pinned 992-case backend corpus"],"fullName":"BE-CR005-COMPAT pinned 992-case backend corpus 'prior-workflow/offline/valid/expected…'","status":"passed","title":"'prior-workflow/offline/valid/expected…'","duration":0.09249999999997272,"failureMessages":[],"meta":{},"tags":[]},{"ancestorTitles":["BE-CR005-COMPAT pinned 992-case backend corpus"],"fullName":"BE-CR005-COMPAT pinned 992-case backend corpus 'prior-workflow/offline/valid/expected…'","status":"passed","title":"'prior-workflow/offline/valid/expected…'","duration":0.10824999999999818,"failureMessages":[],"meta":{},"tags":[]},{"ancestorTitles":["BE-CR005-COMPAT pinned 992-case backend corpus"],"fullName":"BE-CR005-COMPAT pinned 992-case backend corpus 'prior-workflow/pass/valid/missing/act…'","status":"passed","title":"'prior-workflow/pass/valid/missing/act…'","duration":0.07262500000001637,"failureMessages":[],"meta":{},"tags":[]},{"ancestorTitles":["BE-CR005-COMPAT pinned 992-case backend corpus"],"fullName":"BE-CR005-COMPAT pinned 992-case backend corpus 'prior-workflow/pass/valid/missing/exp…'","status":"passed","title":"'prior-workflow/pass/valid/missing/exp…'","duration":0.05179099999998016,"failureMessages":[],"meta":{},"tags":[]},{"ancestorTitles":["BE-CR005-COMPAT pinned 992-case backend corpus"],"fullName":"BE-CR005-COMPAT pinned 992-case backend corpus 'prior-workflow/pass/valid/missing/exp…'","status":"passed","title":"'prior-workflow/pass/valid/missing/exp…'","duration":0.046499999999980446,"failureMessages":[],"meta":{},"tags":[]},{"ancestorTitles":["BE-CR005-COMPAT pinned 992-case backend corpus"],"fullName":"BE-CR005-COMPAT pinned 992-case backend corpus 'prior-workflow/pass/valid/missing/mat…'","status":"passed","title":"'prior-workflow/pass/valid/missing/mat…'","duration":0.0449169999999981,"failureMessages":[],"meta":{},"tags":[]},{"ancestorTitles":["BE-CR005-COMPAT pinned 992-case backend corpus"],"fullName":"BE-CR005-COMPAT pinned 992-case backend corpus 'prior-workflow/pass/valid/missing/pub…'","status":"passed","title":"'prior-workflow/pass/valid/missing/pub…'","duration":0.0437909999999988,"failureMessages":[],"meta":{},"tags":[]},{"ancestorTitles":["BE-CR005-COMPAT pinned 992-case backend corpus"],"fullName":"BE-CR005-COMPAT pinned 992-case backend corpus 'prior-workflow/pass/valid/extra'","status":"passed","title":"'prior-workflow/pass/valid/extra'","duration":0.046875,"failureMessages":[],"meta":{},"tags":[]},{"ancestorTitles":["BE-CR005-COMPAT pinned 992-case backend corpus"],"fullName":"BE-CR005-COMPAT pinned 992-case backend corpus 'prior-workflow/pass/valid/action/None'","status":"passed","title":"'prior-workflow/pass/valid/action/None'","duration":0.0620829999999728,"failureMessages":[],"meta":{},"tags":[]},{"ancestorTitles":["BE-CR005-COMPAT pinned 992-case backend corpus"],"fullName":"BE-CR005-COMPAT pinned 992-case backend corpus 'prior-workflow/pass/valid/action/UNKN…'","status":"passed","title":"'prior-workflow/pass/valid/action/UNKN…'","duration":0.05520799999999326,"failureMessages":[],"meta":{},"tags":[]},{"ancestorTitles":["BE-CR005-COMPAT pinned 992-case backend corpus"],"fullName":"BE-CR005-COMPAT pinned 992-case backend corpus 'prior-workflow/pass/valid/expectedVer…'","status":"passed","title":"'prior-workflow/pass/valid/expectedVer…'","duration":0.04666599999995924,"failureMessages":[],"meta":{},"tags":[]},{"ancestorTitles":["BE-CR005-COMPAT pinned 992-case backend corpus"],"fullName":"BE-CR005-COMPAT pinned 992-case backend corpus 'prior-workflow/pass/valid/expectedVer…'","status":"passed","title":"'prior-workflow/pass/valid/expectedVer…'","duration":0.042291999999974905,"failureMessages":[],"meta":{},"tags":[]},{"ancestorTitles":["BE-CR005-COMPAT pinned 992-case backend corpus"],"fullName":"BE-CR005-COMPAT pinned 992-case backend corpus 'prior-workflow/return/default24/missi…'","status":"passed","title":"'prior-workflow/return/default24/missi…'","duration":0.045707999999990534,"failureMessages":[],"meta":{},"tags":[]},{"ancestorTitles":["BE-CR005-COMPAT pinned 992-case backend corpus"],"fullName":"BE-CR005-COMPAT pinned 992-case backend corpus 'prior-workflow/return/default24/missi…'","status":"passed","title":"'prior-workflow/return/default24/missi…'","duration":0.046749999999974534,"failureMessages":[],"meta":{},"tags":[]},{"ancestorTitles":["BE-CR005-COMPAT pinned 992-case backend corpus"],"fullName":"BE-CR005-COMPAT pinned 992-case backend corpus 'prior-workflow/return/default24/missi…'","status":"passed","title":"'prior-workflow/return/default24/missi…'","duration":0.04537499999997863,"failureMessages":[],"meta":{},"tags":[]},{"ancestorTitles":["BE-CR005-COMPAT pinned 992-case backend corpus"],"fullName":"BE-CR005-COMPAT pinned 992-case backend corpus 'prior-workflow/return/default24/missi…'","status":"passed","title":"'prior-workflow/return/default24/missi…'","duration":0.04470800000001418,"failureMessages":[],"meta":{},"tags":[]},{"ancestorTitles":["BE-CR005-COMPAT pinned 992-case backend corpus"],"fullName":"BE-CR005-COMPAT pinned 992-case backend corpus 'prior-workflow/return/default24/missi…'","status":"passed","title":"'prior-workflow/return/default24/missi…'","duration":0.04370800000003783,"failureMessages":[],"meta":{},"tags":[]},{"ancestorTitles":["BE-CR005-COMPAT pinned 992-case backend corpus"],"fullName":"BE-CR005-COMPAT pinned 992-case backend corpus 'prior-workflow/return/default24/missi…'","status":"passed","title":"'prior-workflow/return/default24/missi…'","duration":0.04312499999997499,"failureMessages":[],"meta":{},"tags":[]},{"ancestorTitles":["BE-CR005-COMPAT pinned 992-case backend corpus"],"fullName":"BE-CR005-COMPAT pinned 992-case backend corpus 'prior-workflow/return/default24/extra'","status":"passed","title":"'prior-workflow/return/default24/extra'","duration":0.07729199999999992,"failureMessages":[],"meta":{},"tags":[]},{"ancestorTitles":["BE-CR005-COMPAT pinned 992-case backend corpus"],"fullName":"BE-CR005-COMPAT pinned 992-case backend corpus 'prior-workflow/return/default24/actio…'","status":"passed","title":"'prior-workflow/return/default24/actio…'","duration":0.047541000000023814,"failureMessages":[],"meta":{},"tags":[]},{"ancestorTitles":["BE-CR005-COMPAT pinned 992-case backend corpus"],"fullName":"BE-CR005-COMPAT pinned 992-case backend corpus 'prior-workflow/return/default24/actio…'","status":"passed","title":"'prior-workflow/return/default24/actio…'","duration":0.06154100000003382,"failureMessages":[],"meta":{},"tags":[]},{"ancestorTitles":["BE-CR005-COMPAT pinned 992-case backend corpus"],"fullName":"BE-CR005-COMPAT pinned 992-case backend corpus 'prior-workflow/return/default24/expec…'","status":"passed","title":"'prior-workflow/return/default24/expec…'","duration":0.050499999999999545,"failureMessages":[],"meta":{},"tags":[]},{"ancestorTitles":["BE-CR005-COMPAT pinned 992-case backend corpus"],"fullName":"BE-CR005-COMPAT pinned 992-case backend corpus 'prior-workflow/return/default24/expec…'","status":"passed","title":"'prior-workflow/return/default24/expec…'","duration":0.04349999999999454,"failureMessages":[],"meta":{},"tags":[]},{"ancestorTitles":["BE-CR005-COMPAT pinned 992-case backend corpus"],"fullName":"BE-CR005-COMPAT pinned 992-case backend corpus 'prior-workflow/return/72/missing/acti…'","status":"passed","title":"'prior-workflow/return/72/missing/acti…'","duration":0.046666999999956715,"failureMessages":[],"meta":{},"tags":[]},{"ancestorTitles":["BE-CR005-COMPAT pinned 992-case backend corpus"],"fullName":"BE-CR005-COMPAT pinned 992-case backend corpus 'prior-workflow/return/72/missing/expe…'","status":"passed","title":"'prior-workflow/return/72/missing/expe…'","duration":0.047207999999955064,"failureMessages":[],"meta":{},"tags":[]},{"ancestorTitles":["BE-CR005-COMPAT pinned 992-case backend corpus"],"fullName":"BE-CR005-COMPAT pinned 992-case backend corpus 'prior-workflow/return/72/missing/expe…'","status":"passed","title":"'prior-workflow/return/72/missing/expe…'","duration":0.04579200000000583,"failureMessages":[],"meta":{},"tags":[]},{"ancestorTitles":["BE-CR005-COMPAT pinned 992-case backend corpus"],"fullName":"BE-CR005-COMPAT pinned 992-case backend corpus 'prior-workflow/return/72/missing/mate…'","status":"passed","title":"'prior-workflow/return/72/missing/mate…'","duration":0.04475000000002183,"failureMessages":[],"meta":{},"tags":[]},{"ancestorTitles":["BE-CR005-COMPAT pinned 992-case backend corpus"],"fullName":"BE-CR005-COMPAT pinned 992-case backend corpus 'prior-workflow/return/72/missing/publ…'","status":"passed","title":"'prior-workflow/return/72/missing/publ…'","duration":0.0453340000000253,"failureMessages":[],"meta":{},"tags":[]},{"ancestorTitles":["BE-CR005-COMPAT pinned 992-case backend corpus"],"fullName":"BE-CR005-COMPAT pinned 992-case backend corpus 'prior-workflow/return/72/missing/reas…'","status":"passed","title":"'prior-workflow/return/72/missing/reas…'","duration":0.046291999999994005,"failureMessages":[],"meta":{},"tags":[]},{"ancestorTitles":["BE-CR005-COMPAT pinned 992-case backend corpus"],"fullName":"BE-CR005-COMPAT pinned 992-case backend corpus 'prior-workflow/return/72/extra'","status":"passed","title":"'prior-workflow/return/72/extra'","duration":0.04795799999999417,"failureMessages":[],"meta":{},"tags":[]},{"ancestorTitles":["BE-CR005-COMPAT pinned 992-case backend corpus"],"fullName":"BE-CR005-COMPAT pinned 992-case backend corpus 'prior-workflow/return/72/action/None'","status":"passed","title":"'prior-workflow/return/72/action/None'","duration":0.04462499999999636,"failureMessages":[],"meta":{},"tags":[]},{"ancestorTitles":["BE-CR005-COMPAT pinned 992-case backend corpus"],"fullName":"BE-CR005-COMPAT pinned 992-case backend corpus 'prior-workflow/return/72/action/UNKNO…'","status":"passed","title":"'prior-workflow/return/72/action/UNKNO…'","duration":0.044125000000008185,"failureMessages":[],"meta":{},"tags":[]},{"ancestorTitles":["BE-CR005-COMPAT pinned 992-case backend corpus"],"fullName":"BE-CR005-COMPAT pinned 992-case backend corpus 'prior-workflow/return/72/expectedVers…'","status":"passed","title":"'prior-workflow/return/72/expectedVers…'","duration":0.044208000000026004,"failureMessages":[],"meta":{},"tags":[]},{"ancestorTitles":["BE-CR005-COMPAT pinned 992-case backend corpus"],"fullName":"BE-CR005-COMPAT pinned 992-case backend corpus 'prior-workflow/return/72/expectedVers…'","status":"passed","title":"'prior-workflow/return/72/expectedVers…'","duration":0.04550000000000409,"failureMessages":[],"meta":{},"tags":[]},{"ancestorTitles":["BE-CR005-COMPAT pinned 992-case backend corpus"],"fullName":"BE-CR005-COMPAT pinned 992-case backend corpus 'prior-workflow/invalid/confirmed/miss…'","status":"passed","title":"'prior-workflow/invalid/confirmed/miss…'","duration":0.04400000000003956,"failureMessages":[],"meta":{},"tags":[]},{"ancestorTitles":["BE-CR005-COMPAT pinned 992-case backend corpus"],"fullName":"BE-CR005-COMPAT pinned 992-case backend corpus 'prior-workflow/invalid/confirmed/miss…'","status":"passed","title":"'prior-workflow/invalid/confirmed/miss…'","duration":0.04308299999996734,"failureMessages":[],"meta":{},"tags":[]},{"ancestorTitles":["BE-CR005-COMPAT pinned 992-case backend corpus"],"fullName":"BE-CR005-COMPAT pinned 992-case backend corpus 'prior-workflow/invalid/confirmed/miss…'","status":"passed","title":"'prior-workflow/invalid/confirmed/miss…'","duration":0.04800000000000182,"failureMessages":[],"meta":{},"tags":[]},{"ancestorTitles":["BE-CR005-COMPAT pinned 992-case backend corpus"],"fullName":"BE-CR005-COMPAT pinned 992-case backend corpus 'prior-workflow/invalid/confirmed/miss…'","status":"passed","title":"'prior-workflow/invalid/confirmed/miss…'","duration":0.04349999999999454,"failureMessages":[],"meta":{},"tags":[]},{"ancestorTitles":["BE-CR005-COMPAT pinned 992-case backend corpus"],"fullName":"BE-CR005-COMPAT pinned 992-case backend corpus 'prior-workflow/invalid/confirmed/miss…'","status":"passed","title":"'prior-workflow/invalid/confirmed/miss…'","duration":0.04470799999995734,"failureMessages":[],"meta":{},"tags":[]},{"ancestorTitles":["BE-CR005-COMPAT pinned 992-case backend corpus"],"fullName":"BE-CR005-COMPAT pinned 992-case backend corpus 'prior-workflow/invalid/confirmed/miss…'","status":"passed","title":"'prior-workflow/invalid/confirmed/miss…'","duration":0.04237500000004957,"failureMessages":[],"meta":{},"tags":[]},{"ancestorTitles":["BE-CR005-COMPAT pinned 992-case backend corpus"],"fullName":"BE-CR005-COMPAT pinned 992-case backend corpus 'prior-workflow/invalid/confirmed/extra'","status":"passed","title":"'prior-workflow/invalid/confirmed/extra'","duration":0.04441700000000992,"failureMessages":[],"meta":{},"tags":[]},{"ancestorTitles":["BE-CR005-COMPAT pinned 992-case backend corpus"],"fullName":"BE-CR005-COMPAT pinned 992-case backend corpus 'prior-workflow/invalid/confirmed/acti…'","status":"passed","title":"'prior-workflow/invalid/confirmed/acti…'","duration":0.044790999999975156,"failureMessages":[],"meta":{},"tags":[]},{"ancestorTitles":["BE-CR005-COMPAT pinned 992-case backend corpus"],"fullName":"BE-CR005-COMPAT pinned 992-case backend corpus 'prior-workflow/invalid/confirmed/acti…'","status":"passed","title":"'prior-workflow/invalid/confirmed/acti…'","duration":0.05350000000004229,"failureMessages":[],"meta":{},"tags":[]},{"ancestorTitles":["BE-CR005-COMPAT pinned 992-case backend corpus"],"fullName":"BE-CR005-COMPAT pinned 992-case backend corpus 'prior-workflow/invalid/confirmed/expe…'","status":"passed","title":"'prior-workflow/invalid/confirmed/expe…'","duration":0.04595799999998462,"failureMessages":[],"meta":{},"tags":[]},{"ancestorTitles":["BE-CR005-COMPAT pinned 992-case backend corpus"],"fullName":"BE-CR005-COMPAT pinned 992-case backend corpus 'prior-workflow/invalid/confirmed/expe…'","status":"passed","title":"'prior-workflow/invalid/confirmed/expe…'","duration":0.05458400000003394,"failureMessages":[],"meta":{},"tags":[]},{"ancestorTitles":["BE-CR005-COMPAT pinned 992-case backend corpus"],"fullName":"BE-CR005-COMPAT pinned 992-case backend corpus 'prior-workflow/correct/valid/missing/…'","status":"passed","title":"'prior-workflow/correct/valid/missing/…'","duration":0.0584580000000301,"failureMessages":[],"meta":{},"tags":[]},{"ancestorTitles":["BE-CR005-COMPAT pinned 992-case backend corpus"],"fullName":"BE-CR005-COMPAT pinned 992-case backend corpus 'prior-workflow/correct/valid/missing/…'","status":"passed","title":"'prior-workflow/correct/valid/missing/…'","duration":0.052500000000009095,"failureMessages":[],"meta":{},"tags":[]},{"ancestorTitles":["BE-CR005-COMPAT pinned 992-case backend corpus"],"fullName":"BE-CR005-COMPAT pinned 992-case backend corpus 'prior-workflow/correct/valid/missing/…'","status":"passed","title":"'prior-workflow/correct/valid/missing/…'","duration":0.04758299999997462,"failureMessages":[],"meta":{},"tags":[]},{"ancestorTitles":["BE-CR005-COMPAT pinned 992-case backend corpus"],"fullName":"BE-CR005-COMPAT pinned 992-case backend corpus 'prior-workflow/correct/valid/missing/…'","status":"passed","title":"'prior-workflow/correct/valid/missing/…'","duration":0.04774999999995089,"failureMessages":[],"meta":{},"tags":[]},{"ancestorTitles":["BE-CR005-COMPAT pinned 992-case backend corpus"],"fullName":"BE-CR005-COMPAT pinned 992-case backend corpus 'prior-workflow/correct/valid/missing/…'","status":"passed","title":"'prior-workflow/correct/valid/missing/…'","duration":0.058334000000002106,"failureMessages":[],"meta":{},"tags":[]},{"ancestorTitles":["BE-CR005-COMPAT pinned 992-case backend corpus"],"fullName":"BE-CR005-COMPAT pinned 992-case backend corpus 'prior-workflow/correct/valid/missing/…'","status":"passed","title":"'prior-workflow/correct/valid/missing/…'","duration":0.09091699999999037,"failureMessages":[],"meta":{},"tags":[]},{"ancestorTitles":["BE-CR005-COMPAT pinned 992-case backend corpus"],"fullName":"BE-CR005-COMPAT pinned 992-case backend corpus 'prior-workflow/correct/valid/extra'","status":"passed","title":"'prior-workflow/correct/valid/extra'","duration":0.12650000000002137,"failureMessages":[],"meta":{},"tags":[]},{"ancestorTitles":["BE-CR005-COMPAT pinned 992-case backend corpus"],"fullName":"BE-CR005-COMPAT pinned 992-case backend corpus 'prior-workflow/correct/valid/result/N…'","status":"passed","title":"'prior-workflow/correct/valid/result/N…'","duration":0.058334000000002106,"failureMessages":[],"meta":{},"tags":[]},{"ancestorTitles":["BE-CR005-COMPAT pinned 992-case backend corpus"],"fullName":"BE-CR005-COMPAT pinned 992-case backend corpus 'prior-workflow/correct/valid/result/U…'","status":"passed","title":"'prior-workflow/correct/valid/result/U…'","duration":0.04445799999996325,"failureMessages":[],"meta":{},"tags":[]},{"ancestorTitles":["BE-CR005-COMPAT pinned 992-case backend corpus"],"fullName":"BE-CR005-COMPAT pinned 992-case backend corpus 'prior-workflow/correct/valid/expected…'","status":"passed","title":"'prior-workflow/correct/valid/expected…'","duration":0.05595800000003237,"failureMessages":[],"meta":{},"tags":[]},{"ancestorTitles":["BE-CR005-COMPAT pinned 992-case backend corpus"],"fullName":"BE-CR005-COMPAT pinned 992-case backend corpus 'prior-workflow/correct/valid/expected…'","status":"passed","title":"'prior-workflow/correct/valid/expected…'","duration":0.04529200000001765,"failureMessages":[],"meta":{},"tags":[]},{"ancestorTitles":["BE-CR005-COMPAT pinned 992-case backend corpus"],"fullName":"BE-CR005-COMPAT pinned 992-case backend corpus 'prior-workflow/correct/invalid/missin…'","status":"passed","title":"'prior-workflow/correct/invalid/missin…'","duration":0.04520800000000236,"failureMessages":[],"meta":{},"tags":[]},{"ancestorTitles":["BE-CR005-COMPAT pinned 992-case backend corpus"],"fullName":"BE-CR005-COMPAT pinned 992-case backend corpus 'prior-workflow/correct/invalid/missin…'","status":"passed","title":"'prior-workflow/correct/invalid/missin…'","duration":0.04445800000002009,"failureMessages":[],"meta":{},"tags":[]},{"ancestorTitles":["BE-CR005-COMPAT pinned 992-case backend corpus"],"fullName":"BE-CR005-COMPAT pinned 992-case backend corpus 'prior-workflow/correct/invalid/missin…'","status":"passed","title":"'prior-workflow/correct/invalid/missin…'","duration":0.045541999999954896,"failureMessages":[],"meta":{},"tags":[]},{"ancestorTitles":["BE-CR005-COMPAT pinned 992-case backend corpus"],"fullName":"BE-CR005-COMPAT pinned 992-case backend corpus 'prior-workflow/correct/invalid/missin…'","status":"passed","title":"'prior-workflow/correct/invalid/missin…'","duration":0.042832999999973254,"failureMessages":[],"meta":{},"tags":[]},{"ancestorTitles":["BE-CR005-COMPAT pinned 992-case backend corpus"],"fullName":"BE-CR005-COMPAT pinned 992-case backend corpus 'prior-workflow/correct/invalid/missin…'","status":"passed","title":"'prior-workflow/correct/invalid/missin…'","duration":0.0442920000000413,"failureMessages":[],"meta":{},"tags":[]},{"ancestorTitles":["BE-CR005-COMPAT pinned 992-case backend corpus"],"fullName":"BE-CR005-COMPAT pinned 992-case backend corpus 'prior-workflow/correct/invalid/missin…'","status":"passed","title":"'prior-workflow/correct/invalid/missin…'","duration":0.044666000000006534,"failureMessages":[],"meta":{},"tags":[]},{"ancestorTitles":["BE-CR005-COMPAT pinned 992-case backend corpus"],"fullName":"BE-CR005-COMPAT pinned 992-case backend corpus 'prior-workflow/correct/invalid/missin…'","status":"passed","title":"'prior-workflow/correct/invalid/missin…'","duration":0.04145899999997482,"failureMessages":[],"meta":{},"tags":[]},{"ancestorTitles":["BE-CR005-COMPAT pinned 992-case backend corpus"],"fullName":"BE-CR005-COMPAT pinned 992-case backend corpus 'prior-workflow/correct/invalid/extra'","status":"passed","title":"'prior-workflow/correct/invalid/extra'","duration":0.04679199999998218,"failureMessages":[],"meta":{},"tags":[]},{"ancestorTitles":["BE-CR005-COMPAT pinned 992-case backend corpus"],"fullName":"BE-CR005-COMPAT pinned 992-case backend corpus 'prior-workflow/correct/invalid/result…'","status":"passed","title":"'prior-workflow/correct/invalid/result…'","duration":0.041917000000012195,"failureMessages":[],"meta":{},"tags":[]},{"ancestorTitles":["BE-CR005-COMPAT pinned 992-case backend corpus"],"fullName":"BE-CR005-COMPAT pinned 992-case backend corpus 'prior-workflow/correct/invalid/result…'","status":"passed","title":"'prior-workflow/correct/invalid/result…'","duration":0.04245900000000802,"failureMessages":[],"meta":{},"tags":[]},{"ancestorTitles":["BE-CR005-COMPAT pinned 992-case backend corpus"],"fullName":"BE-CR005-COMPAT pinned 992-case backend corpus 'prior-workflow/correct/invalid/expect…'","status":"passed","title":"'prior-workflow/correct/invalid/expect…'","duration":0.04337500000002592,"failureMessages":[],"meta":{},"tags":[]},{"ancestorTitles":["BE-CR005-COMPAT pinned 992-case backend corpus"],"fullName":"BE-CR005-COMPAT pinned 992-case backend corpus 'prior-workflow/correct/invalid/expect…'","status":"passed","title":"'prior-workflow/correct/invalid/expect…'","duration":0.04250000000001819,"failureMessages":[],"meta":{},"tags":[]},{"ancestorTitles":["BE-CR005-COMPAT pinned 992-case backend corpus"],"fullName":"BE-CR005-COMPAT pinned 992-case backend corpus 'prior-workflow/supplement/valid/missi…'","status":"passed","title":"'prior-workflow/supplement/valid/missi…'","duration":0.06633299999998599,"failureMessages":[],"meta":{},"tags":[]},{"ancestorTitles":["BE-CR005-COMPAT pinned 992-case backend corpus"],"fullName":"BE-CR005-COMPAT pinned 992-case backend corpus 'prior-workflow/supplement/valid/missi…'","status":"passed","title":"'prior-workflow/supplement/valid/missi…'","duration":0.06987500000002456,"failureMessages":[],"meta":{},"tags":[]},{"ancestorTitles":["BE-CR005-COMPAT pinned 992-case backend corpus"],"fullName":"BE-CR005-COMPAT pinned 992-case backend corpus 'prior-workflow/supplement/valid/missi…'","status":"passed","title":"'prior-workflow/supplement/valid/missi…'","duration":0.07875000000001364,"failureMessages":[],"meta":{},"tags":[]},{"ancestorTitles":["BE-CR005-COMPAT pinned 992-case backend corpus"],"fullName":"BE-CR005-COMPAT pinned 992-case backend corpus 'prior-workflow/supplement/valid/missi…'","status":"passed","title":"'prior-workflow/supplement/valid/missi…'","duration":0.05766700000003766,"failureMessages":[],"meta":{},"tags":[]},{"ancestorTitles":["BE-CR005-COMPAT pinned 992-case backend corpus"],"fullName":"BE-CR005-COMPAT pinned 992-case backend corpus 'prior-workflow/supplement/valid/missi…'","status":"passed","title":"'prior-workflow/supplement/valid/missi…'","duration":0.051000000000044565,"failureMessages":[],"meta":{},"tags":[]},{"ancestorTitles":["BE-CR005-COMPAT pinned 992-case backend corpus"],"fullName":"BE-CR005-COMPAT pinned 992-case backend corpus 'prior-workflow/supplement/valid/missi…'","status":"passed","title":"'prior-workflow/supplement/valid/missi…'","duration":0.051333999999997104,"failureMessages":[],"meta":{},"tags":[]},{"ancestorTitles":["BE-CR005-COMPAT pinned 992-case backend corpus"],"fullName":"BE-CR005-COMPAT pinned 992-case backend corpus 'prior-workflow/supplement/valid/missi…'","status":"passed","title":"'prior-workflow/supplement/valid/missi…'","duration":0.05354099999999562,"failureMessages":[],"meta":{},"tags":[]},{"ancestorTitles":["BE-CR005-COMPAT pinned 992-case backend corpus"],"fullName":"BE-CR005-COMPAT pinned 992-case backend corpus 'prior-workflow/supplement/valid/missi…'","status":"passed","title":"'prior-workflow/supplement/valid/missi…'","duration":0.04499999999995907,"failureMessages":[],"meta":{},"tags":[]},{"ancestorTitles":["BE-CR005-COMPAT pinned 992-case backend corpus"],"fullName":"BE-CR005-COMPAT pinned 992-case backend corpus 'prior-workflow/supplement/valid/extra'","status":"passed","title":"'prior-workflow/supplement/valid/extra'","duration":0.04970800000000963,"failureMessages":[],"meta":{},"tags":[]},{"ancestorTitles":["BE-CR005-COMPAT pinned 992-case backend corpus"],"fullName":"BE-CR005-COMPAT pinned 992-case backend corpus 'prior-workflow/supplement/valid/expec…'","status":"passed","title":"'prior-workflow/supplement/valid/expec…'","duration":0.047541999999964446,"failureMessages":[],"meta":{},"tags":[]},{"ancestorTitles":["BE-CR005-COMPAT pinned 992-case backend corpus"],"fullName":"BE-CR005-COMPAT pinned 992-case backend corpus 'prior-workflow/supplement/valid/expec…'","status":"passed","title":"'prior-workflow/supplement/valid/expec…'","duration":0.04408300000000054,"failureMessages":[],"meta":{},"tags":[]},{"ancestorTitles":["BE-CR005-COMPAT pinned 992-case backend corpus"],"fullName":"BE-CR005-COMPAT pinned 992-case backend corpus 'prior-workflow/supplement/valid/expec…'","status":"passed","title":"'prior-workflow/supplement/valid/expec…'","duration":0.0449169999999981,"failureMessages":[],"meta":{},"tags":[]},{"ancestorTitles":["BE-CR005-COMPAT pinned 992-case backend corpus"],"fullName":"BE-CR005-COMPAT pinned 992-case backend corpus 'prior-workflow/supplement/valid/expec…'","status":"passed","title":"'prior-workflow/supplement/valid/expec…'","duration":0.043624999999963165,"failureMessages":[],"meta":{},"tags":[]},{"ancestorTitles":["BE-CR005-COMPAT pinned 992-case backend corpus"],"fullName":"BE-CR005-COMPAT pinned 992-case backend corpus 'prior-workflow/completion/normal/miss…'","status":"passed","title":"'prior-workflow/completion/normal/miss…'","duration":0.06095799999997098,"failureMessages":[],"meta":{},"tags":[]},{"ancestorTitles":["BE-CR005-COMPAT pinned 992-case backend corpus"],"fullName":"BE-CR005-COMPAT pinned 992-case backend corpus 'prior-workflow/completion/normal/miss…'","status":"passed","title":"'prior-workflow/completion/normal/miss…'","duration":0.05129199999998946,"failureMessages":[],"meta":{},"tags":[]},{"ancestorTitles":["BE-CR005-COMPAT pinned 992-case backend corpus"],"fullName":"BE-CR005-COMPAT pinned 992-case backend corpus 'prior-workflow/completion/normal/miss…'","status":"passed","title":"'prior-workflow/completion/normal/miss…'","duration":0.05454199999996945,"failureMessages":[],"meta":{},"tags":[]},{"ancestorTitles":["BE-CR005-COMPAT pinned 992-case backend corpus"],"fullName":"BE-CR005-COMPAT pinned 992-case backend corpus 'prior-workflow/completion/normal/extra'","status":"passed","title":"'prior-workflow/completion/normal/extra'","duration":0.05291699999997945,"failureMessages":[],"meta":{},"tags":[]},{"ancestorTitles":["BE-CR005-COMPAT pinned 992-case backend corpus"],"fullName":"BE-CR005-COMPAT pinned 992-case backend corpus 'prior-workflow/upload/renew/missing/m…'","status":"passed","title":"'prior-workflow/upload/renew/missing/m…'","duration":0.04954099999997652,"failureMessages":[],"meta":{},"tags":[]},{"ancestorTitles":["BE-CR005-COMPAT pinned 992-case backend corpus"],"fullName":"BE-CR005-COMPAT pinned 992-case backend corpus 'prior-workflow/upload/renew/missing/b…'","status":"passed","title":"'prior-workflow/upload/renew/missing/b…'","duration":0.049624999999991815,"failureMessages":[],"meta":{},"tags":[]},{"ancestorTitles":["BE-CR005-COMPAT pinned 992-case backend corpus"],"fullName":"BE-CR005-COMPAT pinned 992-case backend corpus 'prior-workflow/upload/renew/missing/e…'","status":"passed","title":"'prior-workflow/upload/renew/missing/e…'","duration":0.04508299999997689,"failureMessages":[],"meta":{},"tags":[]},{"ancestorTitles":["BE-CR005-COMPAT pinned 992-case backend corpus"],"fullName":"BE-CR005-COMPAT pinned 992-case backend corpus 'prior-workflow/upload/renew/extra'","status":"passed","title":"'prior-workflow/upload/renew/extra'","duration":0.04695800000001782,"failureMessages":[],"meta":{},"tags":[]},{"ancestorTitles":["BE-CR005-COMPAT pinned 992-case backend corpus"],"fullName":"BE-CR005-COMPAT pinned 992-case backend corpus 'prior-workflow/record/full_pending_re…'","status":"passed","title":"'prior-workflow/record/full_pending_re…'","duration":0.13837499999999636,"failureMessages":[],"meta":{},"tags":[]},{"ancestorTitles":["BE-CR005-COMPAT pinned 992-case backend corpus"],"fullName":"BE-CR005-COMPAT pinned 992-case backend corpus 'prior-workflow/record/full_pending_re…'","status":"passed","title":"'prior-workflow/record/full_pending_re…'","duration":0.09224999999997863,"failureMessages":[],"meta":{},"tags":[]},{"ancestorTitles":["BE-CR005-COMPAT pinned 992-case backend corpus"],"fullName":"BE-CR005-COMPAT pinned 992-case backend corpus 'prior-workflow/record/full_pending_re…'","status":"passed","title":"'prior-workflow/record/full_pending_re…'","duration":0.09604100000001381,"failureMessages":[],"meta":{},"tags":[]},{"ancestorTitles":["BE-CR005-COMPAT pinned 992-case backend corpus"],"fullName":"BE-CR005-COMPAT pinned 992-case backend corpus 'prior-workflow/record/full_pending_re…'","status":"passed","title":"'prior-workflow/record/full_pending_re…'","duration":0.09566699999999173,"failureMessages":[],"meta":{},"tags":[]},{"ancestorTitles":["BE-CR005-COMPAT pinned 992-case backend corpus"],"fullName":"BE-CR005-COMPAT pinned 992-case backend corpus 'prior-workflow/record/full_pending_re…'","status":"passed","title":"'prior-workflow/record/full_pending_re…'","duration":0.08262500000000728,"failureMessages":[],"meta":{},"tags":[]},{"ancestorTitles":["BE-CR005-COMPAT pinned 992-case backend corpus"],"fullName":"BE-CR005-COMPAT pinned 992-case backend corpus 'prior-workflow/record/full_pending_re…'","status":"passed","title":"'prior-workflow/record/full_pending_re…'","duration":0.08583400000003394,"failureMessages":[],"meta":{},"tags":[]},{"ancestorTitles":["BE-CR005-COMPAT pinned 992-case backend corpus"],"fullName":"BE-CR005-COMPAT pinned 992-case backend corpus 'prior-workflow/record/full_pending_re…'","status":"passed","title":"'prior-workflow/record/full_pending_re…'","duration":0.08520800000002282,"failureMessages":[],"meta":{},"tags":[]},{"ancestorTitles":["BE-CR005-COMPAT pinned 992-case backend corpus"],"fullName":"BE-CR005-COMPAT pinned 992-case backend corpus 'prior-workflow/record/full_pending_re…'","status":"passed","title":"'prior-workflow/record/full_pending_re…'","duration":0.10879200000005085,"failureMessages":[],"meta":{},"tags":[]},{"ancestorTitles":["BE-CR005-COMPAT pinned 992-case backend corpus"],"fullName":"BE-CR005-COMPAT pinned 992-case backend corpus 'prior-workflow/record/full_pending_re…'","status":"passed","title":"'prior-workflow/record/full_pending_re…'","duration":0.08841699999999264,"failureMessages":[],"meta":{},"tags":[]},{"ancestorTitles":["BE-CR005-COMPAT pinned 992-case backend corpus"],"fullName":"BE-CR005-COMPAT pinned 992-case backend corpus 'prior-workflow/record/full_pending_re…'","status":"passed","title":"'prior-workflow/record/full_pending_re…'","duration":0.08354100000002518,"failureMessages":[],"meta":{},"tags":[]},{"ancestorTitles":["BE-CR005-COMPAT pinned 992-case backend corpus"],"fullName":"BE-CR005-COMPAT pinned 992-case backend corpus 'prior-workflow/record/full_pending_re…'","status":"passed","title":"'prior-workflow/record/full_pending_re…'","duration":0.08995800000002419,"failureMessages":[],"meta":{},"tags":[]},{"ancestorTitles":["BE-CR005-COMPAT pinned 992-case backend corpus"],"fullName":"BE-CR005-COMPAT pinned 992-case backend corpus 'prior-workflow/record/full_pending_re…'","status":"passed","title":"'prior-workflow/record/full_pending_re…'","duration":0.12208299999997507,"failureMessages":[],"meta":{},"tags":[]},{"ancestorTitles":["BE-CR005-COMPAT pinned 992-case backend corpus"],"fullName":"BE-CR005-COMPAT pinned 992-case backend corpus 'prior-workflow/record/full_pending_re…'","status":"passed","title":"'prior-workflow/record/full_pending_re…'","duration":0.12554199999999582,"failureMessages":[],"meta":{},"tags":[]},{"ancestorTitles":["BE-CR005-COMPAT pinned 992-case backend corpus"],"fullName":"BE-CR005-COMPAT pinned 992-case backend corpus 'prior-workflow/record/full_pending_re…'","status":"passed","title":"'prior-workflow/record/full_pending_re…'","duration":0.08570900000000847,"failureMessages":[],"meta":{},"tags":[]},{"ancestorTitles":["BE-CR005-COMPAT pinned 992-case backend corpus"],"fullName":"BE-CR005-COMPAT pinned 992-case backend corpus 'prior-workflow/record/full_pending_re…'","status":"passed","title":"'prior-workflow/record/full_pending_re…'","duration":0.08383299999997007,"failureMessages":[],"meta":{},"tags":[]},{"ancestorTitles":["BE-CR005-COMPAT pinned 992-case backend corpus"],"fullName":"BE-CR005-COMPAT pinned 992-case backend corpus 'prior-workflow/receipt/first/missing/…'","status":"passed","title":"'prior-workflow/receipt/first/missing/…'","duration":0.07312500000000455,"failureMessages":[],"meta":{},"tags":[]},{"ancestorTitles":["BE-CR005-COMPAT pinned 992-case backend corpus"],"fullName":"BE-CR005-COMPAT pinned 992-case backend corpus 'prior-workflow/receipt/first/missing/…'","status":"passed","
[...]
ureMessages":[],"meta":{},"tags":[]},{"ancestorTitles":["BE-CR005-COMPAT pinned 992-case backend corpus"],"fullName":"BE-CR005-COMPAT pinned 992-case backend corpus 'checks/privacy/StudentDashboard/final…'","status":"passed","title":"'checks/privacy/StudentDashboard/final…'","duration":0.04762500000003911,"failureMessages":[],"meta":{},"tags":[]},{"ancestorTitles":["BE-CR005-COMPAT pinned 992-case backend corpus"],"fullName":"BE-CR005-COMPAT pinned 992-case backend corpus 'checks/privacy/StudentDashboard/final…'","status":"passed","title":"'checks/privacy/StudentDashboard/final…'","duration":0.047750000000064574,"failureMessages":[],"meta":{},"tags":[]},{"ancestorTitles":["BE-CR005-COMPAT pinned 992-case backend corpus"],"fullName":"BE-CR005-COMPAT pinned 992-case backend corpus 'checks/privacy/StudentDashboard/remar…'","status":"passed","title":"'checks/privacy/StudentDashboard/remar…'","duration":0.049250000000029104,"failureMessages":[],"meta":{},"tags":[]},{"ancestorTitles":["BE-CR005-COMPAT pinned 992-case backend corpus"],"fullName":"BE-CR005-COMPAT pinned 992-case backend corpus 'checks/privacy/StudentDashboard/remar…'","status":"passed","title":"'checks/privacy/StudentDashboard/remar…'","duration":0.04741599999999835,"failureMessages":[],"meta":{},"tags":[]},{"ancestorTitles":["BE-CR005-COMPAT pinned 992-case backend corpus"],"fullName":"BE-CR005-COMPAT pinned 992-case backend corpus 'checks/privacy/StudentDashboard/remar…'","status":"passed","title":"'checks/privacy/StudentDashboard/remar…'","duration":0.05262500000003456,"failureMessages":[],"meta":{},"tags":[]},{"ancestorTitles":["BE-CR005-COMPAT pinned 992-case backend corpus"],"fullName":"BE-CR005-COMPAT pinned 992-case backend corpus 'checks/privacy/dashboard/nested'","status":"passed","title":"'checks/privacy/dashboard/nested'","duration":0.07950000000005275,"failureMessages":[],"meta":{},"tags":[]},{"ancestorTitles":["BE-CR005-COMPAT pinned 992-case backend corpus"],"fullName":"BE-CR005-COMPAT pinned 992-case backend corpus 'checks/privacy/notification/grade_rou…'","status":"passed","title":"'checks/privacy/notification/grade_rou…'","duration":0.047041999999919426,"failureMessages":[],"meta":{},"tags":[]},{"ancestorTitles":["BE-CR005-COMPAT pinned 992-case backend corpus"],"fullName":"BE-CR005-COMPAT pinned 992-case backend corpus 'checks/grade/new_forbidden/remark/None'","status":"passed","title":"'checks/grade/new_forbidden/remark/None'","duration":0.04020900000000438,"failureMessages":[],"meta":{},"tags":[]},{"ancestorTitles":["BE-CR005-COMPAT pinned 992-case backend corpus"],"fullName":"BE-CR005-COMPAT pinned 992-case backend corpus 'checks/grade/new_forbidden/remark/'","status":"passed","title":"'checks/grade/new_forbidden/remark/'","duration":0.0428749999999809,"failureMessages":[],"meta":{},"tags":[]},{"ancestorTitles":["BE-CR005-COMPAT pinned 992-case backend corpus"],"fullName":"BE-CR005-COMPAT pinned 992-case backend corpus 'checks/grade/new_forbidden/remark/历史备注'","status":"passed","title":"'checks/grade/new_forbidden/remark/历史备注'","duration":0.05604199999993398,"failureMessages":[],"meta":{},"tags":[]},{"ancestorTitles":["BE-CR005-COMPAT pinned 992-case backend corpus"],"fullName":"BE-CR005-COMPAT pinned 992-case backend corpus 'checks/grade/new_forbidden/note/None'","status":"passed","title":"'checks/grade/new_forbidden/note/None'","duration":0.035458000000062384,"failureMessages":[],"meta":{},"tags":[]},{"ancestorTitles":["BE-CR005-COMPAT pinned 992-case backend corpus"],"fullName":"BE-CR005-COMPAT pinned 992-case backend corpus 'checks/grade/new_forbidden/note/'","status":"passed","title":"'checks/grade/new_forbidden/note/'","duration":0.0352500000000191,"failureMessages":[],"meta":{},"tags":[]},{"ancestorTitles":["BE-CR005-COMPAT pinned 992-case backend corpus"],"fullName":"BE-CR005-COMPAT pinned 992-case backend corpus 'checks/grade/new_forbidden/note/历史备注'","status":"passed","title":"'checks/grade/new_forbidden/note/历史备注'","duration":0.03274999999996453,"failureMessages":[],"meta":{},"tags":[]},{"ancestorTitles":["BE-CR005-COMPAT pinned 992-case backend corpus"],"fullName":"BE-CR005-COMPAT pinned 992-case backend corpus 'checks/grade/new_forbidden/comment/No…'","status":"passed","title":"'checks/grade/new_forbidden/comment/No…'","duration":0.03266600000006292,"failureMessages":[],"meta":{},"tags":[]},{"ancestorTitles":["BE-CR005-COMPAT pinned 992-case backend corpus"],"fullName":"BE-CR005-COMPAT pinned 992-case backend corpus 'checks/grade/new_forbidden/comment/'","status":"passed","title":"'checks/grade/new_forbidden/comment/'","duration":0.044875000000047294,"failureMessages":[],"meta":{},"tags":[]},{"ancestorTitles":["BE-CR005-COMPAT pinned 992-case backend corpus"],"fullName":"BE-CR005-COMPAT pinned 992-case backend corpus 'checks/grade/new_forbidden/comment/历史…'","status":"passed","title":"'checks/grade/new_forbidden/comment/历史…'","duration":0.034917000000064036,"failureMessages":[],"meta":{},"tags":[]},{"ancestorTitles":["BE-CR005-COMPAT pinned 992-case backend corpus"],"fullName":"BE-CR005-COMPAT pinned 992-case backend corpus 'checks/grade/signed/-1000'","status":"passed","title":"'checks/grade/signed/-1000'","duration":0.03441699999996217,"failureMessages":[],"meta":{},"tags":[]},{"ancestorTitles":["BE-CR005-COMPAT pinned 992-case backend corpus"],"fullName":"BE-CR005-COMPAT pinned 992-case backend corpus 'checks/grade/signed/0'","status":"passed","title":"'checks/grade/signed/0'","duration":0.030958999999938897,"failureMessages":[],"meta":{},"tags":[]},{"ancestorTitles":["BE-CR005-COMPAT pinned 992-case backend corpus"],"fullName":"BE-CR005-COMPAT pinned 992-case backend corpus 'checks/grade/signed/101'","status":"passed","title":"'checks/grade/signed/101'","duration":0.029957999999965068,"failureMessages":[],"meta":{},"tags":[]},{"ancestorTitles":["BE-CR005-COMPAT pinned 992-case backend corpus"],"fullName":"BE-CR005-COMPAT pinned 992-case backend corpus 'checks/grade/signed/2147483647'","status":"passed","title":"'checks/grade/signed/2147483647'","duration":0.029666999999903965,"failureMessages":[],"meta":{},"tags":[]},{"ancestorTitles":["BE-CR005-COMPAT pinned 992-case backend corpus"],"fullName":"BE-CR005-COMPAT pinned 992-case backend corpus 'checks/grade/signed/-2147483648'","status":"passed","title":"'checks/grade/signed/-2147483648'","duration":0.02945799999997689,"failureMessages":[],"meta":{},"tags":[]},{"ancestorTitles":["BE-CR005-COMPAT pinned 992-case backend corpus"],"fullName":"BE-CR005-COMPAT pinned 992-case backend corpus 'checks/history/remark'","status":"passed","title":"'checks/history/remark'","duration":0.05266699999992852,"failureMessages":[],"meta":{},"tags":[]},{"ancestorTitles":["BE-CR005-COMPAT pinned 992-case backend corpus"],"fullName":"BE-CR005-COMPAT pinned 992-case backend corpus 'checks/history/grade_not_expanded'","status":"passed","title":"'checks/history/grade_not_expanded'","duration":0.04579200000000583,"failureMessages":[],"meta":{},"tags":[]},{"ancestorTitles":["BE-CR005-COMPAT pinned 992-case backend corpus"],"fullName":"BE-CR005-COMPAT pinned 992-case backend corpus 'checks/service/ROSTER_OCR'","status":"passed","title":"'checks/service/ROSTER_OCR'","duration":0.05820799999992232,"failureMessages":[],"meta":{},"tags":[]},{"ancestorTitles":["BE-CR005-COMPAT pinned 992-case backend corpus"],"fullName":"BE-CR005-COMPAT pinned 992-case backend corpus 'checks/service/ocr_no_auto/ROSTER_OCR'","status":"passed","title":"'checks/service/ocr_no_auto/ROSTER_OCR'","duration":0.04475000000002183,"failureMessages":[],"meta":{},"tags":[]},{"ancestorTitles":["BE-CR005-COMPAT pinned 992-case backend corpus"],"fullName":"BE-CR005-COMPAT pinned 992-case backend corpus 'checks/service/ENDURANCE_OCR'","status":"passed","title":"'checks/service/ENDURANCE_OCR'","duration":0.04704200000003311,"failureMessages":[],"meta":{},"tags":[]},{"ancestorTitles":["BE-CR005-COMPAT pinned 992-case backend corpus"],"fullName":"BE-CR005-COMPAT pinned 992-case backend corpus 'checks/service/ocr_no_auto/ENDURANCE_…'","status":"passed","title":"'checks/service/ocr_no_auto/ENDURANCE_…'","duration":0.04087499999991451,"failureMessages":[],"meta":{},"tags":[]},{"ancestorTitles":["BE-CR005-COMPAT pinned 992-case backend corpus"],"fullName":"BE-CR005-COMPAT pinned 992-case backend corpus 'checks/service/vlm_needs_evidence'","status":"passed","title":"'checks/service/vlm_needs_evidence'","duration":0.039041999999994914,"failureMessages":[],"meta":{},"tags":[]},{"ancestorTitles":["BE-CR005-COMPAT pinned 992-case backend corpus"],"fullName":"BE-CR005-COMPAT pinned 992-case backend corpus 'checks/service/vlm_evidence_reference'","status":"passed","title":"'checks/service/vlm_evidence_reference'","duration":0.048417000000085864,"failureMessages":[],"meta":{},"tags":[]},{"ancestorTitles":["BE-CR005-COMPAT pinned 992-case backend corpus"],"fullName":"BE-CR005-COMPAT pinned 992-case backend corpus 'checks/service/no_leak/TechnicalServi…'","status":"passed","title":"'checks/service/no_leak/TechnicalServi…'","duration":0.04395799999997507,"failureMessages":[],"meta":{},"tags":[]},{"ancestorTitles":["BE-CR005-COMPAT pinned 992-case backend corpus"],"fullName":"BE-CR005-COMPAT pinned 992-case backend corpus 'checks/service/no_leak/TechnicalServi…'","status":"passed","title":"'checks/service/no_leak/TechnicalServi…'","duration":0.044709000000011656,"failureMessages":[],"meta":{},"tags":[]},{"ancestorTitles":["BE-CR005-COMPAT pinned 992-case backend corpus"],"fullName":"BE-CR005-COMPAT pinned 992-case backend corpus 'checks/service/no_leak/TechnicalServi…'","status":"passed","title":"'checks/service/no_leak/TechnicalServi…'","duration":0.048792000000048574,"failureMessages":[],"meta":{},"tags":[]},{"ancestorTitles":["BE-CR005-COMPAT pinned 992-case backend corpus"],"fullName":"BE-CR005-COMPAT pinned 992-case backend corpus 'checks/service/no_leak/TechnicalServi…'","status":"passed","title":"'checks/service/no_leak/TechnicalServi…'","duration":0.05000000000006821,"failureMessages":[],"meta":{},"tags":[]},{"ancestorTitles":["BE-CR005-COMPAT pinned 992-case backend corpus"],"fullName":"BE-CR005-COMPAT pinned 992-case backend corpus 'checks/service/no_leak/TechnicalServi…'","status":"passed","title":"'checks/service/no_leak/TechnicalServi…'","duration":0.05079200000000128,"failureMessages":[],"meta":{},"tags":[]},{"ancestorTitles":["BE-CR005-COMPAT pinned 992-case backend corpus"],"fullName":"BE-CR005-COMPAT pinned 992-case backend corpus 'checks/service/no_leak/TechnicalServi…'","status":"passed","title":"'checks/service/no_leak/TechnicalServi…'","duration":0.063083000000006,"failureMessages":[],"meta":{},"tags":[]},{"ancestorTitles":["BE-CR005-COMPAT pinned 992-case backend corpus"],"fullName":"BE-CR005-COMPAT pinned 992-case backend corpus 'checks/service/no_leak/TechnicalServi…'","status":"passed","title":"'checks/service/no_leak/TechnicalServi…'","duration":0.0688750000000482,"failureMessages":[],"meta":{},"tags":[]},{"ancestorTitles":["BE-CR005-COMPAT pinned 992-case backend corpus"],"fullName":"BE-CR005-COMPAT pinned 992-case backend corpus 'checks/service/no_leak/TechnicalServi…'","status":"passed","title":"'checks/service/no_leak/TechnicalServi…'","duration":0.05558300000006966,"failureMessages":[],"meta":{},"tags":[]},{"ancestorTitles":["BE-CR005-COMPAT pinned 992-case backend corpus"],"fullName":"BE-CR005-COMPAT pinned 992-case backend corpus 'checks/service/no_leak/TechnicalServi…'","status":"passed","title":"'checks/service/no_leak/TechnicalServi…'","duration":0.04691600000001017,"failureMessages":[],"meta":{},"tags":[]},{"ancestorTitles":["BE-CR005-COMPAT pinned 992-case backend corpus"],"fullName":"BE-CR005-COMPAT pinned 992-case backend corpus 'checks/service/no_leak/TechnicalServi…'","status":"passed","title":"'checks/service/no_leak/TechnicalServi…'","duration":0.04658300000005511,"failureMessages":[],"meta":{},"tags":[]},{"ancestorTitles":["BE-CR005-COMPAT pinned 992-case backend corpus"],"fullName":"BE-CR005-COMPAT pinned 992-case backend corpus 'checks/service/no_leak/TechnicalServi…'","status":"passed","title":"'checks/service/no_leak/TechnicalServi…'","duration":0.07345799999995961,"failureMessages":[],"meta":{},"tags":[]},{"ancestorTitles":["BE-CR005-COMPAT pinned 992-case backend corpus"],"fullName":"BE-CR005-COMPAT pinned 992-case backend corpus 'checks/service/no_leak/TechnicalServi…'","status":"passed","title":"'checks/service/no_leak/TechnicalServi…'","duration":0.059082999999986896,"failureMessages":[],"meta":{},"tags":[]},{"ancestorTitles":["BE-CR005-COMPAT pinned 992-case backend corpus"],"fullName":"BE-CR005-COMPAT pinned 992-case backend corpus 'checks/service/no_leak/TechnicalServi…'","status":"passed","title":"'checks/service/no_leak/TechnicalServi…'","duration":0.08199999999999363,"failureMessages":[],"meta":{},"tags":[]},{"ancestorTitles":["BE-CR005-COMPAT pinned 992-case backend corpus"],"fullName":"BE-CR005-COMPAT pinned 992-case backend corpus 'checks/service/no_leak/TechnicalServi…'","status":"passed","title":"'checks/service/no_leak/TechnicalServi…'","duration":0.05720799999994597,"failureMessages":[],"meta":{},"tags":[]},{"ancestorTitles":["BE-CR005-COMPAT pinned 992-case backend corpus"],"fullName":"BE-CR005-COMPAT pinned 992-case backend corpus 'checks/service/no_leak/TechnicalServi…'","status":"passed","title":"'checks/service/no_leak/TechnicalServi…'","duration":0.05737500000009277,"failureMessages":[],"meta":{},"tags":[]},{"ancestorTitles":["BE-CR005-COMPAT pinned 992-case backend corpus"],"fullName":"BE-CR005-COMPAT pinned 992-case backend corpus 'checks/service/missing_not_zero'","status":"passed","title":"'checks/service/missing_not_zero'","duration":0.06641700000000128,"failureMessages":[],"meta":{},"tags":[]},{"ancestorTitles":["BE-CR005-COMPAT pinned 992-case backend corpus"],"fullName":"BE-CR005-COMPAT pinned 992-case backend corpus 'checks/service/available'","status":"passed","title":"'checks/service/available'","duration":0.10541699999998855,"failureMessages":[],"meta":{},"tags":[]},{"ancestorTitles":["BE-CR005-COMPAT pinned 992-case backend corpus"],"fullName":"BE-CR005-COMPAT pinned 992-case backend corpus 'checks/service/failed_probe_not_healt…'","status":"passed","title":"'checks/service/failed_probe_not_healt…'","duration":0.06337500000006457,"failureMessages":[],"meta":{},"tags":[]},{"ancestorTitles":["BE-CR005-COMPAT pinned 992-case backend corpus"],"fullName":"BE-CR005-COMPAT pinned 992-case backend corpus 'checks/service/course_scope'","status":"passed","title":"'checks/service/course_scope'","duration":0.04224999999996726,"failureMessages":[],"meta":{},"tags":[]},{"ancestorTitles":["BE-CR005-COMPAT pinned 992-case backend corpus"],"fullName":"BE-CR005-COMPAT pinned 992-case backend corpus 'checks/service/course_scope_missing'","status":"passed","title":"'checks/service/course_scope_missing'","duration":0.04504199999996672,"failureMessages":[],"meta":{},"tags":[]},{"ancestorTitles":["BE-CR005-COMPAT pinned 992-case backend corpus"],"fullName":"BE-CR005-COMPAT pinned 992-case backend corpus 'checks/manual/closed'","status":"passed","title":"'checks/manual/closed'","duration":0.08108400000003257,"failureMessages":[],"meta":{},"tags":[]},{"ancestorTitles":["BE-CR005-COMPAT pinned 992-case backend corpus"],"fullName":"BE-CR005-COMPAT pinned 992-case backend corpus 'checks/manual/false_close'","status":"passed","title":"'checks/manual/false_close'","duration":0.061166999999954896,"failureMessages":[],"meta":{},"tags":[]},{"ancestorTitles":["BE-CR005-COMPAT pinned 992-case backend corpus"],"fullName":"BE-CR005-COMPAT pinned 992-case backend corpus 'checks/projection/unavailable_not_zero'","status":"passed","title":"'checks/projection/unavailable_not_zero'","duration":0.06587500000000546,"failureMessages":[],"meta":{},"tags":[]},{"ancestorTitles":["BE-CR005-COMPAT pinned 992-case backend corpus"],"fullName":"BE-CR005-COMPAT pinned 992-case backend corpus 'checks/projection/current_full_sources'","status":"passed","title":"'checks/projection/current_full_sources'","duration":0.20670799999993505,"failureMessages":[],"meta":{},"tags":[]},{"ancestorTitles":["BE-CR005-COMPAT pinned 992-case backend corpus"],"fullName":"BE-CR005-COMPAT pinned 992-case backend corpus 'checks/projection/missing_owner'","status":"passed","title":"'checks/projection/missing_owner'","duration":0.07866700000010951,"failureMessages":[],"meta":{},"tags":[]},{"ancestorTitles":["BE-CR005-COMPAT pinned 992-case backend corpus"],"fullName":"BE-CR005-COMPAT pinned 992-case backend corpus 'checks/projection/duplicate_owner'","status":"passed","title":"'checks/projection/duplicate_owner'","duration":0.07325000000003001,"failureMessages":[],"meta":{},"tags":[]},{"ancestorTitles":["BE-CR005-COMPAT pinned 992-case backend corpus"],"fullName":"BE-CR005-COMPAT pinned 992-case backend corpus 'checks/export/ready'","status":"passed","title":"'checks/export/ready'","duration":0.05150000000003274,"failureMessages":[],"meta":{},"tags":[]},{"ancestorTitles":["BE-CR005-COMPAT pinned 992-case backend corpus"],"fullName":"BE-CR005-COMPAT pinned 992-case backend corpus 'checks/export/no_file_not_ready'","status":"passed","title":"'checks/export/no_file_not_ready'","duration":0.050749999999993634,"failureMessages":[],"meta":{},"tags":[]},{"ancestorTitles":[],"fullName":"exact corpus and original union denominators","status":"passed","title":"exact corpus and original union denominators","duration":0.6126669999999876,"failureMessages":[],"meta":{},"tags":[]},{"ancestorTitles":[],"fullName":"CertificationKind API/Application/Domain SCHOOL_TEAM","status":"passed","title":"CertificationKind API/Application/Domain SCHOOL_TEAM","duration":0.27187500000002274,"failureMessages":[],"meta":{},"tags":[]},{"ancestorTitles":[],"fullName":"CertificationKind API/Application/Domain STUDENT_CLUB","status":"passed","title":"CertificationKind API/Application/Domain STUDENT_CLUB","duration":0.017042000000060398,"failureMessages":[],"meta":{},"tags":[]},{"ancestorTitles":[],"fullName":"invalid CertificationKind rejected: null","status":"passed","title":"invalid CertificationKind rejected: null","duration":0.07258300000000872,"failureMessages":[],"meta":{},"tags":[]},{"ancestorTitles":[],"fullName":"invalid CertificationKind rejected: undefined","status":"passed","title":"invalid CertificationKind rejected: undefined","duration":0.04129199999999855,"failureMessages":[],"meta":{},"tags":[]},{"ancestorTitles":[],"fullName":"invalid CertificationKind rejected: \"school_team\"","status":"passed","title":"invalid CertificationKind rejected: \"school_team\"","duration":0.04891700000007404,"failureMessages":[],"meta":{},"tags":[]},{"ancestorTitles":[],"fullName":"invalid CertificationKind rejected: \"UNKNOWN\"","status":"passed","title":"invalid CertificationKind rejected: \"UNKNOWN\"","duration":0.0348749999999427,"failureMessages":[],"meta":{},"tags":[]},{"ancestorTitles":[],"fullName":"invalid CertificationKind rejected: 1","status":"passed","title":"invalid CertificationKind rejected: 1","duration":0.03504099999997834,"failureMessages":[],"meta":{},"tags":[]},{"ancestorTitles":[],"fullName":"invalid CertificationKind rejected: true","status":"passed","title":"invalid CertificationKind rejected: true","duration":0.035000000000081855,"failureMessages":[],"meta":{},"tags":[]},{"ancestorTitles":[],"fullName":"invalid CertificationKind rejected: {}","status":"passed","title":"invalid CertificationKind rejected: {}","duration":0.0352500000000191,"failureMessages":[],"meta":{},"tags":[]},{"ancestorTitles":[],"fullName":"internal unknown variants fail closed independently","status":"passed","title":"internal unknown variants fail closed independently","duration":0.03308299999991959,"failureMessages":[],"meta":{},"tags":[]}],"startTime":1788942295410,"endTime":1788942295662.0725,"status":"passed","message":"","name":"/workspace/tests/contract/compatibility.test.ts"}]}