<?xml version="1.0" encoding="UTF-8"?>
<testsuite name="Phase6ContractSchemaTest" tests="3" skipped="0" failures="0" errors="0" timestamp="2026-09-08T10:48:30.886Z" hostname="LAPTOP-PPHQAT6R" time="0.631">
  <properties/>
  <testcase name="supplementalSchemaBoundaries" classname="Phase6ContractSchemaTest" time="0.143"/>
  <testcase name="outboundConstructedDtosAreValidated" classname="Phase6ContractSchemaTest" time="0.074"/>
  <testcase name="allPublishedFixtures" classname="Phase6ContractSchemaTest" time="0.414"/>
  <system-out><![CDATA[Generated Kotlin + strict JVM schema boundary: 164/164; roundtrips=127
Generated Kotlin + strict JVM schema boundary: 992/992; roundtrips=159
]]></system-out>
  <system-err><![CDATA[]]></system-err>
</testsuite>
