<?xml version="1.0" encoding="UTF-8"?>
<testsuite name="Phase6MockBoundaryTest" tests="27" skipped="0" failures="0" errors="0" timestamp="2026-09-08T10:48:26.116Z" hostname="LAPTOP-PPHQAT6R" time="2.195">
  <properties/>
  <testcase name="concatenatedJsonRejected" classname="Phase6MockBoundaryTest" time="0.457"/>
  <testcase name="alreadyReadyMaterialCannotResume" classname="Phase6MockBoundaryTest" time="0.098"/>
  <testcase name="forbiddenStudentGradeRejected" classname="Phase6MockBoundaryTest" time="0.078"/>
  <testcase name="receiptManifestMismatchRejected" classname="Phase6MockBoundaryTest" time="0.077"/>
  <testcase name="generatedSupplementPost201WaitsForServerReceipt" classname="Phase6MockBoundaryTest" time="0.085"/>
  <testcase name="freshNormalIsRequiredToRecoverFromMaintenance" classname="Phase6MockBoundaryTest" time="0.064"/>
  <testcase name="nonUtf8Rejected" classname="Phase6MockBoundaryTest" time="0.065"/>
  <testcase name="unexpected204IsNotEmpty" classname="Phase6MockBoundaryTest" time="0.056"/>
  <testcase name="transportFailureCannotBecomeMaintenanceOrEmpty" classname="Phase6MockBoundaryTest" time="0.06"/>
  <testcase name="technicalStageWithoutCaseIdentityRejected" classname="Phase6MockBoundaryTest" time="0.06"/>
  <testcase name="redirectIsNotFollowed" classname="Phase6MockBoundaryTest" time="0.062"/>
  <testcase name="htmlSuccessIsNotEmpty" classname="Phase6MockBoundaryTest" time="0.059"/>
  <testcase name="staleResponseCannotOverwriteNewScreenAndLoadingIsObservable" classname="Phase6MockBoundaryTest" time="0.103"/>
  <testcase name="supplement409RequiresRefreshAndNeverAutoResubmits" classname="Phase6MockBoundaryTest" time="0.068"/>
  <testcase name="notificationDisclosureIsNotRendered" classname="Phase6MockBoundaryTest" time="0.062"/>
  <testcase name="failedReleaseRefreshKeepsForcedUpgradeVisible" classname="Phase6MockBoundaryTest" time="0.082"/>
  <testcase name="lockedResumeNeedsFreshMatchingCurrentMaterial" classname="Phase6MockBoundaryTest" time="0.067"/>
  <testcase name="malformedJsonIsInvalidResponseNotTransport" classname="Phase6MockBoundaryTest" time="0.059"/>
  <testcase name="missingRequiredNullableRejected" classname="Phase6MockBoundaryTest" time="0.06"/>
  <testcase name="unknownEnumRejected" classname="Phase6MockBoundaryTest" time="0.062"/>
  <testcase name="duplicateJsonMembersRejected" classname="Phase6MockBoundaryTest" time="0.057"/>
  <testcase name="invalidationDisablesPreviouslyAvailableWrite" classname="Phase6MockBoundaryTest" time="0.062"/>
  <testcase name="literalLoopbackOnly" classname="Phase6MockBoundaryTest" time="0.045"/>
  <testcase name="staleSupplementCommandDoesNotSendPost" classname="Phase6MockBoundaryTest" time="0.065"/>
  <testcase name="cachedReceiptCannotTriggerAnyResumeRead" classname="Phase6MockBoundaryTest" time="0.056"/>
  <testcase name="exactTransferDeadlineCannotResume" classname="Phase6MockBoundaryTest" time="0.068"/>
  <testcase name="invalidConstructedRequestNeverLeavesDeviceAndBecomesPageError" classname="Phase6MockBoundaryTest" time="0.057"/>
  <system-out><![CDATA[]]></system-out>
  <system-err><![CDATA[]]></system-err>
</testsuite>
